[07:13:02] [Client/WARN] (sql.cafeempty.net) : Host '1.47.217.140' is not allowed to connect to this MariaDB server
[07:13:02] [Client/WARN] (sql.cafeempty.net) : Host '1.47.217.140' is not allowed to connect to this MariaDB server
[07:13:29] [Client/WARN] (sql.cafeempty.net) : Host '1.47.217.140' is not allowed to connect to this MariaDB server
[07:13:29] [Client/WARN] (sql.cafeempty.net) : Host '1.47.217.140' is not allowed to connect to this MariaDB server
[07:14:49] [Client/WARN] (sql.cafeempty.net) : Host '1.47.217.140' is not allowed to connect to this MariaDB server
[07:14:49] [Client/WARN] (sql.cafeempty.net) : Host '1.47.217.140' is not allowed to connect to this MariaDB server
[07:28:15] [Client/WARN] (sql.cafeempty.net) : Host '1.47.217.140' is not allowed to connect to this MariaDB server
[07:28:15] [Client/WARN] (sql.cafeempty.net) : Host '1.47.217.140' is not allowed to connect to this MariaDB server
[07:31:07] [Client/WARN] (sql.cafeempty.net) : Host '1.47.217.140' is not allowed to connect to this MariaDB server
[07:31:07] [Client/WARN] (sql.cafeempty.net) : Host '1.47.217.140' is not allowed to connect to this MariaDB server
[07:33:30] [Client/WARN] (45.154.24.13) : Authentication to host '45.154.24.13' for user 'root' using method 'mysql_native_password' failed with message: Access denied for user 'root'@'1.47.217.140' (using password: YES)
[07:33:30] [Client/WARN] (45.154.24.13) : Authentication to host '45.154.24.13' for user 'root' using method 'mysql_native_password' failed with message: Access denied for user 'root'@'1.47.217.140' (using password: YES)
[07:34:14] [Client/WARN] (45.154.24.13) : Authentication to host '45.154.24.13' for user 'root' using method 'mysql_native_password' failed with message: Access denied for user 'root'@'1.47.217.140' (using password: YES)
[07:34:14] [Client/WARN] (45.154.24.13) : Authentication to host '45.154.24.13' for user 'root' using method 'mysql_native_password' failed with message: Access denied for user 'root'@'1.47.217.140' (using password: YES)
[07:36:37] [Client/INFO] (sql.cafeempty.net) : Connected
[07:36:37] [Client/INFO] (sql.cafeempty.net) : Connected
[07:36:37] [Client/INFO] (sql.cafeempty.net) : Disconnected
[07:36:38] [Client/INFO] (sql.cafeempty.net) : Disconnected
[07:36:45] [Client/INFO] (sql.cafeempty.net) : Connected
[07:36:45] [Client/INFO] (sql.cafeempty.net) : Connected
[07:36:45] [Client/INFO] (sql.cafeempty.net) : Disconnected
[07:36:45] [Client/INFO] (sql.cafeempty.net) : Disconnected
[07:40:11] [Client/INFO] (sql.cafeempty.net) : Connected
[07:40:11] [Client/INFO] (sql.cafeempty.net) : Connected
[07:40:11] [Client/INFO] (sql.cafeempty.net) : Disconnected
[07:40:11] [Client/INFO] (sql.cafeempty.net) : Disconnected
[07:41:41] [Client/INFO] (sql.cafeempty.net) : Connected
[07:41:41] [Client/INFO] (sql.cafeempty.net) : Connected
[07:41:41] [Client/INFO] (sql.cafeempty.net) : Disconnected
[07:41:41] [Client/INFO] (sql.cafeempty.net) : Disconnected
[07:43:33] [Client/INFO] (sql.cafeempty.net) : Connected
[07:43:33] [Client/INFO] (sql.cafeempty.net) : Connected
[07:43:33] [Client/INFO] (sql.cafeempty.net) : Disconnected
[07:43:33] [Client/INFO] (sql.cafeempty.net) : Disconnected
[07:43:34] [Client/INFO] (sql.cafeempty.net) : Connected
[07:43:34] [Client/INFO] (sql.cafeempty.net) : Disconnected
[07:43:42] [Client/INFO] (sql.cafeempty.net) : Connected
[07:43:45] [Client/INFO] (sql.cafeempty.net) : Connected
[07:43:47] [Client/INFO] (sql.cafeempty.net) : Connected
[07:43:47] [Client/INFO] (sql.cafeempty.net) : Disconnected
[07:43:47] [Client/INFO] (sql.cafeempty.net) : Disconnected
[08:01:57] [Client/INFO] (sql.cafeempty.net) : Connected
[08:01:57] [Client/INFO] (sql.cafeempty.net) : Connected
[08:01:57] [Client/INFO] (sql.cafeempty.net) : Disconnected
[08:01:57] [Client/INFO] (sql.cafeempty.net) : Disconnected
[08:01:58] [Client/INFO] (sql.cafeempty.net) : Connected
[08:01:58] [Client/INFO] (sql.cafeempty.net) : Disconnected
[08:01:58] [Client/INFO] (sql.cafeempty.net) : Connected
[08:01:58] [Client/INFO] (sql.cafeempty.net) : Disconnected
[08:01:59] [Client/INFO] (sql.cafeempty.net) : Connected
[08:01:59] [Client/INFO] (sql.cafeempty.net) : Disconnected
[08:01:59] [Client/INFO] (sql.cafeempty.net) : Connected
[08:02:00] [Client/INFO] (sql.cafeempty.net) : Disconnected
[08:02:00] [Client/INFO] (sql.cafeempty.net) : Connected
[08:02:00] [Client/INFO] (sql.cafeempty.net) : Connected
[08:02:00] [Client/INFO] (sql.cafeempty.net) : Disconnected
[08:02:00] [Client/INFO] (sql.cafeempty.net) : Connected
[08:02:00] [Client/INFO] (sql.cafeempty.net) : Disconnected
[08:02:00] [Client/INFO] (sql.cafeempty.net) : Disconnected
[08:02:00] [Client/INFO] (sql.cafeempty.net) : Connected
[08:02:01] [Client/INFO] (sql.cafeempty.net) : Disconnected
[08:02:01] [Client/INFO] (sql.cafeempty.net) : Connected
[08:02:01] [Client/INFO] (sql.cafeempty.net) : Disconnected
[08:02:01] [Client/INFO] (sql.cafeempty.net) : Connected
[08:02:01] [Client/INFO] (sql.cafeempty.net) : Connected
[08:02:01] [Client/INFO] (sql.cafeempty.net) : Disconnected
[08:02:01] [Client/INFO] (sql.cafeempty.net) : Disconnected
[08:02:15] [Client/INFO] (sql.cafeempty.net) : Connected
[08:02:15] [Client/INFO] (sql.cafeempty.net) : Connected
[08:02:15] [Client/INFO] (sql.cafeempty.net) : Disconnected
[08:02:15] [Client/INFO] (sql.cafeempty.net) : Disconnected
[08:04:21] [Client/INFO] (sql.cafeempty.net) : Connected
[08:04:21] [Client/INFO] (sql.cafeempty.net) : Disconnected
[08:04:22] [Client/INFO] (sql.cafeempty.net) : Connected
[08:04:22] [Client/INFO] (sql.cafeempty.net) : Disconnected
[08:04:22] [Client/INFO] (sql.cafeempty.net) : Connected
[08:04:22] [Client/INFO] (sql.cafeempty.net) : Disconnected
[08:04:22] [Client/INFO] (sql.cafeempty.net) : Connected
[08:04:22] [Client/INFO] (sql.cafeempty.net) : Disconnected
[08:04:23] [Client/INFO] (sql.cafeempty.net) : Connected
[08:04:23] [Client/INFO] (sql.cafeempty.net) : Connected
[08:04:23] [Client/INFO] (sql.cafeempty.net) : Disconnected
[08:04:23] [Client/INFO] (sql.cafeempty.net) : Disconnected
[08:04:23] [Client/INFO] (sql.cafeempty.net) : Connected
[08:04:23] [Client/INFO] (sql.cafeempty.net) : Connected
[08:04:23] [Client/INFO] (sql.cafeempty.net) : Disconnected
[08:04:23] [Client/INFO] (sql.cafeempty.net) : Disconnected
[08:04:24] [Client/INFO] (sql.cafeempty.net) : Connected
[08:04:24] [Client/INFO] (sql.cafeempty.net) : Disconnected
[08:04:24] [Client/INFO] (sql.cafeempty.net) : Connected
[08:04:24] [Client/INFO] (sql.cafeempty.net) : Connected
[08:04:24] [Client/INFO] (sql.cafeempty.net) : Disconnected
[08:04:24] [Client/INFO] (sql.cafeempty.net) : Disconnected
[08:04:25] [Client/INFO] (sql.cafeempty.net) : Connected
[08:04:25] [Client/INFO] (sql.cafeempty.net) : Disconnected
[08:04:25] [Client/INFO] (sql.cafeempty.net) : Connected
[08:04:25] [Client/INFO] (sql.cafeempty.net) : Connected
[08:04:25] [Client/INFO] (sql.cafeempty.net) : Disconnected
[08:04:26] [Client/INFO] (sql.cafeempty.net) : Disconnected
[08:04:26] [Client/INFO] (sql.cafeempty.net) : Connected
[08:04:26] [Client/INFO] (sql.cafeempty.net) : Disconnected
[08:04:26] [Client/INFO] (sql.cafeempty.net) : Connected
[08:04:26] [Client/INFO] (sql.cafeempty.net) : Disconnected
[08:04:27] [Client/INFO] (sql.cafeempty.net) : Connected
[08:04:27] [Client/INFO] (sql.cafeempty.net) : Connected
[08:04:27] [Client/INFO] (sql.cafeempty.net) : Disconnected
[08:04:27] [Client/INFO] (sql.cafeempty.net) : Disconnected
[08:04:27] [Client/INFO] (sql.cafeempty.net) : Connected
[08:04:27] [Client/INFO] (sql.cafeempty.net) : Disconnected
[08:04:27] [Client/INFO] (sql.cafeempty.net) : Connected
[08:04:27] [Client/INFO] (sql.cafeempty.net) : Disconnected
[08:04:28] [Client/INFO] (sql.cafeempty.net) : Connected
[08:04:28] [Client/INFO] (sql.cafeempty.net) : Connected
[08:04:28] [Client/INFO] (sql.cafeempty.net) : Disconnected
[08:04:28] [Client/INFO] (sql.cafeempty.net) : Disconnected
[08:04:28] [Client/INFO] (sql.cafeempty.net) : Connected
[08:04:28] [Client/INFO] (sql.cafeempty.net) : Disconnected
[08:04:29] [Client/INFO] (sql.cafeempty.net) : Connected
[08:04:29] [Client/INFO] (sql.cafeempty.net) : Disconnected
[08:04:29] [Client/INFO] (sql.cafeempty.net) : Connected
[08:04:29] [Client/INFO] (sql.cafeempty.net) : Disconnected
[08:04:30] [Client/INFO] (sql.cafeempty.net) : Connected
[08:04:30] [Client/INFO] (sql.cafeempty.net) : Disconnected
[08:04:30] [Client/INFO] (sql.cafeempty.net) : Connected
[08:04:30] [Client/INFO] (sql.cafeempty.net) : Connected
[08:04:30] [Client/INFO] (sql.cafeempty.net) : Disconnected
[08:04:30] [Client/INFO] (sql.cafeempty.net) : Disconnected
[08:04:30] [Client/INFO] (sql.cafeempty.net) : Connected
[08:04:30] [Client/INFO] (sql.cafeempty.net) : Disconnected
[08:04:31] [Client/INFO] (sql.cafeempty.net) : Connected
[08:04:31] [Client/INFO] (sql.cafeempty.net) : Disconnected
[08:04:31] [Client/INFO] (sql.cafeempty.net) : Connected
[08:04:31] [Client/INFO] (sql.cafeempty.net) : Connected
[08:04:31] [Client/INFO] (sql.cafeempty.net) : Disconnected
[08:04:31] [Client/INFO] (sql.cafeempty.net) : Disconnected
[08:04:31] [Client/INFO] (sql.cafeempty.net) : Connected
[08:04:32] [Client/INFO] (sql.cafeempty.net) : Disconnected
[08:04:32] [Client/INFO] (sql.cafeempty.net) : Connected
[08:04:32] [Client/INFO] (sql.cafeempty.net) : Connected
[08:04:32] [Client/INFO] (sql.cafeempty.net) : Disconnected
[08:04:32] [Client/INFO] (sql.cafeempty.net) : Disconnected
[08:04:32] [Client/INFO] (sql.cafeempty.net) : Connected
[08:04:32] [Client/INFO] (sql.cafeempty.net) : Disconnected
[08:04:32] [Client/INFO] (sql.cafeempty.net) : Connected
[08:04:33] [Client/INFO] (sql.cafeempty.net) : Disconnected
[08:04:33] [Client/INFO] (sql.cafeempty.net) : Connected
[08:04:33] [Client/INFO] (sql.cafeempty.net) : Disconnected
[08:04:34] [Client/INFO] (sql.cafeempty.net) : Connected
[08:04:34] [Client/INFO] (sql.cafeempty.net) : Connected
[08:04:34] [Client/INFO] (sql.cafeempty.net) : Disconnected
[08:04:34] [Client/INFO] (sql.cafeempty.net) : Disconnected
[08:04:34] [Client/INFO] (sql.cafeempty.net) : Connected
[08:04:34] [Client/INFO] (sql.cafeempty.net) : Disconnected
[08:04:34] [Client/INFO] (sql.cafeempty.net) : Connected
[08:04:34] [Client/INFO] (sql.cafeempty.net) : Disconnected
[08:04:35] [Client/INFO] (sql.cafeempty.net) : Connected
[08:04:35] [Client/INFO] (sql.cafeempty.net) : Disconnected
[08:04:35] [Client/INFO] (sql.cafeempty.net) : Connected
[08:04:35] [Client/INFO] (sql.cafeempty.net) : Disconnected
[08:04:35] [Client/INFO] (sql.cafeempty.net) : Connected
[08:04:35] [Client/INFO] (sql.cafeempty.net) : Disconnected
[08:04:36] [Client/INFO] (sql.cafeempty.net) : Connected
[08:04:36] [Client/INFO] (sql.cafeempty.net) : Disconnected
[08:04:36] [Client/INFO] (sql.cafeempty.net) : Connected
[08:04:36] [Client/INFO] (sql.cafeempty.net) : Disconnected
[08:04:35] [Client/INFO] (sql.cafeempty.net) : Connected
[08:04:36] [Client/INFO] (sql.cafeempty.net) : Disconnected
[08:04:36] [Client/INFO] (sql.cafeempty.net) : Connected
[08:04:36] [Client/INFO] (sql.cafeempty.net) : Disconnected
[08:04:37] [Client/INFO] (sql.cafeempty.net) : Connected
[08:04:37] [Client/INFO] (sql.cafeempty.net) : Disconnected
[08:04:37] [Client/INFO] (sql.cafeempty.net) : Connected
[08:04:37] [Client/INFO] (sql.cafeempty.net) : Disconnected
[08:04:38] [Client/INFO] (sql.cafeempty.net) : Connected
[08:04:38] [Client/INFO] (sql.cafeempty.net) : Disconnected
[08:04:38] [Client/INFO] (sql.cafeempty.net) : Connected
[08:04:38] [Client/INFO] (sql.cafeempty.net) : Disconnected
[08:05:52] [Client/INFO] (sql.cafeempty.net) : Connected
[08:05:52] [Client/INFO] (sql.cafeempty.net) : Connected
[08:05:52] [Client/INFO] (sql.cafeempty.net) : Disconnected
[08:05:52] [Client/INFO] (sql.cafeempty.net) : Disconnected
[08:05:55] [Client/INFO] (sql.cafeempty.net) : Connected
[08:05:55] [Client/INFO] (sql.cafeempty.net) : Disconnected
[08:05:56] [Client/INFO] (sql.cafeempty.net) : Connected
[08:05:56] [Client/INFO] (sql.cafeempty.net) : Disconnected
[08:05:57] [Client/INFO] (sql.cafeempty.net) : Connected
[08:05:57] [Client/INFO] (sql.cafeempty.net) : Disconnected
[08:05:58] [Client/INFO] (sql.cafeempty.net) : Connected
[08:05:58] [Client/INFO] (sql.cafeempty.net) : Disconnected
[08:05:58] [Client/INFO] (sql.cafeempty.net) : Connected
[08:05:58] [Client/INFO] (sql.cafeempty.net) : Connected
[08:05:58] [Client/INFO] (sql.cafeempty.net) : Disconnected
[08:05:58] [Client/INFO] (sql.cafeempty.net) : Disconnected
[08:05:59] [Client/INFO] (sql.cafeempty.net) : Connected
[08:05:59] [Client/INFO] (sql.cafeempty.net) : Connected
[08:05:59] [Client/INFO] (sql.cafeempty.net) : Disconnected
[08:05:59] [Client/INFO] (sql.cafeempty.net) : Disconnected
[08:06:01] [Client/INFO] (sql.cafeempty.net) : Connected
[08:06:01] [Client/INFO] (sql.cafeempty.net) : Connected
[08:06:01] [Client/INFO] (sql.cafeempty.net) : Disconnected
[08:06:01] [Client/INFO] (sql.cafeempty.net) : Disconnected
[08:06:29] [Client/INFO] (sql.cafeempty.net) : Connected
[08:06:29] [Client/INFO] (sql.cafeempty.net) : Connected
[08:06:29] [Client/INFO] (sql.cafeempty.net) : Disconnected
[08:06:30] [Client/INFO] (sql.cafeempty.net) : Disconnected
[08:06:44] [Client/WARN] (sql.cafeempty.net) : Authentication to host 'sql.cafeempty.net' for user 'root' using method 'mysql_native_password' failed with message: Access denied for user 'root'@'1.47.217.140' (using password: YES)
[08:06:44] [Client/WARN] (sql.cafeempty.net) : Authentication to host 'sql.cafeempty.net' for user 'root' using method 'mysql_native_password' failed with message: Access denied for user 'root'@'1.47.217.140' (using password: YES)
[08:11:10] [Client/INFO] (sql.cafeempty.net) : Connected
[08:11:10] [Client/INFO] (sql.cafeempty.net) : Connected
[08:11:10] [Client/INFO] (sql.cafeempty.net) : Disconnected
[08:11:10] [Client/INFO] (sql.cafeempty.net) : Disconnected
[08:11:25] [Client/INFO] (sql.cafeempty.net) : Connected
[08:11:25] [Client/INFO] (sql.cafeempty.net) : Connected
[08:11:25] [Client/INFO] (sql.cafeempty.net) : Disconnected
[08:11:25] [Client/INFO] (sql.cafeempty.net) : Disconnected
[08:18:09] [Client/INFO] (sql.cafeempty.net) : Connected
[08:18:09] [Client/INFO] (sql.cafeempty.net) : Connected
[08:18:09] [Client/INFO] (sql.cafeempty.net) : Disconnected
[08:18:09] [Client/INFO] (sql.cafeempty.net) : Disconnected
[08:18:10] [Client/INFO] (sql.cafeempty.net) : Connected
[08:18:10] [Client/INFO] (sql.cafeempty.net) : Disconnected
[08:18:11] [Client/INFO] (sql.cafeempty.net) : Connected
[08:18:11] [Client/INFO] (sql.cafeempty.net) : Disconnected
[08:18:12] [Client/INFO] (sql.cafeempty.net) : Connected
[08:18:12] [Client/INFO] (sql.cafeempty.net) : Disconnected
[08:18:12] [Client/INFO] (sql.cafeempty.net) : Connected
[08:18:12] [Client/INFO] (sql.cafeempty.net) : Disconnected
[08:18:13] [Client/INFO] (sql.cafeempty.net) : Connected
[08:18:13] [Client/INFO] (sql.cafeempty.net) : Connected
[08:18:13] [Client/INFO] (sql.cafeempty.net) : Disconnected
[08:18:13] [Client/INFO] (sql.cafeempty.net) : Disconnected
[08:18:13] [Client/INFO] (sql.cafeempty.net) : Connected
[08:18:13] [Client/INFO] (sql.cafeempty.net) : Connected
[08:18:13] [Client/INFO] (sql.cafeempty.net) : Disconnected
[08:18:13] [Client/INFO] (sql.cafeempty.net) : Disconnected
[08:18:14] [Client/INFO] (sql.cafeempty.net) : Connected
[08:18:14] [Client/INFO] (sql.cafeempty.net) : Connected
[08:18:14] [Client/INFO] (sql.cafeempty.net) : Disconnected
[08:18:14] [Client/INFO] (sql.cafeempty.net) : Disconnected
[08:22:07] [Client/INFO] (sql.cafeempty.net) : Connected
[08:22:07] [Client/INFO] (sql.cafeempty.net) : Connected
[08:22:07] [Client/INFO] (sql.cafeempty.net) : Disconnected
[08:22:07] [Client/INFO] (sql.cafeempty.net) : Disconnected
[08:22:41] [Client/INFO] (sql.cafeempty.net) : Connected
[08:22:41] [Client/INFO] (sql.cafeempty.net) : Disconnected
[08:22:42] [Client/INFO] (sql.cafeempty.net) : Connected
[08:22:42] [Client/INFO] (sql.cafeempty.net) : Connected
[08:22:42] [Client/INFO] (sql.cafeempty.net) : Disconnected
[08:22:42] [Client/INFO] (sql.cafeempty.net) : Disconnected
[08:22:47] [Client/INFO] (sql.cafeempty.net) : Connected
[08:22:48] [Client/INFO] (sql.cafeempty.net) : Connected
[08:22:48] [Client/INFO] (sql.cafeempty.net) : Disconnected
[08:22:48] [Client/INFO] (sql.cafeempty.net) : Disconnected
[08:22:53] [Client/INFO] (sql.cafeempty.net) : Connected
[08:22:53] [Client/INFO] (sql.cafeempty.net) : Disconnected
[08:22:53] [Client/INFO] (sql.cafeempty.net) : Connected
[08:22:54] [Client/INFO] (sql.cafeempty.net) : Disconnected
[08:22:58] [Client/INFO] (sql.cafeempty.net) : Connected
[08:22:58] [Client/INFO] (sql.cafeempty.net) : Connected
[08:22:58] [Client/INFO] (sql.cafeempty.net) : Disconnected
[08:22:58] [Client/INFO] (sql.cafeempty.net) : Disconnected
[08:34:16] [Client/INFO] (sql.cafeempty.net) : Connected
[08:34:16] [Client/INFO] (sql.cafeempty.net) : Connected
[08:34:16] [Client/INFO] (sql.cafeempty.net) : Disconnected
[08:34:16] [Client/INFO] (sql.cafeempty.net) : Disconnected
[09:56:33] [Client/INFO] (sql.cafeempty.net) : Connected
[09:56:33] [Client/INFO] (sql.cafeempty.net) : Connected
[09:56:33] [Client/INFO] (sql.cafeempty.net) : Disconnected
[09:56:33] [Client/INFO] (sql.cafeempty.net) : Disconnected
[09:56:34] [Client/INFO] (sql.cafeempty.net) : Connected
[09:56:34] [Client/INFO] (sql.cafeempty.net) : Disconnected
[09:56:35] [Client/INFO] (sql.cafeempty.net) : Connected
[09:56:35] [Client/INFO] (sql.cafeempty.net) : Disconnected
[09:56:36] [Client/INFO] (sql.cafeempty.net) : Connected
[09:56:36] [Client/INFO] (sql.cafeempty.net) : Disconnected
[09:56:37] [Client/INFO] (sql.cafeempty.net) : Connected
[09:56:37] [Client/INFO] (sql.cafeempty.net) : Disconnected
[09:56:38] [Client/INFO] (sql.cafeempty.net) : Connected
[09:56:38] [Client/INFO] (sql.cafeempty.net) : Connected
[09:56:38] [Client/INFO] (sql.cafeempty.net) : Disconnected
[09:56:38] [Client/INFO] (sql.cafeempty.net) : Disconnected
[09:56:38] [Client/INFO] (sql.cafeempty.net) : Connected
[09:56:38] [Client/INFO] (sql.cafeempty.net) : Connected
[09:56:38] [Client/INFO] (sql.cafeempty.net) : Disconnected
[09:56:38] [Client/INFO] (sql.cafeempty.net) : Disconnected
[09:56:39] [Client/INFO] (sql.cafeempty.net) : Connected
[09:56:39] [Client/INFO] (sql.cafeempty.net) : Connected
[09:56:39] [Client/INFO] (sql.cafeempty.net) : Disconnected
[09:56:39] [Client/INFO] (sql.cafeempty.net) : Disconnected
[10:00:52] [Client/INFO] (sql.cafeempty.net) : Connected
[10:00:52] [Client/INFO] (sql.cafeempty.net) : Connected
[10:00:52] [Client/INFO] (sql.cafeempty.net) : Disconnected
[10:00:52] [Client/INFO] (sql.cafeempty.net) : Disconnected
[14:02:37] [Client/INFO] (sql.cafeempty.net) : Connected
[14:02:37] [Client/INFO] (sql.cafeempty.net) : Disconnected
[14:02:37] [Client/INFO] (sql.cafeempty.net) : Connected
[14:02:38] [Client/INFO] (sql.cafeempty.net) : Disconnected
[14:05:38] [Client/WARN] (sql.cafeempty.net) : Unknown database 'cafe_db_1'
[14:05:40] [Client/WARN] (sql.cafeempty.net) : Unknown database 'cafe_db_1'
[14:05:40] [Client/WARN] (sql.cafeempty.net) : Authentication to host 'sql.cafeempty.net' for user 'lowidea' using method 'mysql_native_password' failed with message: Unknown database 'cafe_db_1'
[14:05:53] [Client/WARN] (sql.cafeempty.net) : Authentication to host 'sql.cafeempty.net' for user 'lowidea' using method 'mysql_native_password' failed with message: Unknown database 'cafe_db_1'
[14:05:53] [Client/WARN] (sql.cafeempty.net) : Authentication to host 'sql.cafeempty.net' for user 'lowidea' using method 'mysql_native_password' failed with message: Unknown database 'cafe_db_1'
[14:05:54] [Client/WARN] (sql.cafeempty.net) : Unknown database 'cafe_db_1'
[14:07:30] [Client/INFO] (sql.cafeempty.net) : Connected
[14:07:30] [Client/INFO] (sql.cafeempty.net) : Connected
[14:07:30] [Client/INFO] (sql.cafeempty.net) : Disconnected
[14:07:30] [Client/INFO] (sql.cafeempty.net) : Disconnected
[14:08:10] [Client/INFO] (sql.cafeempty.net) : Connected
[14:08:10] [Client/INFO] (sql.cafeempty.net) : Connected
[14:08:10] [Client/INFO] (sql.cafeempty.net) : Disconnected
[14:08:10] [Client/INFO] (sql.cafeempty.net) : Disconnected
[14:08:24] [Client/WARN] (sql.cafeempty.net) : Unknown database 'cafe_db'
[14:08:24] [Client/WARN] (sql.cafeempty.net) : Unknown database 'cafe_db'
[14:08:24] [Client/WARN] (sql.cafeempty.net) : Unknown database 'cafe_db'
[14:08:55] [Client/INFO] (sql.cafeempty.net) : Connected
[14:08:55] [Client/INFO] (sql.cafeempty.net) : Disconnected
[14:08:55] [Client/INFO] (sql.cafeempty.net) : Connected
[14:08:55] [Client/INFO] (sql.cafeempty.net) : Disconnected
[14:09:05] [Client/INFO] (sql.cafeempty.net) : Connected
[14:09:06] [Client/INFO] (sql.cafeempty.net) : Connected
[14:09:06] [Client/INFO] (sql.cafeempty.net) : Disconnected
[14:09:06] [Client/INFO] (sql.cafeempty.net) : Disconnected
[14:09:24] [Client/WARN] (sql.cafeempty.net) : Unknown database 'cafe_db'
[14:09:31] [Client/WARN] (sql.cafeempty.net) : Unknown database 'cafe_db'
[14:09:32] [Client/WARN] (sql.cafeempty.net) : Unknown database 'cafe_db'
[14:10:28] [Client/WARN] (sql.cafeempty.net) : Authentication to host 'sql.cafeempty.net' for user 'lowidea' using method 'mysql_native_password' failed with message: Unknown database 'cafe_db'
[14:10:29] [Client/WARN] (sql.cafeempty.net) : Authentication to host 'sql.cafeempty.net' for user 'lowidea' using method 'mysql_native_password' failed with message: Unknown database 'cafe_db'
[14:10:30] [Client/WARN] (sql.cafeempty.net) : Unknown database 'cafe_db'
[14:10:31] [Client/INFO] (sql.cafeempty.net) : Connected
[14:10:31] [Client/INFO] (sql.cafeempty.net) : Disconnected
[14:10:31] [Client/INFO] (sql.cafeempty.net) : Connected
[14:10:32] [Client/INFO] (sql.cafeempty.net) : Disconnected
[14:10:32] [Client/INFO] (sql.cafeempty.net) : Connected
[14:10:32] [Client/INFO] (sql.cafeempty.net) : Disconnected
[14:10:34] [Client/INFO] (sql.cafeempty.net) : Connected
[14:10:35] [Client/INFO] (sql.cafeempty.net) : Disconnected
[14:10:35] [Client/INFO] (sql.cafeempty.net) : Connected
[14:10:35] [Client/INFO] (sql.cafeempty.net) : Connected
[14:10:35] [Client/INFO] (sql.cafeempty.net) : Disconnected
[14:10:35] [Client/INFO] (sql.cafeempty.net) : Disconnected
[14:10:36] [Client/INFO] (sql.cafeempty.net) : Connected
[14:10:36] [Client/INFO] (sql.cafeempty.net) : Disconnected
[14:10:43] [Client/INFO] (sql.cafeempty.net) : Connected
[14:11:05] [Client/INFO] (sql.cafeempty.net) : Connected
[14:11:05] [Client/INFO] (sql.cafeempty.net) : Disconnected
[14:11:12] [Client/INFO] (sql.cafeempty.net) : Connected
[14:11:15] [Client/INFO] (sql.cafeempty.net) : Connected
[14:11:18] [Client/INFO] (sql.cafeempty.net) : Connected
[14:11:18] [Client/INFO] (sql.cafeempty.net) : Connected
[14:11:18] [Client/INFO] (sql.cafeempty.net) : Disconnected
[14:11:18] [Client/INFO] (sql.cafeempty.net) : Disconnected
[14:11:39] [Client/INFO] (sql.cafeempty.net) : Connected
[14:11:39] [Client/INFO] (sql.cafeempty.net) : Disconnected
[14:11:40] [Client/INFO] (sql.cafeempty.net) : Connected
[14:11:40] [Client/INFO] (sql.cafeempty.net) : Disconnected
[14:12:36] [Client/INFO] (sql.cafeempty.net) : Connected
[14:12:36] [Client/INFO] (sql.cafeempty.net) : Connected
[14:12:36] [Client/INFO] (sql.cafeempty.net) : Disconnected
[14:12:36] [Client/INFO] (sql.cafeempty.net) : Disconnected
[14:12:42] [Client/INFO] (sql.cafeempty.net) : Connected
[14:12:42] [Client/INFO] (sql.cafeempty.net) : Disconnected
[14:12:50] [Client/INFO] (sql.cafeempty.net) : Connected
[14:12:50] [Client/INFO] (sql.cafeempty.net) : Disconnected
[14:12:52] [Client/INFO] (sql.cafeempty.net) : Connected
[14:12:53] [Client/INFO] (sql.cafeempty.net) : Connected
[14:12:53] [Client/INFO] (sql.cafeempty.net) : Disconnected
[14:12:53] [Client/INFO] (sql.cafeempty.net) : Disconnected
[14:16:06] [Client/INFO] (sql.cafeempty.net) : Connected
[14:16:06] [Client/INFO] (sql.cafeempty.net) : Connected
[14:16:06] [Client/INFO] (sql.cafeempty.net) : Disconnected
[14:16:06] [Client/INFO] (sql.cafeempty.net) : Disconnected
[14:16:06] [Client/INFO] (sql.cafeempty.net) : Connected
[14:16:06] [Client/INFO] (sql.cafeempty.net) : Disconnected
[14:16:08] [Client/INFO] (sql.cafeempty.net) : Connected
[14:16:08] [Client/INFO] (sql.cafeempty.net) : Disconnected
[14:25:07] [Client/INFO] (sql.cafeempty.net) : Connected
[14:25:07] [Client/INFO] (sql.cafeempty.net) : Connected
[14:25:07] [Client/INFO] (sql.cafeempty.net) : Disconnected
[14:25:07] [Client/INFO] (sql.cafeempty.net) : Disconnected
[14:25:09] [Client/INFO] (sql.cafeempty.net) : Connected
[14:25:09] [Client/INFO] (sql.cafeempty.net) : Disconnected
[14:25:18] [Client/INFO] (sql.cafeempty.net) : Connected
[14:25:19] [Client/INFO] (sql.cafeempty.net) : Connected
[14:25:19] [Client/INFO] (sql.cafeempty.net) : Disconnected
[14:25:19] [Client/INFO] (sql.cafeempty.net) : Disconnected
[14:25:21] [Client/INFO] (sql.cafeempty.net) : Connected
[14:25:22] [Client/INFO] (sql.cafeempty.net) : Disconnected
[14:25:26] [Client/INFO] (sql.cafeempty.net) : Connected
[14:25:27] [Client/INFO] (sql.cafeempty.net) : Connected
[14:25:27] [Client/INFO] (sql.cafeempty.net) : Disconnected
[14:25:27] [Client/INFO] (sql.cafeempty.net) : Disconnected
[14:25:28] [Client/INFO] (sql.cafeempty.net) : Connected
[14:25:28] [Client/INFO] (sql.cafeempty.net) : Disconnected
[14:25:35] [Client/INFO] (sql.cafeempty.net) : Connected
[14:25:36] [Client/INFO] (sql.cafeempty.net) : Connected
[14:25:36] [Client/INFO] (sql.cafeempty.net) : Disconnected
[14:25:36] [Client/INFO] (sql.cafeempty.net) : Disconnected
[14:25:36] [Client/INFO] (sql.cafeempty.net) : Connected
[14:25:40] [Client/INFO] (sql.cafeempty.net) : Connected
[14:25:41] [Client/INFO] (sql.cafeempty.net) : Connected
[14:25:41] [Client/INFO] (sql.cafeempty.net) : Connected
[14:25:42] [Client/INFO] (sql.cafeempty.net) : Connected
[14:25:42] [Client/INFO] (sql.cafeempty.net) : Connected
[14:25:42] [Client/INFO] (sql.cafeempty.net) : Connected
[14:25:43] [Client/INFO] (sql.cafeempty.net) : Connected
[14:25:43] [Client/INFO] (sql.cafeempty.net) : Connected
[14:25:43] [Client/INFO] (sql.cafeempty.net) : Connected
[14:25:44] [Client/INFO] (sql.cafeempty.net) : Connected
[14:25:44] [Client/INFO] (sql.cafeempty.net) : Connected
[14:25:44] [Client/INFO] (sql.cafeempty.net) : Connected
[14:25:45] [Client/INFO] (sql.cafeempty.net) : Connected
[14:25:46] [Client/INFO] (sql.cafeempty.net) : Connected
[14:28:19] [Client/INFO] (sql.cafeempty.net) : Connected
[14:28:19] [Client/INFO] (sql.cafeempty.net) : Disconnected
[14:28:19] [Client/INFO] (sql.cafeempty.net) : Connected
[14:28:20] [Client/INFO] (sql.cafeempty.net) : Disconnected
[14:29:49] [Client/INFO] (sql.cafeempty.net) : Connected
[14:29:49] [Client/INFO] (sql.cafeempty.net) : Connected
[14:29:49] [Client/INFO] (sql.cafeempty.net) : Disconnected
[14:29:49] [Client/INFO] (sql.cafeempty.net) : Disconnected
[14:29:50] [Client/INFO] (sql.cafeempty.net) : Connected
[14:29:50] [Client/INFO] (sql.cafeempty.net) : Connected
[14:29:50] [Client/INFO] (sql.cafeempty.net) : Disconnected
[14:29:50] [Client/INFO] (sql.cafeempty.net) : Disconnected
[14:29:54] [Client/INFO] (sql.cafeempty.net) : Connected
[14:29:54] [Client/INFO] (sql.cafeempty.net) : Disconnected
[14:32:39] [Client/INFO] (sql.cafeempty.net) : Connected
[14:32:39] [Client/INFO] (sql.cafeempty.net) : Connected
[14:32:39] [Client/INFO] (sql.cafeempty.net) : Disconnected
[14:32:39] [Client/INFO] (sql.cafeempty.net) : Disconnected
[14:32:50] [Client/INFO] (sql.cafeempty.net) : Connected
[14:32:50] [Client/INFO] (sql.cafeempty.net) : Connected
[14:32:50] [Client/INFO] (sql.cafeempty.net) : Disconnected
[14:32:50] [Client/INFO] (sql.cafeempty.net) : Disconnected
[14:33:00] [Client/INFO] (sql.cafeempty.net) : Connected
[14:33:00] [Client/INFO] (sql.cafeempty.net) : Connected
[14:33:00] [Client/INFO] (sql.cafeempty.net) : Disconnected
[14:33:00] [Client/INFO] (sql.cafeempty.net) : Disconnected
[14:33:00] [Client/INFO] (sql.cafeempty.net) : Connected
[14:33:00] [Client/INFO] (sql.cafeempty.net) : Connected
[14:33:01] [Client/INFO] (sql.cafeempty.net) : Disconnected
[14:33:01] [Client/INFO] (sql.cafeempty.net) : Disconnected
[14:33:06] [Client/INFO] (sql.cafeempty.net) : Connected
[14:33:06] [Client/INFO] (sql.cafeempty.net) : Connected
[14:33:06] [Client/INFO] (sql.cafeempty.net) : Disconnected
[14:33:06] [Client/INFO] (sql.cafeempty.net) : Disconnected
[14:33:07] [Client/INFO] (sql.cafeempty.net) : Connected
[14:33:07] [Client/INFO] (sql.cafeempty.net) : Connected
[14:33:07] [Client/INFO] (sql.cafeempty.net) : Disconnected
[14:33:07] [Client/INFO] (sql.cafeempty.net) : Disconnected
[14:33:12] [Client/INFO] (sql.cafeempty.net) : Connected
[14:33:12] [Client/INFO] (sql.cafeempty.net) : Disconnected
[14:33:12] [Client/INFO] (sql.cafeempty.net) : Connected
[14:33:12] [Client/INFO] (sql.cafeempty.net) : Connected
[14:33:12] [Client/INFO] (sql.cafeempty.net) : Disconnected
[14:33:13] [Client/INFO] (sql.cafeempty.net) : Disconnected
[14:33:23] [Client/INFO] (sql.cafeempty.net) : Connected
[14:33:23] [Client/INFO] (sql.cafeempty.net) : Disconnected
[14:33:24] [Client/INFO] (sql.cafeempty.net) : Connected
[14:33:24] [Client/INFO] (sql.cafeempty.net) : Disconnected
[14:33:24] [Client/INFO] (sql.cafeempty.net) : Connected
[14:33:24] [Client/INFO] (sql.cafeempty.net) : Disconnected
[14:33:23] [Client/INFO] (sql.cafeempty.net) : Connected
[14:33:24] [Client/INFO] (sql.cafeempty.net) : Disconnected
[14:33:59] [Client/INFO] (sql.cafeempty.net) : Connected
[14:33:59] [Client/INFO] (sql.cafeempty.net) : Disconnected
[14:34:00] [Client/INFO] (sql.cafeempty.net) : Connected
[14:34:00] [Client/INFO] (sql.cafeempty.net) : Disconnected
[14:34:00] [Client/INFO] (sql.cafeempty.net) : Connected
[14:34:00] [Client/INFO] (sql.cafeempty.net) : Disconnected
[14:33:59] [Client/INFO] (sql.cafeempty.net) : Connected
[14:34:00] [Client/INFO] (sql.cafeempty.net) : Disconnected
[14:34:04] [Client/INFO] (sql.cafeempty.net) : Connected
[14:34:05] [Client/INFO] (sql.cafeempty.net) : Connected
[14:34:05] [Client/INFO] (sql.cafeempty.net) : Disconnected
[14:34:05] [Client/INFO] (sql.cafeempty.net) : Disconnected
[14:35:12] [Client/INFO] (sql.cafeempty.net) : Connected
[14:35:12] [Client/INFO] (sql.cafeempty.net) : Connected
[14:35:12] [Client/INFO] (sql.cafeempty.net) : Disconnected
[14:35:12] [Client/INFO] (sql.cafeempty.net) : Disconnected
[14:35:13] [Client/INFO] (sql.cafeempty.net) : Connected
[14:35:13] [Client/INFO] (sql.cafeempty.net) : Connected
[14:35:13] [Client/INFO] (sql.cafeempty.net) : Disconnected
[14:35:13] [Client/INFO] (sql.cafeempty.net) : Disconnected
