[06:09:29] [Client/ERROR] (Database) : Unable to connect to any of the specified MySQL hosts.
[06:11:32] [Client/INFO] (Database) : Connectedsql.cafeempty.net
[06:11:32] [Client/INFO] (Database) : Disconnected
[06:12:21] [Client/INFO] (sql.cafeempty.net) : Connected
[06:12:21] [Client/INFO] (sql.cafeempty.net) : Disconnected
[06:14:41] [Client/ERROR] (sql.cafeempty.net) : Authentication to host 'sql.cafeempty.net' for user 'roota' using method 'mysql_native_password' failed with message: Access denied for user 'roota'@'1.47.26.223' (using password: NO)
[06:15:11] [Client/WARN] (sql.cafeempty.net) : Authentication to host 'sql.cafeempty.net' for user 'roota' using method 'mysql_native_password' failed with message: Access denied for user 'roota'@'1.47.26.223' (using password: NO)
[06:15:26] [Client/INFO] (sql.cafeempty.net) : Connected
[06:15:26] [Client/INFO] (sql.cafeempty.net) : Disconnected
[06:15:38] [Client/INFO] (sql.cafeempty.net) : Connected
[06:15:38] [Client/INFO] (sql.cafeempty.net) : Disconnected
[06:20:22] [Client/INFO] (sql.cafeempty.net) : Connected
[06:20:22] [Client/INFO] (sql.cafeempty.net) : Disconnected
[06:20:27] [Client/INFO] (sql.cafeempty.net) : Connected
[06:20:35] [Client/INFO] (sql.cafeempty.net) : Connected
[06:20:37] [Client/INFO] (sql.cafeempty.net) : Connected
[06:20:37] [Client/INFO] (sql.cafeempty.net) : Disconnected
[06:20:37] [Client/INFO] (sql.cafeempty.net) : Disconnected
[06:20:40] [Client/INFO] (sql.cafeempty.net) : Connected
[06:20:41] [Client/INFO] (sql.cafeempty.net) : Connected
[06:20:41] [Client/INFO] (sql.cafeempty.net) : Disconnected
[06:20:41] [Client/INFO] (sql.cafeempty.net) : Disconnected
[06:20:43] [Client/INFO] (sql.cafeempty.net) : Connected
[06:20:45] [Client/INFO] (sql.cafeempty.net) : Connected
[06:20:45] [Client/INFO] (sql.cafeempty.net) : Disconnected
[06:20:45] [Client/INFO] (sql.cafeempty.net) : Disconnected
[06:20:48] [Client/INFO] (sql.cafeempty.net) : Connected
[06:20:49] [Client/INFO] (sql.cafeempty.net) : Connected
[06:20:49] [Client/INFO] (sql.cafeempty.net) : Disconnected
[06:20:49] [Client/INFO] (sql.cafeempty.net) : Disconnected
[06:20:56] [Client/INFO] (sql.cafeempty.net) : Connected
[06:20:56] [Client/INFO] (sql.cafeempty.net) : Disconnected
[06:21:00] [Client/INFO] (sql.cafeempty.net) : Connected
[06:21:01] [Client/INFO] (sql.cafeempty.net) : Connected
[06:21:01] [Client/INFO] (sql.cafeempty.net) : Disconnected
[06:21:01] [Client/INFO] (sql.cafeempty.net) : Disconnected
[06:23:35] [Client/INFO] (sql.cafeempty.net) : Connected
[06:23:35] [Client/INFO] (sql.cafeempty.net) : Disconnected
[06:23:52] [Client/INFO] (sql.cafeempty.net) : Connected
[06:23:53] [Client/INFO] (sql.cafeempty.net) : Connected
[06:23:53] [Client/INFO] (sql.cafeempty.net) : Disconnected
[06:23:53] [Client/INFO] (sql.cafeempty.net) : Disconnected
[06:23:59] [Client/INFO] (sql.cafeempty.net) : Connected
[06:24:00] [Client/INFO] (sql.cafeempty.net) : Connected
[06:24:00] [Client/INFO] (sql.cafeempty.net) : Disconnected
[06:24:00] [Client/INFO] (sql.cafeempty.net) : Disconnected
[06:24:05] [Client/INFO] (sql.cafeempty.net) : Connected
[06:24:06] [Client/INFO] (sql.cafeempty.net) : Connected
[06:24:06] [Client/INFO] (sql.cafeempty.net) : Disconnected
[06:24:06] [Client/INFO] (sql.cafeempty.net) : Disconnected
[06:24:20] [Client/INFO] (sql.cafeempty.net) : Connected
[06:24:21] [Client/INFO] (sql.cafeempty.net) : Connected
[06:24:21] [Client/INFO] (sql.cafeempty.net) : Disconnected
[06:24:21] [Client/INFO] (sql.cafeempty.net) : Disconnected
[06:25:09] [Client/INFO] (sql.cafeempty.net) : Connected
[06:25:09] [Client/INFO] (sql.cafeempty.net) : Disconnected
[06:25:24] [Client/INFO] (sql.cafeempty.net) : Connected
[06:25:24] [Client/INFO] (sql.cafeempty.net) : Disconnected
[06:26:02] [Client/INFO] (sql.cafeempty.net) : Connected
[06:26:02] [Client/INFO] (sql.cafeempty.net) : Disconnected
[06:26:24] [Client/INFO] (sql.cafeempty.net) : Connected
[06:26:24] [Client/INFO] (sql.cafeempty.net) : Disconnected
[06:26:35] [Client/INFO] (sql.cafeempty.net) : Connected
[06:26:35] [Client/INFO] (sql.cafeempty.net) : Disconnected
[06:30:55] [Client/INFO] (sql.cafeempty.net) : Connected
[06:30:55] [Client/INFO] (sql.cafeempty.net) : Disconnected
[06:31:29] [Client/INFO] (sql.cafeempty.net) : Connected
[06:31:29] [Client/INFO] (sql.cafeempty.net) : Disconnected
[06:34:21] [Client/INFO] (sql.cafeempty.net) : Connected
[06:34:21] [Client/INFO] (sql.cafeempty.net) : Disconnected
[06:34:42] [Client/INFO] (sql.cafeempty.net) : Connected
[06:34:44] [Client/INFO] (sql.cafeempty.net) : Connected
[06:34:44] [Client/INFO] (sql.cafeempty.net) : Disconnected
[06:34:44] [Client/INFO] (sql.cafeempty.net) : Disconnected
[06:35:00] [Client/INFO] (sql.cafeempty.net) : Connected
[06:35:00] [Client/INFO] (sql.cafeempty.net) : Connected
[06:35:00] [Client/INFO] (sql.cafeempty.net) : Disconnected
[06:35:00] [Client/INFO] (sql.cafeempty.net) : Disconnected
[06:35:08] [Client/INFO] (sql.cafeempty.net) : Connected
[06:35:08] [Client/INFO] (sql.cafeempty.net) : Connected
[06:35:08] [Client/INFO] (sql.cafeempty.net) : Disconnected
[06:35:08] [Client/INFO] (sql.cafeempty.net) : Disconnected
[06:35:18] [Client/INFO] (sql.cafeempty.net) : Connected
[06:35:18] [Client/INFO] (sql.cafeempty.net) : Connected
[06:35:18] [Client/INFO] (sql.cafeempty.net) : Disconnected
[06:35:18] [Client/INFO] (sql.cafeempty.net) : Disconnected
[06:35:32] [Client/INFO] (sql.cafeempty.net) : Connected
[06:35:33] [Client/INFO] (sql.cafeempty.net) : Connected
[06:35:33] [Client/INFO] (sql.cafeempty.net) : Disconnected
[06:35:33] [Client/INFO] (sql.cafeempty.net) : Disconnected
[06:35:38] [Client/INFO] (sql.cafeempty.net) : Connected
[06:35:39] [Client/INFO] (sql.cafeempty.net) : Connected
[06:35:39] [Client/INFO] (sql.cafeempty.net) : Disconnected
[06:35:39] [Client/INFO] (sql.cafeempty.net) : Disconnected
[06:35:45] [Client/INFO] (sql.cafeempty.net) : Connected
[06:35:47] [Client/INFO] (sql.cafeempty.net) : Connected
[06:35:47] [Client/INFO] (sql.cafeempty.net) : Disconnected
[06:35:47] [Client/INFO] (sql.cafeempty.net) : Disconnected
[06:35:52] [Client/INFO] (sql.cafeempty.net) : Connected
[06:35:53] [Client/INFO] (sql.cafeempty.net) : Connected
[06:35:53] [Client/INFO] (sql.cafeempty.net) : Disconnected
[06:35:53] [Client/INFO] (sql.cafeempty.net) : Disconnected
[06:36:04] [Client/INFO] (sql.cafeempty.net) : Connected
[06:36:05] [Client/INFO] (sql.cafeempty.net) : Connected
[06:36:05] [Client/INFO] (sql.cafeempty.net) : Disconnected
[06:36:05] [Client/INFO] (sql.cafeempty.net) : Disconnected
[06:36:11] [Client/INFO] (sql.cafeempty.net) : Connected
[06:36:12] [Client/INFO] (sql.cafeempty.net) : Connected
[06:36:12] [Client/INFO] (sql.cafeempty.net) : Disconnected
[06:36:12] [Client/INFO] (sql.cafeempty.net) : Disconnected
[06:36:24] [Client/INFO] (sql.cafeempty.net) : Connected
[06:36:26] [Client/INFO] (sql.cafeempty.net) : Connected
[06:36:33] [Client/INFO] (sql.cafeempty.net) : Connected
[06:36:35] [Client/INFO] (sql.cafeempty.net) : Connected
[06:36:35] [Client/INFO] (sql.cafeempty.net) : Disconnected
[06:36:35] [Client/INFO] (sql.cafeempty.net) : Disconnected
[06:36:42] [Client/INFO] (sql.cafeempty.net) : Connected
[06:36:45] [Client/INFO] (sql.cafeempty.net) : Connected
[06:36:46] [Client/INFO] (sql.cafeempty.net) : Connected
[06:36:46] [Client/INFO] (sql.cafeempty.net) : Disconnected
[06:36:46] [Client/INFO] (sql.cafeempty.net) : Disconnected
[06:36:54] [Client/INFO] (sql.cafeempty.net) : Connected
[06:36:54] [Client/INFO] (sql.cafeempty.net) : Connected
[06:36:54] [Client/INFO] (sql.cafeempty.net) : Disconnected
[06:36:54] [Client/INFO] (sql.cafeempty.net) : Disconnected
[06:37:58] [Client/INFO] (sql.cafeempty.net) : Connected
[06:37:58] [Client/INFO] (sql.cafeempty.net) : Disconnected
[06:41:59] [Client/INFO] (sql.cafeempty.net) : Connected
[06:41:59] [Client/INFO] (sql.cafeempty.net) : Disconnected
[06:42:26] [Client/INFO] (sql.cafeempty.net) : Connected
[06:42:26] [Client/INFO] (sql.cafeempty.net) : Disconnected
[06:50:01] [Client/INFO] (sql.cafeempty.net) : Connected
[06:50:01] [Client/INFO] (sql.cafeempty.net) : Disconnected
[06:51:33] [Client/INFO] (sql.cafeempty.net) : Connected
[06:51:33] [Client/INFO] (sql.cafeempty.net) : Disconnected
[07:02:52] [Client/INFO] (sql.cafeempty.net) : Connected
[07:02:52] [Client/INFO] (sql.cafeempty.net) : Disconnected
[07:07:28] [Client/INFO] (sql.cafeempty.net) : Connected
[07:07:28] [Client/INFO] (sql.cafeempty.net) : Disconnected
[07:53:18] [Client/INFO] (sql.cafeempty.net) : Connected
[07:53:19] [Client/INFO] (sql.cafeempty.net) : Disconnected
[07:53:24] [Client/INFO] (sql.cafeempty.net) : Connected
