[06:09:13] [INFO] : Loading Main.Program
[06:09:14] [INFO] : Employee Loaded
[06:09:29] [INFO] : EmployeeStartupEvent Loaded
[06:09:29] [INFO] : Employee_Load Loaded
[06:11:32] [INFO] : Loading Main.Program
[06:11:32] [INFO] : Employee Loaded
[06:11:32] [INFO] : EmployeeStartupEvent Loaded
[06:11:32] [INFO] : Employee_Load Loaded
[06:12:20] [INFO] : Loading Main.Program
[06:12:20] [INFO] : Employee Loaded
[06:12:21] [INFO] : EmployeeStartupEvent Loaded
[06:12:21] [INFO] : Employee_Load Loaded
[06:14:40] [INFO] : Loading Main.Program
[06:14:40] [INFO] : Employee Loaded
[06:14:41] [INFO] : EmployeeStartupEvent Loaded
[06:14:41] [INFO] : Employee_Load Loaded
[06:15:11] [INFO] : Loading Main.Program
[06:15:11] [INFO] : Employee Loaded
[06:15:11] [INFO] : EmployeeStartupEvent Loaded
[06:15:11] [INFO] : Employee_Load Loaded
[06:15:26] [INFO] : Loading Main.Program
[06:15:26] [INFO] : Employee Loaded
[06:15:26] [INFO] : EmployeeStartupEvent Loaded
[06:15:26] [INFO] : Employee_Load Loaded
[06:15:38] [onClickDelete/ERROR] (EmployeeButtonClickEvent/MySqlException) : Cannot delete or update a parent row: a foreign key constraint fails (`cafe_db`.`order`, CONSTRAINT `O_Employee_Id` FOREIGN KEY (`EMPLOYEE_ID`) REFERENCES `employees` (`EMPLOYEE_ID`))
[06:20:21] [INFO] : Loading Main.Program
[06:20:21] [INFO] : Employee Loaded
[06:20:22] [INFO] : EmployeeStartupEvent Loaded
[06:20:22] [INFO] : Employee_Load Loaded
[06:20:55] [INFO] : Loading Main.Program
[06:20:55] [INFO] : Employee Loaded
[06:20:56] [INFO] : EmployeeStartupEvent Loaded
[06:20:56] [INFO] : Employee_Load Loaded
[06:23:34] [INFO] : Loading Main.Program
[06:23:34] [INFO] : Employee Loaded
[06:23:35] [INFO] : EmployeeStartupEvent Loaded
[06:23:35] [INFO] : Employee_Load Loaded
[06:25:09] [INFO] : Loading Main.Program
[06:25:09] [INFO] : Employee Loaded
[06:25:09] [INFO] : EmployeeStartupEvent Loaded
[06:25:09] [INFO] : Employee_Load Loaded
[06:25:23] [INFO] : Loading Main.Program
[06:25:23] [INFO] : Employee Loaded
[06:25:24] [INFO] : EmployeeStartupEvent Loaded
[06:25:24] [INFO] : Employee_Load Loaded
[06:26:01] [INFO] : Loading Main.Program
[06:26:01] [INFO] : Employee Loaded
[06:26:02] [INFO] : EmployeeStartupEvent Loaded
[06:26:02] [INFO] : Employee_Load Loaded
[06:26:24] [INFO] : Loading Main.Program
[06:26:24] [INFO] : Employee Loaded
[06:26:24] [INFO] : EmployeeStartupEvent Loaded
[06:26:24] [INFO] : Employee_Load Loaded
[06:26:35] [INFO] : Loading Main.Program
[06:26:35] [INFO] : Employee Loaded
[06:26:35] [INFO] : EmployeeStartupEvent Loaded
[06:26:35] [INFO] : Employee_Load Loaded
[06:26:39] [onCellClick/ERROR] (EmployeeCellClickEvent) : Index was out of range. Must be non-negative and less than the size of the collection.
Parameter name: index
[06:26:40] [onCellClick/ERROR] (EmployeeCellClickEvent) : Index was out of range. Must be non-negative and less than the size of the collection.
Parameter name: index
[06:30:54] [INFO] : Loading Main.Program
[06:30:54] [INFO] : Employee Loaded
[06:30:55] [INFO] : EmployeeStartupEvent Loaded
[06:30:55] [INFO] : Employee_Load Loaded
[06:31:28] [INFO] : Loading Main.Program
[06:31:28] [INFO] : Employee Loaded
[06:31:29] [INFO] : EmployeeStartupEvent Loaded
[06:31:29] [INFO] : Employee_Load Loaded
[06:34:20] [INFO] : Loading Main.Program
[06:34:20] [INFO] : Employee Loaded
[06:34:21] [INFO] : EmployeeStartupEvent Loaded
[06:34:21] [INFO] : Employee_Load Loaded
[06:37:57] [INFO] : Loading Main.Program
[06:37:57] [INFO] : Employee Loaded
[06:37:58] [INFO] : EmployeeStartupEvent Loaded
[06:37:58] [INFO] : Employee_Load Loaded
[06:41:58] [INFO] : Loading Main.Program
[06:41:58] [INFO] : Employee Loaded
[06:41:59] [INFO] : EmployeeStartupEvent Loaded
[06:41:59] [INFO] : Employee_Load Loaded
[06:42:25] [INFO] : Loading Main.Program
[06:42:25] [INFO] : Employee Loaded
[06:42:26] [INFO] : EmployeeStartupEvent Loaded
[06:42:26] [INFO] : Employee_Load Loaded
[06:49:59] [INFO] : Loading Main.Program
[06:50:00] [INFO] : Employee Loaded
[06:50:01] [INFO] : EmployeeStartupEvent Loaded
[06:50:01] [INFO] : Employee_Load Loaded
[06:51:32] [INFO] : Loading Main.Program
[06:51:32] [INFO] : Employee Loaded
[06:51:33] [INFO] : EmployeeStartupEvent Loaded
[06:51:33] [INFO] : Employee_Load Loaded
[07:02:51] [INFO] : Loading Main.Program
[07:02:51] [INFO] : Employee Loaded
[07:02:52] [registerDataGridView/ERROR] (EmployeeStartupEvent/EvaluateException) : The expression contains undefined function call Format().
[07:02:52] [INFO] : EmployeeStartupEvent Loaded
[07:02:52] [INFO] : Employee_Load Loaded
[07:07:27] [INFO] : Loading Main.Program
[07:07:28] [INFO] : Employee Loaded
[07:07:28] [INFO] : EmployeeStartupEvent Loaded
[07:07:28] [INFO] : Employee_Load Loaded
[07:53:17] [INFO] : Loading Main.Program
[07:53:17] [INFO] : Employee Loaded
[07:53:19] [INFO] : EmployeeStartupEvent Loaded
[07:53:19] [INFO] : Employee_Load Loaded
