[07:13:02] [INFO] : ---------------------------------------------------------------------------------------
[07:13:02] [INFO] : Loading Main.Program
[07:13:02] [Order/INFO] (Order) : Order Loading...
[07:13:02] [onStartup/INFO] (OrderStartupEvent) : onStartup Loaded
[07:13:02] [load/INFO] (OrderStartupEvent) : OrderStartupEvent Loaded
[07:13:02] [Order_Load/INFO] (Order) : Order Loaded
[07:13:02] [registerItemsInComboBox/INFO] (OrderStartupEvent) : registerItemsInComboBox Loaded
[07:13:02] [registerDataGridView/INFO] (OrderStartupEvent) : registerDataGridView Loaded
[07:13:29] [INFO] : ---------------------------------------------------------------------------------------
[07:13:29] [INFO] : Loading Main.Program
[07:13:29] [Order/INFO] (Order) : Order Loading...
[07:13:29] [onStartup/INFO] (OrderStartupEvent) : onStartup Loaded
[07:13:29] [load/INFO] (OrderStartupEvent) : OrderStartupEvent Loaded
[07:13:29] [Order_Load/INFO] (Order) : Order Loaded
[07:13:29] [registerItemsInComboBox/INFO] (OrderStartupEvent) : registerItemsInComboBox Loaded
[07:13:29] [registerDataGridView/INFO] (OrderStartupEvent) : registerDataGridView Loaded
[07:14:49] [INFO] : ---------------------------------------------------------------------------------------
[07:14:49] [INFO] : Loading Main.Program
[07:14:49] [Order/INFO] (Order) : Order Loading...
[07:14:49] [onStartup/INFO] (OrderStartupEvent) : onStartup Loaded
[07:14:49] [load/INFO] (OrderStartupEvent) : OrderStartupEvent Loaded
[07:14:49] [Order_Load/INFO] (Order) : Order Loaded
[07:14:49] [registerDataGridView/INFO] (OrderStartupEvent) : registerDataGridView Loaded
[07:14:49] [registerItemsInComboBox/INFO] (OrderStartupEvent) : registerItemsInComboBox Loaded
[07:28:15] [INFO] : ---------------------------------------------------------------------------------------
[07:28:15] [INFO] : Loading Main.Program
[07:28:15] [Order/INFO] (Order) : Order Loading...
[07:28:15] [onStartup/INFO] (OrderStartupEvent) : onStartup Loaded
[07:28:15] [load/INFO] (OrderStartupEvent) : OrderStartupEvent Loaded
[07:28:15] [Order_Load/INFO] (Order) : Order Loaded
[07:28:15] [registerDataGridView/INFO] (OrderStartupEvent) : registerDataGridView Loaded
[07:28:16] [registerItemsInComboBox/INFO] (OrderStartupEvent) : registerItemsInComboBox Loaded
[07:31:06] [INFO] : ---------------------------------------------------------------------------------------
[07:31:06] [INFO] : Loading Main.Program
[07:31:06] [Order/INFO] (Order) : Order Loading...
[07:31:06] [onStartup/INFO] (OrderStartupEvent) : onStartup Loaded
[07:31:06] [load/INFO] (OrderStartupEvent) : OrderStartupEvent Loaded
[07:31:06] [Order_Load/INFO] (Order) : Order Loaded
[07:31:07] [registerDataGridView/INFO] (OrderStartupEvent) : registerDataGridView Loaded
[07:31:07] [registerItemsInComboBox/INFO] (OrderStartupEvent) : registerItemsInComboBox Loaded
[07:33:30] [INFO] : ---------------------------------------------------------------------------------------
[07:33:30] [INFO] : Loading Main.Program
[07:33:30] [Order/INFO] (Order) : Order Loading...
[07:33:30] [onStartup/INFO] (OrderStartupEvent) : onStartup Loaded
[07:33:30] [load/INFO] (OrderStartupEvent) : OrderStartupEvent Loaded
[07:33:30] [Order_Load/INFO] (Order) : Order Loaded
[07:33:30] [registerItemsInComboBox/INFO] (OrderStartupEvent) : registerItemsInComboBox Loaded
[07:33:30] [registerDataGridView/INFO] (OrderStartupEvent) : registerDataGridView Loaded
[07:34:13] [INFO] : ---------------------------------------------------------------------------------------
[07:34:13] [INFO] : Loading Main.Program
[07:34:13] [Order/INFO] (Order) : Order Loading...
[07:34:13] [onStartup/INFO] (OrderStartupEvent) : onStartup Loaded
[07:34:13] [load/INFO] (OrderStartupEvent) : OrderStartupEvent Loaded
[07:34:13] [Order_Load/INFO] (Order) : Order Loaded
[07:34:14] [registerItemsInComboBox/INFO] (OrderStartupEvent) : registerItemsInComboBox Loaded
[07:34:14] [registerDataGridView/INFO] (OrderStartupEvent) : registerDataGridView Loaded
[07:36:36] [INFO] : ---------------------------------------------------------------------------------------
[07:36:36] [INFO] : Loading Main.Program
[07:36:36] [Order/INFO] (Order) : Order Loading...
[07:36:36] [onStartup/INFO] (OrderStartupEvent) : onStartup Loaded
[07:36:36] [load/INFO] (OrderStartupEvent) : OrderStartupEvent Loaded
[07:36:36] [Order_Load/INFO] (Order) : Order Loaded
[07:36:37] [registerItemsInComboBox/ERROR] (OrderStartupEvent/MySqlException) : Table 'cafe_db.employees' doesn't exist in engine
[07:36:37] [registerDataGridView/ERROR] (OrderStartupEvent/MySqlException) : Table 'cafe_db.order' doesn't exist in engine
[07:36:44] [INFO] : ---------------------------------------------------------------------------------------
[07:36:44] [INFO] : Loading Main.Program
[07:36:44] [Order/INFO] (Order) : Order Loading...
[07:36:44] [onStartup/INFO] (OrderStartupEvent) : onStartup Loaded
[07:36:44] [load/INFO] (OrderStartupEvent) : OrderStartupEvent Loaded
[07:36:44] [Order_Load/INFO] (Order) : Order Loaded
[07:36:45] [registerDataGridView/ERROR] (OrderStartupEvent/MySqlException) : Table 'cafe_db.order' doesn't exist in engine
[07:36:45] [registerItemsInComboBox/ERROR] (OrderStartupEvent/MySqlException) : Table 'cafe_db.employees' doesn't exist in engine
[07:40:10] [INFO] : ---------------------------------------------------------------------------------------
[07:40:10] [INFO] : Loading Main.Program
[07:40:10] [Order/INFO] (Order) : Order Loading...
[07:40:10] [onStartup/INFO] (OrderStartupEvent) : onStartup Loaded
[07:40:10] [load/INFO] (OrderStartupEvent) : OrderStartupEvent Loaded
[07:40:10] [Order_Load/INFO] (Order) : Order Loaded
[07:40:11] [registerDataGridView/INFO] (OrderStartupEvent) : Successfully added items
[07:40:11] [registerDataGridView/INFO] (OrderStartupEvent) : registerDataGridView Loaded
[07:40:11] [registerItemsInComboBox/INFO] (OrderStartupEvent) : registerItemsInComboBox Loaded
[07:41:40] [INFO] : ---------------------------------------------------------------------------------------
[07:41:40] [INFO] : Loading Main.Program
[07:41:40] [Order/INFO] (Order) : Order Loading...
[07:41:40] [onStartup/INFO] (OrderStartupEvent) : onStartup Loaded
[07:41:40] [load/INFO] (OrderStartupEvent) : OrderStartupEvent Loaded
[07:41:40] [Order_Load/INFO] (Order) : Order Loaded
[07:41:41] [registerDataGridView/INFO] (OrderStartupEvent) : Successfully added items
[07:41:41] [registerDataGridView/INFO] (OrderStartupEvent) : registerDataGridView Loaded
[07:41:41] [registerItemsInComboBox/INFO] (OrderStartupEvent) : registerItemsInComboBox Loaded
[07:43:32] [INFO] : ---------------------------------------------------------------------------------------
[07:43:32] [INFO] : Loading Main.Program
[07:43:32] [Order/INFO] (Order) : Order Loading...
[07:43:32] [onStartup/INFO] (OrderStartupEvent) : onStartup Loaded
[07:43:32] [load/INFO] (OrderStartupEvent) : OrderStartupEvent Loaded
[07:43:32] [Order_Load/INFO] (Order) : Order Loaded
[07:43:33] [registerItemsInComboBox/INFO] (OrderStartupEvent) : registerItemsInComboBox Loaded
[07:43:34] [registerDataGridView/INFO] (OrderStartupEvent) : Successfully added items
[07:43:34] [registerDataGridView/INFO] (OrderStartupEvent) : registerDataGridView Loaded
[07:43:34] [Employee/INFO] (Employee) : Employee Loading...
[07:43:34] [onStartup/INFO] (EmployeeStartupEvent) : onStartup Loaded
[07:43:34] [registerItemsInComboBox/INFO] (EmployeeStartupEvent) : registerItemsInComboBox Loaded
[07:43:34] [load/INFO] (EmployeeStartupEvent) : EmployeeStartupEvent Loaded
[07:43:34] [Employee_Load/INFO] (Employee) : Employee Loaded
[07:43:34] [onChange/INFO] (ScreenChangeEvent) : Order -> Employee
[07:43:34] [registerDataGridView/INFO] (EmployeeStartupEvent) : Successfully added item
[07:43:34] [registerDataGridView/INFO] (EmployeeStartupEvent) : registerDataGridView Loaded
[07:43:47] [registerDataGridView/INFO] (EmployeeStartupEvent) : Successfully added item
[07:43:47] [registerDataGridView/INFO] (EmployeeStartupEvent) : registerDataGridView Loaded
[07:43:47] [clearTextBox/INFO] (EmployeeButtonClickEvent) : Removed item(s) from components
[08:01:56] [INFO] : ---------------------------------------------------------------------------------------
[08:01:56] [INFO] : Loading Main.Program
[08:01:56] [Order/INFO] (Order) : Order Loading...
[08:01:56] [onStartup/INFO] (OrderStartupEvent) : onStartup Loaded
[08:01:56] [load/INFO] (OrderStartupEvent) : OrderStartupEvent Loaded
[08:01:56] [Order_Load/INFO] (Order) : Order Loaded
[08:01:57] [registerDataGridView/INFO] (OrderStartupEvent) : Successfully added items
[08:01:57] [registerDataGridView/INFO] (OrderStartupEvent) : registerDataGridView Loaded
[08:01:57] [registerItemsInComboBox/INFO] (OrderStartupEvent) : registerItemsInComboBox Loaded
[08:01:58] [Employee/INFO] (Employee) : Employee Loading...
[08:01:58] [onStartup/INFO] (EmployeeStartupEvent) : onStartup Loaded
[08:01:58] [registerItemsInComboBox/INFO] (EmployeeStartupEvent) : registerItemsInComboBox Loaded
[08:01:58] [load/INFO] (EmployeeStartupEvent) : EmployeeStartupEvent Loaded
[08:01:58] [Employee_Load/INFO] (Employee) : Employee Loaded
[08:01:58] [onChange/INFO] (ScreenChangeEvent) : Order -> Employee
[08:01:58] [registerDataGridView/INFO] (EmployeeStartupEvent) : Successfully added item
[08:01:58] [registerDataGridView/INFO] (EmployeeStartupEvent) : registerDataGridView Loaded
[08:01:58] [Drink/INFO] (Drink) : Drink Loading...
[08:01:58] [onStartup/INFO] (DrinkStartupEvent) : onStartup Loaded
[08:01:58] [registerItemsInComboBox/INFO] (DrinkStartupEvent) : registerItemsInComboBox Loaded
[08:01:58] [load/INFO] (DrinkStartupEvent) : DrinkStartupEvent Loaded
[08:01:58] [Drink_Load/INFO] (Drink) : Drink Loading...
[08:01:58] [onChange/INFO] (ScreenChangeEvent) : Employee -> Drink
[08:01:58] [registerDataGridView/INFO] (DrinkStartupEvent) : Successfully added items
[08:01:58] [registerDataGridView/INFO] (DrinkStartupEvent) : registerDataGridView Loaded
[08:01:59] [Material/INFO] (Material) : Material Loading...
[08:01:59] [onStartup/INFO] (MaterialStartupEvent) : onStartup Loaded
[08:01:59] [load/INFO] (MaterialStartupEvent) : MaterialStartupEvent Loaded
[08:01:59] [Material_Load/INFO] (Material) : Material Loaded
[08:01:59] [onChange/INFO] (ScreenChangeEvent) : Drink -> Material
[08:01:59] [registerDataGridView/INFO] (MaterialStartupEvent) : Successfully added item
[08:01:59] [registerDataGridView/INFO] (MaterialStartupEvent) : registerDataGridView Loaded
[08:01:59] [Topping/INFO] (Topping) : Topping Loading...
[08:01:59] [onStartup/INFO] (ToppingStartupEvent) : onStartup Loaded
[08:01:59] [load/INFO] (ToppingStartupEvent) : ToppingStartupEvent Loaded
[08:01:59] [Topping_Load/INFO] (Topping) : Topping Loaded
[08:01:59] [onChange/INFO] (ScreenChangeEvent) : Material -> Topping
[08:02:00] [registerDataGridView/INFO] (ToppingStartupEvent) : Successfully added items
[08:02:00] [registerDataGridView/INFO] (ToppingStartupEvent) : registerDataGridView Loaded
[08:02:00] [MaterialofDrink/INFO] (MaterialofDrink) : MaterialofDrink Loading...
[08:02:00] [onStartup/INFO] (MaterialofDrinkStartupEvent) : onStartup Loaded
[08:02:00] [load/INFO] (MaterialofDrinkStartupEvent) : MaterialofDrinkStartupEvent Loaded
[08:02:00] [MaterialofDrink_Load/INFO] (MaterialofDrink) : MaterialofDrink Loaded
[08:02:00] [onChange/INFO] (ScreenChangeEvent) : Topping -> MaterialofDrink
[08:02:00] [registerDataGridView/INFO] (MaterialofDrinkStartupEvent) : Successfully added item
[08:02:00] [registerDataGridView/INFO] (MaterialofDrinkStartupEvent) : registerDataGridViewLoaded
[08:02:00] [OrderDetail/INFO] (OrderDetail) : OrderDetail Loading...
[08:02:00] [onStartup/INFO] (OrderDetailStartupEvent) : onStartup Loaded
[08:02:00] [load/INFO] (OrderDetailStartupEvent) : OrderDetailStartupEvent Loaded
[08:02:00] [OrderDetail_Load/INFO] (OrderDetail) : OrderDetail Loaded
[08:02:00] [onChange/INFO] (ScreenChangeEvent) : MaterialofDrink -> OrderDetail
[08:02:00] [registerItemsInComboBox/INFO] (MaterialofDrinkStartupEvent) : registerItemsInComboBox Loaded
[08:02:00] [registerDataGridView/INFO] (OrderDetailStartupEvent) : Successfully added items
[08:02:00] [registerDataGridView/INFO] (OrderDetailStartupEvent) : registerDataGridView Loaded
[08:02:01] [registerItemsInComboBox/INFO] (OrderDetailStartupEvent) : registerItemsInComboBox Loaded
[08:02:01] [Employee/INFO] (Employee) : Employee Loading...
[08:02:01] [onStartup/INFO] (EmployeeStartupEvent) : onStartup Loaded
[08:02:01] [registerItemsInComboBox/INFO] (EmployeeStartupEvent) : registerItemsInComboBox Loaded
[08:02:01] [load/INFO] (EmployeeStartupEvent) : EmployeeStartupEvent Loaded
[08:02:01] [Employee_Load/INFO] (Employee) : Employee Loaded
[08:02:01] [onChange/INFO] (ScreenChangeEvent) : OrderDetail -> Employee
[08:02:01] [registerDataGridView/INFO] (EmployeeStartupEvent) : Successfully added item
[08:02:01] [registerDataGridView/INFO] (EmployeeStartupEvent) : registerDataGridView Loaded
[08:02:01] [Order/INFO] (Order) : Order Loading...
[08:02:01] [onStartup/INFO] (OrderStartupEvent) : onStartup Loaded
[08:02:01] [load/INFO] (OrderStartupEvent) : OrderStartupEvent Loaded
[08:02:01] [Order_Load/INFO] (Order) : Order Loaded
[08:02:01] [onChange/INFO] (ScreenChangeEvent) : Employee -> Order
[08:02:01] [registerDataGridView/INFO] (OrderStartupEvent) : Successfully added items
[08:02:01] [registerDataGridView/INFO] (OrderStartupEvent) : registerDataGridView Loaded
[08:02:01] [registerItemsInComboBox/INFO] (OrderStartupEvent) : registerItemsInComboBox Loaded
[08:02:14] [INFO] : ---------------------------------------------------------------------------------------
[08:02:14] [INFO] : Loading Main.Program
[08:02:14] [Order/INFO] (Order) : Order Loading...
[08:02:14] [onStartup/INFO] (OrderStartupEvent) : onStartup Loaded
[08:02:14] [load/INFO] (OrderStartupEvent) : OrderStartupEvent Loaded
[08:02:14] [Order_Load/INFO] (Order) : Order Loaded
[08:02:15] [registerDataGridView/INFO] (OrderStartupEvent) : Successfully added items
[08:02:15] [registerDataGridView/INFO] (OrderStartupEvent) : registerDataGridView Loaded
[08:02:15] [registerItemsInComboBox/INFO] (OrderStartupEvent) : registerItemsInComboBox Loaded
[08:04:21] [Employee/INFO] (Employee) : Employee Loading...
[08:04:21] [onStartup/INFO] (EmployeeStartupEvent) : onStartup Loaded
[08:04:21] [registerItemsInComboBox/INFO] (EmployeeStartupEvent) : registerItemsInComboBox Loaded
[08:04:21] [load/INFO] (EmployeeStartupEvent) : EmployeeStartupEvent Loaded
[08:04:21] [Employee_Load/INFO] (Employee) : Employee Loaded
[08:04:21] [onChange/INFO] (ScreenChangeEvent) : Order -> Employee
[08:04:21] [registerDataGridView/INFO] (EmployeeStartupEvent) : Successfully added item
[08:04:21] [registerDataGridView/INFO] (EmployeeStartupEvent) : registerDataGridView Loaded
[08:04:21] [Drink/INFO] (Drink) : Drink Loading...
[08:04:21] [onStartup/INFO] (DrinkStartupEvent) : onStartup Loaded
[08:04:22] [registerItemsInComboBox/INFO] (DrinkStartupEvent) : registerItemsInComboBox Loaded
[08:04:22] [load/INFO] (DrinkStartupEvent) : DrinkStartupEvent Loaded
[08:04:22] [Drink_Load/INFO] (Drink) : Drink Loading...
[08:04:22] [onChange/INFO] (ScreenChangeEvent) : Employee -> Drink
[08:04:22] [registerDataGridView/INFO] (DrinkStartupEvent) : Successfully added items
[08:04:22] [registerDataGridView/INFO] (DrinkStartupEvent) : registerDataGridView Loaded
[08:04:22] [Material/INFO] (Material) : Material Loading...
[08:04:22] [onStartup/INFO] (MaterialStartupEvent) : onStartup Loaded
[08:04:22] [load/INFO] (MaterialStartupEvent) : MaterialStartupEvent Loaded
[08:04:22] [Material_Load/INFO] (Material) : Material Loaded
[08:04:22] [onChange/INFO] (ScreenChangeEvent) : Drink -> Material
[08:04:22] [registerDataGridView/INFO] (MaterialStartupEvent) : Successfully added item
[08:04:22] [registerDataGridView/INFO] (MaterialStartupEvent) : registerDataGridView Loaded
[08:04:22] [Topping/INFO] (Topping) : Topping Loading...
[08:04:22] [onStartup/INFO] (ToppingStartupEvent) : onStartup Loaded
[08:04:22] [load/INFO] (ToppingStartupEvent) : ToppingStartupEvent Loaded
[08:04:22] [Topping_Load/INFO] (Topping) : Topping Loaded
[08:04:22] [onChange/INFO] (ScreenChangeEvent) : Material -> Topping
[08:04:22] [registerDataGridView/INFO] (ToppingStartupEvent) : Successfully added items
[08:04:22] [registerDataGridView/INFO] (ToppingStartupEvent) : registerDataGridView Loaded
[08:04:23] [MaterialofDrink/INFO] (MaterialofDrink) : MaterialofDrink Loading...
[08:04:23] [onStartup/INFO] (MaterialofDrinkStartupEvent) : onStartup Loaded
[08:04:23] [load/INFO] (MaterialofDrinkStartupEvent) : MaterialofDrinkStartupEvent Loaded
[08:04:23] [MaterialofDrink_Load/INFO] (MaterialofDrink) : MaterialofDrink Loaded
[08:04:23] [onChange/INFO] (ScreenChangeEvent) : Topping -> MaterialofDrink
[08:04:23] [registerDataGridView/INFO] (MaterialofDrinkStartupEvent) : Successfully added item
[08:04:23] [registerDataGridView/INFO] (MaterialofDrinkStartupEvent) : registerDataGridViewLoaded
[08:04:23] [registerItemsInComboBox/INFO] (MaterialofDrinkStartupEvent) : registerItemsInComboBox Loaded
[08:04:23] [OrderDetail/INFO] (OrderDetail) : OrderDetail Loading...
[08:04:23] [onStartup/INFO] (OrderDetailStartupEvent) : onStartup Loaded
[08:04:23] [load/INFO] (OrderDetailStartupEvent) : OrderDetailStartupEvent Loaded
[08:04:23] [OrderDetail_Load/INFO] (OrderDetail) : OrderDetail Loaded
[08:04:23] [onChange/INFO] (ScreenChangeEvent) : MaterialofDrink -> OrderDetail
[08:04:23] [registerDataGridView/INFO] (OrderDetailStartupEvent) : Successfully added items
[08:04:23] [registerDataGridView/INFO] (OrderDetailStartupEvent) : registerDataGridView Loaded
[08:04:23] [registerItemsInComboBox/INFO] (OrderDetailStartupEvent) : registerItemsInComboBox Loaded
[08:04:24] [Topping/INFO] (Topping) : Topping Loading...
[08:04:24] [onStartup/INFO] (ToppingStartupEvent) : onStartup Loaded
[08:04:24] [load/INFO] (ToppingStartupEvent) : ToppingStartupEvent Loaded
[08:04:24] [Topping_Load/INFO] (Topping) : Topping Loaded
[08:04:24] [onChange/INFO] (ScreenChangeEvent) : OrderDetail -> Topping
[08:04:24] [registerDataGridView/INFO] (ToppingStartupEvent) : Successfully added items
[08:04:24] [registerDataGridView/INFO] (ToppingStartupEvent) : registerDataGridView Loaded
[08:04:24] [MaterialofDrink/INFO] (MaterialofDrink) : MaterialofDrink Loading...
[08:04:24] [onStartup/INFO] (MaterialofDrinkStartupEvent) : onStartup Loaded
[08:04:24] [load/INFO] (MaterialofDrinkStartupEvent) : MaterialofDrinkStartupEvent Loaded
[08:04:24] [MaterialofDrink_Load/INFO] (MaterialofDrink) : MaterialofDrink Loaded
[08:04:24] [onChange/INFO] (ScreenChangeEvent) : Topping -> MaterialofDrink
[08:04:24] [registerDataGridView/INFO] (MaterialofDrinkStartupEvent) : Successfully added item
[08:04:24] [registerDataGridView/INFO] (MaterialofDrinkStartupEvent) : registerDataGridViewLoaded
[08:04:24] [registerItemsInComboBox/INFO] (MaterialofDrinkStartupEvent) : registerItemsInComboBox Loaded
[08:04:25] [Material/INFO] (Material) : Material Loading...
[08:04:25] [onStartup/INFO] (MaterialStartupEvent) : onStartup Loaded
[08:04:25] [load/INFO] (MaterialStartupEvent) : MaterialStartupEvent Loaded
[08:04:25] [Material_Load/INFO] (Material) : Material Loaded
[08:04:25] [onChange/INFO] (ScreenChangeEvent) : MaterialofDrink -> Material
[08:04:25] [registerDataGridView/INFO] (MaterialStartupEvent) : Successfully added item
[08:04:25] [registerDataGridView/INFO] (MaterialStartupEvent) : registerDataGridView Loaded
[08:04:25] [MaterialofDrink/INFO] (MaterialofDrink) : MaterialofDrink Loading...
[08:04:25] [onStartup/INFO] (MaterialofDrinkStartupEvent) : onStartup Loaded
[08:04:25] [load/INFO] (MaterialofDrinkStartupEvent) : MaterialofDrinkStartupEvent Loaded
[08:04:25] [MaterialofDrink_Load/INFO] (MaterialofDrink) : MaterialofDrink Loaded
[08:04:25] [onChange/INFO] (ScreenChangeEvent) : Material -> MaterialofDrink
[08:04:25] [registerDataGridView/INFO] (MaterialofDrinkStartupEvent) : Successfully added item
[08:04:25] [registerDataGridView/INFO] (MaterialofDrinkStartupEvent) : registerDataGridViewLoaded
[08:04:26] [registerItemsInComboBox/INFO] (MaterialofDrinkStartupEvent) : registerItemsInComboBox Loaded
[08:04:26] [Employee/INFO] (Employee) : Employee Loading...
[08:04:26] [onStartup/INFO] (EmployeeStartupEvent) : onStartup Loaded
[08:04:26] [registerItemsInComboBox/INFO] (EmployeeStartupEvent) : registerItemsInComboBox Loaded
[08:04:26] [load/INFO] (EmployeeStartupEvent) : EmployeeStartupEvent Loaded
[08:04:26] [Employee_Load/INFO] (Employee) : Employee Loaded
[08:04:26] [onChange/INFO] (ScreenChangeEvent) : MaterialofDrink -> Employee
[08:04:26] [registerDataGridView/INFO] (EmployeeStartupEvent) : Successfully added item
[08:04:26] [registerDataGridView/INFO] (EmployeeStartupEvent) : registerDataGridView Loaded
[08:04:26] [Drink/INFO] (Drink) : Drink Loading...
[08:04:26] [onStartup/INFO] (DrinkStartupEvent) : onStartup Loaded
[08:04:26] [registerItemsInComboBox/INFO] (DrinkStartupEvent) : registerItemsInComboBox Loaded
[08:04:26] [load/INFO] (DrinkStartupEvent) : DrinkStartupEvent Loaded
[08:04:26] [Drink_Load/INFO] (Drink) : Drink Loading...
[08:04:26] [onChange/INFO] (ScreenChangeEvent) : Employee -> Drink
[08:04:26] [registerDataGridView/INFO] (DrinkStartupEvent) : Successfully added items
[08:04:26] [registerDataGridView/INFO] (DrinkStartupEvent) : registerDataGridView Loaded
[08:04:26] [Order/INFO] (Order) : Order Loading...
[08:04:26] [onStartup/INFO] (OrderStartupEvent) : onStartup Loaded
[08:04:26] [load/INFO] (OrderStartupEvent) : OrderStartupEvent Loaded
[08:04:26] [Order_Load/INFO] (Order) : Order Loaded
[08:04:27] [onChange/INFO] (ScreenChangeEvent) : Drink -> Order
[08:04:27] [registerDataGridView/INFO] (OrderStartupEvent) : Successfully added items
[08:04:27] [registerDataGridView/INFO] (OrderStartupEvent) : registerDataGridView Loaded
[08:04:27] [registerItemsInComboBox/INFO] (OrderStartupEvent) : registerItemsInComboBox Loaded
[08:04:27] [Topping/INFO] (Topping) : Topping Loading...
[08:04:27] [onStartup/INFO] (ToppingStartupEvent) : onStartup Loaded
[08:04:27] [load/INFO] (ToppingStartupEvent) : ToppingStartupEvent Loaded
[08:04:27] [Topping_Load/INFO] (Topping) : Topping Loaded
[08:04:27] [onChange/INFO] (ScreenChangeEvent) : Order -> Topping
[08:04:27] [registerDataGridView/INFO] (ToppingStartupEvent) : Successfully added items
[08:04:27] [registerDataGridView/INFO] (ToppingStartupEvent) : registerDataGridView Loaded
[08:04:27] [Drink/INFO] (Drink) : Drink Loading...
[08:04:27] [onStartup/INFO] (DrinkStartupEvent) : onStartup Loaded
[08:04:27] [registerItemsInComboBox/INFO] (DrinkStartupEvent) : registerItemsInComboBox Loaded
[08:04:27] [load/INFO] (DrinkStartupEvent) : DrinkStartupEvent Loaded
[08:04:27] [Drink_Load/INFO] (Drink) : Drink Loading...
[08:04:27] [onChange/INFO] (ScreenChangeEvent) : Topping -> Drink
[08:04:27] [registerDataGridView/INFO] (DrinkStartupEvent) : Successfully added items
[08:04:27] [registerDataGridView/INFO] (DrinkStartupEvent) : registerDataGridView Loaded
[08:04:28] [OrderDetail/INFO] (OrderDetail) : OrderDetail Loading...
[08:04:28] [onStartup/INFO] (OrderDetailStartupEvent) : onStartup Loaded
[08:04:28] [load/INFO] (OrderDetailStartupEvent) : OrderDetailStartupEvent Loaded
[08:04:28] [OrderDetail_Load/INFO] (OrderDetail) : OrderDetail Loaded
[08:04:28] [onChange/INFO] (ScreenChangeEvent) : Drink -> OrderDetail
[08:04:28] [registerDataGridView/INFO] (OrderDetailStartupEvent) : Successfully added items
[08:04:28] [registerDataGridView/INFO] (OrderDetailStartupEvent) : registerDataGridView Loaded
[08:04:28] [registerItemsInComboBox/INFO] (OrderDetailStartupEvent) : registerItemsInComboBox Loaded
[08:04:28] [Employee/INFO] (Employee) : Employee Loading...
[08:04:28] [onStartup/INFO] (EmployeeStartupEvent) : onStartup Loaded
[08:04:28] [registerItemsInComboBox/INFO] (EmployeeStartupEvent) : registerItemsInComboBox Loaded
[08:04:28] [load/INFO] (EmployeeStartupEvent) : EmployeeStartupEvent Loaded
[08:04:28] [Employee_Load/INFO] (Employee) : Employee Loaded
[08:04:28] [onChange/INFO] (ScreenChangeEvent) : OrderDetail -> Employee
[08:04:28] [registerDataGridView/INFO] (EmployeeStartupEvent) : Successfully added item
[08:04:28] [registerDataGridView/INFO] (EmployeeStartupEvent) : registerDataGridView Loaded
[08:04:28] [Topping/INFO] (Topping) : Topping Loading...
[08:04:29] [onStartup/INFO] (ToppingStartupEvent) : onStartup Loaded
[08:04:29] [load/INFO] (ToppingStartupEvent) : ToppingStartupEvent Loaded
[08:04:29] [Topping_Load/INFO] (Topping) : Topping Loaded
[08:04:29] [onChange/INFO] (ScreenChangeEvent) : Employee -> Topping
[08:04:29] [registerDataGridView/INFO] (ToppingStartupEvent) : Successfully added items
[08:04:29] [registerDataGridView/INFO] (ToppingStartupEvent) : registerDataGridView Loaded
[08:04:29] [Drink/INFO] (Drink) : Drink Loading...
[08:04:29] [onStartup/INFO] (DrinkStartupEvent) : onStartup Loaded
[08:04:29] [registerItemsInComboBox/INFO] (DrinkStartupEvent) : registerItemsInComboBox Loaded
[08:04:29] [load/INFO] (DrinkStartupEvent) : DrinkStartupEvent Loaded
[08:04:29] [Drink_Load/INFO] (Drink) : Drink Loading...
[08:04:29] [onChange/INFO] (ScreenChangeEvent) : Topping -> Drink
[08:04:29] [registerDataGridView/INFO] (DrinkStartupEvent) : Successfully added items
[08:04:29] [registerDataGridView/INFO] (DrinkStartupEvent) : registerDataGridView Loaded
[08:04:29] [Employee/INFO] (Employee) : Employee Loading...
[08:04:29] [onStartup/INFO] (EmployeeStartupEvent) : onStartup Loaded
[08:04:29] [registerItemsInComboBox/INFO] (EmployeeStartupEvent) : registerItemsInComboBox Loaded
[08:04:29] [load/INFO] (EmployeeStartupEvent) : EmployeeStartupEvent Loaded
[08:04:29] [Employee_Load/INFO] (Employee) : Employee Loaded
[08:04:29] [onChange/INFO] (ScreenChangeEvent) : Drink -> Employee
[08:04:30] [registerDataGridView/INFO] (EmployeeStartupEvent) : Successfully added item
[08:04:30] [registerDataGridView/INFO] (EmployeeStartupEvent) : registerDataGridView Loaded
[08:04:30] [Order/INFO] (Order) : Order Loading...
[08:04:30] [onStartup/INFO] (OrderStartupEvent) : onStartup Loaded
[08:04:30] [load/INFO] (OrderStartupEvent) : OrderStartupEvent Loaded
[08:04:30] [Order_Load/INFO] (Order) : Order Loaded
[08:04:30] [onChange/INFO] (ScreenChangeEvent) : Employee -> Order
[08:04:30] [registerDataGridView/INFO] (OrderStartupEvent) : Successfully added items
[08:04:30] [registerDataGridView/INFO] (OrderStartupEvent) : registerDataGridView Loaded
[08:04:30] [registerItemsInComboBox/INFO] (OrderStartupEvent) : registerItemsInComboBox Loaded
[08:04:30] [Topping/INFO] (Topping) : Topping Loading...
[08:04:30] [onStartup/INFO] (ToppingStartupEvent) : onStartup Loaded
[08:04:30] [load/INFO] (ToppingStartupEvent) : ToppingStartupEvent Loaded
[08:04:30] [Topping_Load/INFO] (Topping) : Topping Loaded
[08:04:30] [onChange/INFO] (ScreenChangeEvent) : Order -> Topping
[08:04:30] [registerDataGridView/INFO] (ToppingStartupEvent) : Successfully added items
[08:04:30] [registerDataGridView/INFO] (ToppingStartupEvent) : registerDataGridView Loaded
[08:04:30] [Employee/INFO] (Employee) : Employee Loading...
[08:04:30] [onStartup/INFO] (EmployeeStartupEvent) : onStartup Loaded
[08:04:30] [registerItemsInComboBox/INFO] (EmployeeStartupEvent) : registerItemsInComboBox Loaded
[08:04:30] [load/INFO] (EmployeeStartupEvent) : EmployeeStartupEvent Loaded
[08:04:30] [Employee_Load/INFO] (Employee) : Employee Loaded
[08:04:31] [onChange/INFO] (ScreenChangeEvent) : Topping -> Employee
[08:04:31] [registerDataGridView/INFO] (EmployeeStartupEvent) : Successfully added item
[08:04:31] [registerDataGridView/INFO] (EmployeeStartupEvent) : registerDataGridView Loaded
[08:04:31] [Order/INFO] (Order) : Order Loading...
[08:04:31] [onStartup/INFO] (OrderStartupEvent) : onStartup Loaded
[08:04:31] [load/INFO] (OrderStartupEvent) : OrderStartupEvent Loaded
[08:04:31] [Order_Load/INFO] (Order) : Order Loaded
[08:04:31] [onChange/INFO] (ScreenChangeEvent) : Employee -> Order
[08:04:31] [registerDataGridView/INFO] (OrderStartupEvent) : Successfully added items
[08:04:31] [registerDataGridView/INFO] (OrderStartupEvent) : registerDataGridView Loaded
[08:04:31] [registerItemsInComboBox/INFO] (OrderStartupEvent) : registerItemsInComboBox Loaded
[08:04:31] [Topping/INFO] (Topping) : Topping Loading...
[08:04:31] [onStartup/INFO] (ToppingStartupEvent) : onStartup Loaded
[08:04:31] [load/INFO] (ToppingStartupEvent) : ToppingStartupEvent Loaded
[08:04:31] [Topping_Load/INFO] (Topping) : Topping Loaded
[08:04:31] [onChange/INFO] (ScreenChangeEvent) : Order -> Topping
[08:04:32] [registerDataGridView/INFO] (ToppingStartupEvent) : Successfully added items
[08:04:32] [registerDataGridView/INFO] (ToppingStartupEvent) : registerDataGridView Loaded
[08:04:32] [MaterialofDrink/INFO] (MaterialofDrink) : MaterialofDrink Loading...
[08:04:32] [onStartup/INFO] (MaterialofDrinkStartupEvent) : onStartup Loaded
[08:04:32] [load/INFO] (MaterialofDrinkStartupEvent) : MaterialofDrinkStartupEvent Loaded
[08:04:32] [MaterialofDrink_Load/INFO] (MaterialofDrink) : MaterialofDrink Loaded
[08:04:32] [onChange/INFO] (ScreenChangeEvent) : Topping -> MaterialofDrink
[08:04:32] [registerDataGridView/INFO] (MaterialofDrinkStartupEvent) : Successfully added item
[08:04:32] [registerDataGridView/INFO] (MaterialofDrinkStartupEvent) : registerDataGridViewLoaded
[08:04:32] [registerItemsInComboBox/INFO] (MaterialofDrinkStartupEvent) : registerItemsInComboBox Loaded
[08:04:32] [Topping/INFO] (Topping) : Topping Loading...
[08:04:32] [onStartup/INFO] (ToppingStartupEvent) : onStartup Loaded
[08:04:32] [load/INFO] (ToppingStartupEvent) : ToppingStartupEvent Loaded
[08:04:32] [Topping_Load/INFO] (Topping) : Topping Loaded
[08:04:32] [onChange/INFO] (ScreenChangeEvent) : MaterialofDrink -> Topping
[08:04:32] [registerDataGridView/INFO] (ToppingStartupEvent) : Successfully added items
[08:04:32] [registerDataGridView/INFO] (ToppingStartupEvent) : registerDataGridView Loaded
[08:04:32] [Drink/INFO] (Drink) : Drink Loading...
[08:04:32] [onStartup/INFO] (DrinkStartupEvent) : onStartup Loaded
[08:04:32] [registerItemsInComboBox/INFO] (DrinkStartupEvent) : registerItemsInComboBox Loaded
[08:04:32] [load/INFO] (DrinkStartupEvent) : DrinkStartupEvent Loaded
[08:04:32] [Drink_Load/INFO] (Drink) : Drink Loading...
[08:04:32] [onChange/INFO] (ScreenChangeEvent) : Topping -> Drink
[08:04:33] [registerDataGridView/INFO] (DrinkStartupEvent) : Successfully added items
[08:04:33] [registerDataGridView/INFO] (DrinkStartupEvent) : registerDataGridView Loaded
[08:04:33] [Employee/INFO] (Employee) : Employee Loading...
[08:04:33] [onStartup/INFO] (EmployeeStartupEvent) : onStartup Loaded
[08:04:33] [registerItemsInComboBox/INFO] (EmployeeStartupEvent) : registerItemsInComboBox Loaded
[08:04:33] [load/INFO] (EmployeeStartupEvent) : EmployeeStartupEvent Loaded
[08:04:33] [Employee_Load/INFO] (Employee) : Employee Loaded
[08:04:33] [onChange/INFO] (ScreenChangeEvent) : Drink -> Employee
[08:04:33] [registerDataGridView/INFO] (EmployeeStartupEvent) : Successfully added item
[08:04:33] [registerDataGridView/INFO] (EmployeeStartupEvent) : registerDataGridView Loaded
[08:04:33] [Order/INFO] (Order) : Order Loading...
[08:04:33] [onStartup/INFO] (OrderStartupEvent) : onStartup Loaded
[08:04:33] [load/INFO] (OrderStartupEvent) : OrderStartupEvent Loaded
[08:04:33] [Order_Load/INFO] (Order) : Order Loaded
[08:04:34] [onChange/INFO] (ScreenChangeEvent) : Employee -> Order
[08:04:34] [registerDataGridView/INFO] (OrderStartupEvent) : Successfully added items
[08:04:34] [registerDataGridView/INFO] (OrderStartupEvent) : registerDataGridView Loaded
[08:04:34] [registerItemsInComboBox/INFO] (OrderStartupEvent) : registerItemsInComboBox Loaded
[08:04:34] [Employee/INFO] (Employee) : Employee Loading...
[08:04:34] [onStartup/INFO] (EmployeeStartupEvent) : onStartup Loaded
[08:04:34] [registerItemsInComboBox/INFO] (EmployeeStartupEvent) : registerItemsInComboBox Loaded
[08:04:34] [load/INFO] (EmployeeStartupEvent) : EmployeeStartupEvent Loaded
[08:04:34] [Employee_Load/INFO] (Employee) : Employee Loaded
[08:04:34] [onChange/INFO] (ScreenChangeEvent) : Order -> Employee
[08:04:34] [registerDataGridView/INFO] (EmployeeStartupEvent) : Successfully added item
[08:04:34] [registerDataGridView/INFO] (EmployeeStartupEvent) : registerDataGridView Loaded
[08:04:34] [Drink/INFO] (Drink) : Drink Loading...
[08:04:34] [onStartup/INFO] (DrinkStartupEvent) : onStartup Loaded
[08:04:34] [registerItemsInComboBox/INFO] (DrinkStartupEvent) : registerItemsInComboBox Loaded
[08:04:34] [load/INFO] (DrinkStartupEvent) : DrinkStartupEvent Loaded
[08:04:34] [Drink_Load/INFO] (Drink) : Drink Loading...
[08:04:34] [onChange/INFO] (ScreenChangeEvent) : Employee -> Drink
[08:04:34] [registerDataGridView/INFO] (DrinkStartupEvent) : Successfully added items
[08:04:34] [registerDataGridView/INFO] (DrinkStartupEvent) : registerDataGridView Loaded
[08:04:35] [Material/INFO] (Material) : Material Loading...
[08:04:35] [onStartup/INFO] (MaterialStartupEvent) : onStartup Loaded
[08:04:35] [load/INFO] (MaterialStartupEvent) : MaterialStartupEvent Loaded
[08:04:35] [Material_Load/INFO] (Material) : Material Loaded
[08:04:35] [onChange/INFO] (ScreenChangeEvent) : Drink -> Material
[08:04:35] [registerDataGridView/INFO] (MaterialStartupEvent) : Successfully added item
[08:04:35] [registerDataGridView/INFO] (MaterialStartupEvent) : registerDataGridView Loaded
[08:04:35] [Topping/INFO] (Topping) : Topping Loading...
[08:04:35] [onStartup/INFO] (ToppingStartupEvent) : onStartup Loaded
[08:04:35] [load/INFO] (ToppingStartupEvent) : ToppingStartupEvent Loaded
[08:04:35] [Topping_Load/INFO] (Topping) : Topping Loaded
[08:04:35] [onChange/INFO] (ScreenChangeEvent) : Material -> Topping
[08:04:35] [registerDataGridView/INFO] (ToppingStartupEvent) : Successfully added items
[08:04:35] [registerDataGridView/INFO] (ToppingStartupEvent) : registerDataGridView Loaded
[08:04:35] [MaterialofDrink/INFO] (MaterialofDrink) : MaterialofDrink Loading...
[08:04:35] [onStartup/INFO] (MaterialofDrinkStartupEvent) : onStartup Loaded
[08:04:35] [load/INFO] (MaterialofDrinkStartupEvent) : MaterialofDrinkStartupEvent Loaded
[08:04:35] [MaterialofDrink_Load/INFO] (MaterialofDrink) : MaterialofDrink Loaded
[08:04:35] [onChange/INFO] (ScreenChangeEvent) : Topping -> MaterialofDrink
[08:04:35] [registerItemsInComboBox/INFO] (MaterialofDrinkStartupEvent) : registerItemsInComboBox Loaded
[08:04:36] [OrderDetail/INFO] (OrderDetail) : OrderDetail Loading...
[08:04:36] [onStartup/INFO] (OrderDetailStartupEvent) : onStartup Loaded
[08:04:36] [load/INFO] (OrderDetailStartupEvent) : OrderDetailStartupEvent Loaded
[08:04:36] [OrderDetail_Load/INFO] (OrderDetail) : OrderDetail Loaded
[08:04:36] [onChange/INFO] (ScreenChangeEvent) : MaterialofDrink -> OrderDetail
[08:04:36] [registerItemsInComboBox/INFO] (OrderDetailStartupEvent) : registerItemsInComboBox Loaded
[08:04:36] [registerDataGridView/INFO] (OrderDetailStartupEvent) : Successfully added items
[08:04:36] [registerDataGridView/INFO] (OrderDetailStartupEvent) : registerDataGridView Loaded
[08:04:36] [Topping/INFO] (Topping) : Topping Loading...
[08:04:36] [onStartup/INFO] (ToppingStartupEvent) : onStartup Loaded
[08:04:36] [load/INFO] (ToppingStartupEvent) : ToppingStartupEvent Loaded
[08:04:36] [Topping_Load/INFO] (Topping) : Topping Loaded
[08:04:36] [onChange/INFO] (ScreenChangeEvent) : OrderDetail -> Topping
[08:04:36] [registerDataGridView/INFO] (MaterialofDrinkStartupEvent) : Successfully added item
[08:04:36] [registerDataGridView/INFO] (MaterialofDrinkStartupEvent) : registerDataGridViewLoaded
[08:04:36] [registerDataGridView/INFO] (ToppingStartupEvent) : Successfully added items
[08:04:36] [registerDataGridView/INFO] (ToppingStartupEvent) : registerDataGridView Loaded
[08:04:37] [Drink/INFO] (Drink) : Drink Loading...
[08:04:37] [onStartup/INFO] (DrinkStartupEvent) : onStartup Loaded
[08:04:37] [registerItemsInComboBox/INFO] (DrinkStartupEvent) : registerItemsInComboBox Loaded
[08:04:37] [load/INFO] (DrinkStartupEvent) : DrinkStartupEvent Loaded
[08:04:37] [Drink_Load/INFO] (Drink) : Drink Loading...
[08:04:37] [onChange/INFO] (ScreenChangeEvent) : Topping -> Drink
[08:04:37] [Employee/INFO] (Employee) : Employee Loading...
[08:04:37] [onStartup/INFO] (EmployeeStartupEvent) : onStartup Loaded
[08:04:37] [registerItemsInComboBox/INFO] (EmployeeStartupEvent) : registerItemsInComboBox Loaded
[08:04:37] [load/INFO] (EmployeeStartupEvent) : EmployeeStartupEvent Loaded
[08:04:37] [Employee_Load/INFO] (Employee) : Employee Loaded
[08:04:37] [onChange/INFO] (ScreenChangeEvent) : Drink -> Employee
[08:04:37] [registerDataGridView/INFO] (DrinkStartupEvent) : Successfully added items
[08:04:37] [registerDataGridView/INFO] (DrinkStartupEvent) : registerDataGridView Loaded
[08:04:37] [registerDataGridView/INFO] (EmployeeStartupEvent) : Successfully added item
[08:04:37] [registerDataGridView/INFO] (EmployeeStartupEvent) : registerDataGridView Loaded
[08:04:38] [Topping/INFO] (Topping) : Topping Loading...
[08:04:38] [onStartup/INFO] (ToppingStartupEvent) : onStartup Loaded
[08:04:38] [load/INFO] (ToppingStartupEvent) : ToppingStartupEvent Loaded
[08:04:38] [Topping_Load/INFO] (Topping) : Topping Loaded
[08:04:38] [onChange/INFO] (ScreenChangeEvent) : Employee -> Topping
[08:04:38] [registerDataGridView/INFO] (ToppingStartupEvent) : Successfully added items
[08:04:38] [registerDataGridView/INFO] (ToppingStartupEvent) : registerDataGridView Loaded
[08:04:38] [Drink/INFO] (Drink) : Drink Loading...
[08:04:38] [onStartup/INFO] (DrinkStartupEvent) : onStartup Loaded
[08:04:38] [registerItemsInComboBox/INFO] (DrinkStartupEvent) : registerItemsInComboBox Loaded
[08:04:38] [load/INFO] (DrinkStartupEvent) : DrinkStartupEvent Loaded
[08:04:38] [Drink_Load/INFO] (Drink) : Drink Loading...
[08:04:38] [onChange/INFO] (ScreenChangeEvent) : Topping -> Drink
[08:04:38] [registerDataGridView/INFO] (DrinkStartupEvent) : Successfully added items
[08:04:38] [registerDataGridView/INFO] (DrinkStartupEvent) : registerDataGridView Loaded
[08:05:51] [INFO] : ---------------------------------------------------------------------------------------
[08:05:51] [INFO] : Loading Main.Program
[08:05:51] [Order/INFO] (Order) : Order Loading...
[08:05:51] [onStartup/INFO] (OrderStartupEvent) : onStartup Loaded
[08:05:51] [load/INFO] (OrderStartupEvent) : OrderStartupEvent Loaded
[08:05:51] [Order_Load/INFO] (Order) : Order Loaded
[08:05:52] [registerDataGridView/INFO] (OrderStartupEvent) : Successfully added items
[08:05:52] [registerDataGridView/INFO] (OrderStartupEvent) : registerDataGridView Loaded
[08:05:52] [registerItemsInComboBox/INFO] (OrderStartupEvent) : registerItemsInComboBox Loaded
[08:05:55] [Employee/INFO] (Employee) : Employee Loading...
[08:05:55] [onStartup/INFO] (EmployeeStartupEvent) : onStartup Loaded
[08:05:55] [registerItemsInComboBox/INFO] (EmployeeStartupEvent) : registerItemsInComboBox Loaded
[08:05:55] [load/INFO] (EmployeeStartupEvent) : EmployeeStartupEvent Loaded
[08:05:55] [Employee_Load/INFO] (Employee) : Employee Loaded
[08:05:55] [onChange/INFO] (ScreenChangeEvent) : Order -> Employee
[08:05:55] [registerDataGridView/INFO] (EmployeeStartupEvent) : Successfully added item
[08:05:55] [registerDataGridView/INFO] (EmployeeStartupEvent) : registerDataGridView Loaded
[08:05:55] [Drink/INFO] (Drink) : Drink Loading...
[08:05:56] [onStartup/INFO] (DrinkStartupEvent) : onStartup Loaded
[08:05:56] [registerItemsInComboBox/INFO] (DrinkStartupEvent) : registerItemsInComboBox Loaded
[08:05:56] [load/INFO] (DrinkStartupEvent) : DrinkStartupEvent Loaded
[08:05:56] [Drink_Load/INFO] (Drink) : Drink Loading...
[08:05:56] [onChange/INFO] (ScreenChangeEvent) : Employee -> Drink
[08:05:56] [registerDataGridView/INFO] (DrinkStartupEvent) : Successfully added items
[08:05:56] [registerDataGridView/INFO] (DrinkStartupEvent) : registerDataGridView Loaded
[08:05:57] [Material/INFO] (Material) : Material Loading...
[08:05:57] [onStartup/INFO] (MaterialStartupEvent) : onStartup Loaded
[08:05:57] [load/INFO] (MaterialStartupEvent) : MaterialStartupEvent Loaded
[08:05:57] [Material_Load/INFO] (Material) : Material Loaded
[08:05:57] [onChange/INFO] (ScreenChangeEvent) : Drink -> Material
[08:05:57] [registerDataGridView/INFO] (MaterialStartupEvent) : Successfully added item
[08:05:57] [registerDataGridView/INFO] (MaterialStartupEvent) : registerDataGridView Loaded
[08:05:57] [Topping/INFO] (Topping) : Topping Loading...
[08:05:58] [onStartup/INFO] (ToppingStartupEvent) : onStartup Loaded
[08:05:58] [load/INFO] (ToppingStartupEvent) : ToppingStartupEvent Loaded
[08:05:58] [Topping_Load/INFO] (Topping) : Topping Loaded
[08:05:58] [onChange/INFO] (ScreenChangeEvent) : Material -> Topping
[08:05:58] [registerDataGridView/INFO] (ToppingStartupEvent) : Successfully added items
[08:05:58] [registerDataGridView/INFO] (ToppingStartupEvent) : registerDataGridView Loaded
[08:05:58] [MaterialofDrink/INFO] (MaterialofDrink) : MaterialofDrink Loading...
[08:05:58] [onStartup/INFO] (MaterialofDrinkStartupEvent) : onStartup Loaded
[08:05:58] [load/INFO] (MaterialofDrinkStartupEvent) : MaterialofDrinkStartupEvent Loaded
[08:05:58] [MaterialofDrink_Load/INFO] (MaterialofDrink) : MaterialofDrink Loaded
[08:05:58] [onChange/INFO] (ScreenChangeEvent) : Topping -> MaterialofDrink
[08:05:58] [registerDataGridView/INFO] (MaterialofDrinkStartupEvent) : Successfully added item
[08:05:58] [registerDataGridView/INFO] (MaterialofDrinkStartupEvent) : registerDataGridViewLoaded
[08:05:58] [registerItemsInComboBox/INFO] (MaterialofDrinkStartupEvent) : registerItemsInComboBox Loaded
[08:05:59] [OrderDetail/INFO] (OrderDetail) : OrderDetail Loading...
[08:05:59] [onStartup/INFO] (OrderDetailStartupEvent) : onStartup Loaded
[08:05:59] [load/INFO] (OrderDetailStartupEvent) : OrderDetailStartupEvent Loaded
[08:05:59] [OrderDetail_Load/INFO] (OrderDetail) : OrderDetail Loaded
[08:05:59] [onChange/INFO] (ScreenChangeEvent) : MaterialofDrink -> OrderDetail
[08:05:59] [registerDataGridView/INFO] (OrderDetailStartupEvent) : Successfully added items
[08:05:59] [registerDataGridView/INFO] (OrderDetailStartupEvent) : registerDataGridView Loaded
[08:05:59] [registerItemsInComboBox/INFO] (OrderDetailStartupEvent) : registerItemsInComboBox Loaded
[08:06:00] [Order/INFO] (Order) : Order Loading...
[08:06:01] [onStartup/INFO] (OrderStartupEvent) : onStartup Loaded
[08:06:01] [load/INFO] (OrderStartupEvent) : OrderStartupEvent Loaded
[08:06:01] [Order_Load/INFO] (Order) : Order Loaded
[08:06:01] [onChange/INFO] (ScreenChangeEvent) : OrderDetail -> Order
[08:06:01] [registerDataGridView/INFO] (OrderStartupEvent) : Successfully added items
[08:06:01] [registerDataGridView/INFO] (OrderStartupEvent) : registerDataGridView Loaded
[08:06:01] [registerItemsInComboBox/INFO] (OrderStartupEvent) : registerItemsInComboBox Loaded
[08:06:29] [INFO] : ---------------------------------------------------------------------------------------
[08:06:29] [INFO] : Loading Main.Program
[08:06:29] [Order/INFO] (Order) : Order Loading...
[08:06:29] [onStartup/INFO] (OrderStartupEvent) : onStartup Loaded
[08:06:29] [load/INFO] (OrderStartupEvent) : OrderStartupEvent Loaded
[08:06:29] [Order_Load/INFO] (Order) : Order Loaded
[08:06:29] [registerDataGridView/ERROR] (OrderStartupEvent/MySqlException) : Table 'cafe_db.order' doesn't exist
[08:06:30] [registerItemsInComboBox/ERROR] (OrderStartupEvent/MySqlException) : Table 'cafe_db.employees' doesn't exist
[08:06:43] [INFO] : ---------------------------------------------------------------------------------------
[08:06:43] [INFO] : Loading Main.Program
[08:06:43] [Order/INFO] (Order) : Order Loading...
[08:06:43] [onStartup/INFO] (OrderStartupEvent) : onStartup Loaded
[08:06:43] [load/INFO] (OrderStartupEvent) : OrderStartupEvent Loaded
[08:06:43] [Order_Load/INFO] (Order) : Order Loaded
[08:06:44] [registerDataGridView/INFO] (OrderStartupEvent) : registerDataGridView Loaded
[08:06:44] [registerItemsInComboBox/INFO] (OrderStartupEvent) : registerItemsInComboBox Loaded
[08:11:09] [INFO] : ---------------------------------------------------------------------------------------
[08:11:09] [INFO] : Loading Main.Program
[08:11:09] [Order/INFO] (Order) : Order Loading...
[08:11:09] [onStartup/INFO] (OrderStartupEvent) : onStartup Loaded
[08:11:09] [load/INFO] (OrderStartupEvent) : OrderStartupEvent Loaded
[08:11:09] [Order_Load/INFO] (Order) : Order Loaded
[08:11:10] [registerDataGridView/ERROR] (OrderStartupEvent/MySqlException) : Table 'cafe_db.order' doesn't exist
[08:11:10] [registerItemsInComboBox/ERROR] (OrderStartupEvent/MySqlException) : Table 'cafe_db.employees' doesn't exist
[08:11:24] [INFO] : ---------------------------------------------------------------------------------------
[08:11:24] [INFO] : Loading Main.Program
[08:11:24] [Order/INFO] (Order) : Order Loading...
[08:11:24] [onStartup/INFO] (OrderStartupEvent) : onStartup Loaded
[08:11:24] [load/INFO] (OrderStartupEvent) : OrderStartupEvent Loaded
[08:11:24] [Order_Load/INFO] (Order) : Order Loaded
[08:11:25] [registerDataGridView/INFO] (OrderStartupEvent) : Successfully added items
[08:11:25] [registerDataGridView/INFO] (OrderStartupEvent) : registerDataGridView Loaded
[08:11:25] [registerItemsInComboBox/INFO] (OrderStartupEvent) : registerItemsInComboBox Loaded
[08:18:08] [INFO] : ---------------------------------------------------------------------------------------
[08:18:08] [INFO] : Loading Main.Program
[08:18:08] [Order/INFO] (Order) : Order Loading...
[08:18:09] [onStartup/INFO] (OrderStartupEvent) : onStartup Loaded
[08:18:09] [load/INFO] (OrderStartupEvent) : OrderStartupEvent Loaded
[08:18:09] [Order_Load/INFO] (Order) : Order Loaded
[08:18:09] [registerDataGridView/INFO] (OrderStartupEvent) : Successfully added items
[08:18:09] [registerDataGridView/INFO] (OrderStartupEvent) : registerDataGridView Loaded
[08:18:09] [registerItemsInComboBox/INFO] (OrderStartupEvent) : registerItemsInComboBox Loaded
[08:18:10] [Employee/INFO] (Employee) : Employee Loading...
[08:18:10] [onStartup/INFO] (EmployeeStartupEvent) : onStartup Loaded
[08:18:10] [registerItemsInComboBox/INFO] (EmployeeStartupEvent) : registerItemsInComboBox Loaded
[08:18:10] [load/INFO] (EmployeeStartupEvent) : EmployeeStartupEvent Loaded
[08:18:10] [Employee_Load/INFO] (Employee) : Employee Loaded
[08:18:10] [onChange/INFO] (ScreenChangeEvent) : Order -> Employee
[08:18:10] [registerDataGridView/INFO] (EmployeeStartupEvent) : Successfully added item
[08:18:10] [registerDataGridView/INFO] (EmployeeStartupEvent) : registerDataGridView Loaded
[08:18:11] [Drink/INFO] (Drink) : Drink Loading...
[08:18:11] [onStartup/INFO] (DrinkStartupEvent) : onStartup Loaded
[08:18:11] [registerItemsInComboBox/INFO] (DrinkStartupEvent) : registerItemsInComboBox Loaded
[08:18:11] [load/INFO] (DrinkStartupEvent) : DrinkStartupEvent Loaded
[08:18:11] [Drink_Load/INFO] (Drink) : Drink Loading...
[08:18:11] [onChange/INFO] (ScreenChangeEvent) : Employee -> Drink
[08:18:11] [registerDataGridView/INFO] (DrinkStartupEvent) : Successfully added items
[08:18:11] [registerDataGridView/INFO] (DrinkStartupEvent) : registerDataGridView Loaded
[08:18:12] [Material/INFO] (Material) : Material Loading...
[08:18:12] [onStartup/INFO] (MaterialStartupEvent) : onStartup Loaded
[08:18:12] [load/INFO] (MaterialStartupEvent) : MaterialStartupEvent Loaded
[08:18:12] [Material_Load/INFO] (Material) : Material Loaded
[08:18:12] [onChange/INFO] (ScreenChangeEvent) : Drink -> Material
[08:18:12] [registerDataGridView/INFO] (MaterialStartupEvent) : Successfully added item
[08:18:12] [registerDataGridView/INFO] (MaterialStartupEvent) : registerDataGridView Loaded
[08:18:12] [Topping/INFO] (Topping) : Topping Loading...
[08:18:12] [onStartup/INFO] (ToppingStartupEvent) : onStartup Loaded
[08:18:12] [load/INFO] (ToppingStartupEvent) : ToppingStartupEvent Loaded
[08:18:12] [Topping_Load/INFO] (Topping) : Topping Loaded
[08:18:12] [onChange/INFO] (ScreenChangeEvent) : Material -> Topping
[08:18:12] [registerDataGridView/INFO] (ToppingStartupEvent) : Successfully added items
[08:18:12] [registerDataGridView/INFO] (ToppingStartupEvent) : registerDataGridView Loaded
[08:18:13] [MaterialofDrink/INFO] (MaterialofDrink) : MaterialofDrink Loading...
[08:18:13] [onStartup/INFO] (MaterialofDrinkStartupEvent) : onStartup Loaded
[08:18:13] [load/INFO] (MaterialofDrinkStartupEvent) : MaterialofDrinkStartupEvent Loaded
[08:18:13] [MaterialofDrink_Load/INFO] (MaterialofDrink) : MaterialofDrink Loaded
[08:18:13] [onChange/INFO] (ScreenChangeEvent) : Topping -> MaterialofDrink
[08:18:13] [registerDataGridView/INFO] (MaterialofDrinkStartupEvent) : Successfully added item
[08:18:13] [registerDataGridView/INFO] (MaterialofDrinkStartupEvent) : registerDataGridViewLoaded
[08:18:13] [registerItemsInComboBox/INFO] (MaterialofDrinkStartupEvent) : registerItemsInComboBox Loaded
[08:18:13] [OrderDetail/INFO] (OrderDetail) : OrderDetail Loading...
[08:18:13] [onStartup/INFO] (OrderDetailStartupEvent) : onStartup Loaded
[08:18:13] [load/INFO] (OrderDetailStartupEvent) : OrderDetailStartupEvent Loaded
[08:18:13] [OrderDetail_Load/INFO] (OrderDetail) : OrderDetail Loaded
[08:18:13] [onChange/INFO] (ScreenChangeEvent) : MaterialofDrink -> OrderDetail
[08:18:13] [registerDataGridView/INFO] (OrderDetailStartupEvent) : Successfully added items
[08:18:13] [registerDataGridView/INFO] (OrderDetailStartupEvent) : registerDataGridView Loaded
[08:18:13] [registerItemsInComboBox/INFO] (OrderDetailStartupEvent) : registerItemsInComboBox Loaded
[08:18:14] [Order/INFO] (Order) : Order Loading...
[08:18:14] [onStartup/INFO] (OrderStartupEvent) : onStartup Loaded
[08:18:14] [load/INFO] (OrderStartupEvent) : OrderStartupEvent Loaded
[08:18:14] [Order_Load/INFO] (Order) : Order Loaded
[08:18:14] [onChange/INFO] (ScreenChangeEvent) : OrderDetail -> Order
[08:18:14] [registerDataGridView/INFO] (OrderStartupEvent) : Successfully added items
[08:18:14] [registerDataGridView/INFO] (OrderStartupEvent) : registerDataGridView Loaded
[08:18:14] [registerItemsInComboBox/INFO] (OrderStartupEvent) : registerItemsInComboBox Loaded
[08:22:07] [INFO] : ---------------------------------------------------------------------------------------
[08:22:07] [INFO] : Loading Main.Program
[08:22:07] [Order/INFO] (Order) : Order Loading...
[08:22:07] [onStartup/INFO] (OrderStartupEvent) : onStartup Loaded
[08:22:07] [load/INFO] (OrderStartupEvent) : OrderStartupEvent Loaded
[08:22:07] [Order_Load/INFO] (Order) : Order Loaded
[08:22:07] [registerDataGridView/INFO] (OrderStartupEvent) : Successfully added items
[08:22:07] [registerDataGridView/INFO] (OrderStartupEvent) : registerDataGridView Loaded
[08:22:07] [registerItemsInComboBox/INFO] (OrderStartupEvent) : registerItemsInComboBox Loaded
[08:22:41] [Employee/INFO] (Employee) : Employee Loading...
[08:22:41] [onStartup/INFO] (EmployeeStartupEvent) : onStartup Loaded
[08:22:41] [registerItemsInComboBox/INFO] (EmployeeStartupEvent) : registerItemsInComboBox Loaded
[08:22:41] [load/INFO] (EmployeeStartupEvent) : EmployeeStartupEvent Loaded
[08:22:41] [Employee_Load/INFO] (Employee) : Employee Loaded
[08:22:41] [onChange/INFO] (ScreenChangeEvent) : Order -> Employee
[08:22:41] [registerDataGridView/INFO] (EmployeeStartupEvent) : Successfully added item
[08:22:41] [registerDataGridView/INFO] (EmployeeStartupEvent) : registerDataGridView Loaded
[08:22:42] [Order/INFO] (Order) : Order Loading...
[08:22:42] [onStartup/INFO] (OrderStartupEvent) : onStartup Loaded
[08:22:42] [load/INFO] (OrderStartupEvent) : OrderStartupEvent Loaded
[08:22:42] [Order_Load/INFO] (Order) : Order Loaded
[08:22:42] [onChange/INFO] (ScreenChangeEvent) : Employee -> Order
[08:22:42] [registerDataGridView/INFO] (OrderStartupEvent) : Successfully added items
[08:22:42] [registerDataGridView/INFO] (OrderStartupEvent) : registerDataGridView Loaded
[08:22:42] [registerItemsInComboBox/INFO] (OrderStartupEvent) : registerItemsInComboBox Loaded
[08:22:48] [registerDataGridView/INFO] (OrderStartupEvent) : Successfully added items
[08:22:48] [registerDataGridView/INFO] (OrderStartupEvent) : registerDataGridView Loaded
[08:22:48] [clearTextBox/INFO] (OrderButtonClickEvent) : Removed item(s) from components
[08:22:53] [OrderDetail/INFO] (OrderDetail) : OrderDetail Loading...
[08:22:53] [onStartup/INFO] (OrderDetailStartupEvent) : onStartup Loaded
[08:22:53] [load/INFO] (OrderDetailStartupEvent) : OrderDetailStartupEvent Loaded
[08:22:53] [OrderDetail_Load/INFO] (OrderDetail) : OrderDetail Loaded
[08:22:53] [onChange/INFO] (ScreenChangeEvent) : Order -> OrderDetail
[08:22:53] [registerItemsInComboBox/INFO] (OrderDetailStartupEvent) : registerItemsInComboBox Loaded
[08:22:54] [registerDataGridView/INFO] (OrderDetailStartupEvent) : Successfully added items
[08:22:54] [registerDataGridView/INFO] (OrderDetailStartupEvent) : registerDataGridView Loaded
[08:22:57] [Order/INFO] (Order) : Order Loading...
[08:22:57] [onStartup/INFO] (OrderStartupEvent) : onStartup Loaded
[08:22:57] [load/INFO] (OrderStartupEvent) : OrderStartupEvent Loaded
[08:22:57] [Order_Load/INFO] (Order) : Order Loaded
[08:22:57] [onChange/INFO] (ScreenChangeEvent) : OrderDetail -> Order
[08:22:58] [registerDataGridView/INFO] (OrderStartupEvent) : Successfully added items
[08:22:58] [registerDataGridView/INFO] (OrderStartupEvent) : registerDataGridView Loaded
[08:22:58] [registerItemsInComboBox/INFO] (OrderStartupEvent) : registerItemsInComboBox Loaded
[08:34:15] [INFO] : ---------------------------------------------------------------------------------------
[08:34:15] [INFO] : Loading Main.Program
[08:34:15] [Order/INFO] (Order) : Order Loading...
[08:34:16] [onStartup/INFO] (OrderStartupEvent) : onStartup Loaded
[08:34:16] [load/INFO] (OrderStartupEvent) : OrderStartupEvent Loaded
[08:34:16] [Order_Load/INFO] (Order) : Order Loaded
[08:34:16] [registerDataGridView/INFO] (OrderStartupEvent) : Successfully added items
[08:34:16] [registerDataGridView/INFO] (OrderStartupEvent) : registerDataGridView Loaded
[08:34:16] [registerItemsInComboBox/INFO] (OrderStartupEvent) : registerItemsInComboBox Loaded
[09:56:32] [INFO] : ---------------------------------------------------------------------------------------
[09:56:32] [INFO] : Loading Main.Program
[09:56:32] [Order/INFO] (Order) : Order Loading...
[09:56:32] [onStartup/INFO] (OrderStartupEvent) : onStartup Loaded
[09:56:32] [load/INFO] (OrderStartupEvent) : OrderStartupEvent Loaded
[09:56:32] [Order_Load/INFO] (Order) : Order Loaded
[09:56:33] [registerDataGridView/INFO] (OrderStartupEvent) : Successfully added items
[09:56:33] [registerDataGridView/INFO] (OrderStartupEvent) : registerDataGridView Loaded
[09:56:33] [registerItemsInComboBox/INFO] (OrderStartupEvent) : registerItemsInComboBox Loaded
[09:56:34] [Employee/INFO] (Employee) : Employee Loading...
[09:56:34] [onStartup/INFO] (EmployeeStartupEvent) : onStartup Loaded
[09:56:34] [registerItemsInComboBox/INFO] (EmployeeStartupEvent) : registerItemsInComboBox Loaded
[09:56:34] [load/INFO] (EmployeeStartupEvent) : EmployeeStartupEvent Loaded
[09:56:34] [Employee_Load/INFO] (Employee) : Employee Loaded
[09:56:34] [onChange/INFO] (ScreenChangeEvent) : Order -> Employee
[09:56:34] [registerDataGridView/INFO] (EmployeeStartupEvent) : Successfully added item
[09:56:34] [registerDataGridView/INFO] (EmployeeStartupEvent) : registerDataGridView Loaded
[09:56:35] [Drink/INFO] (Drink) : Drink Loading...
[09:56:35] [onStartup/INFO] (DrinkStartupEvent) : onStartup Loaded
[09:56:35] [registerItemsInComboBox/INFO] (DrinkStartupEvent) : registerItemsInComboBox Loaded
[09:56:35] [load/INFO] (DrinkStartupEvent) : DrinkStartupEvent Loaded
[09:56:35] [Drink_Load/INFO] (Drink) : Drink Loading...
[09:56:35] [onChange/INFO] (ScreenChangeEvent) : Employee -> Drink
[09:56:35] [registerDataGridView/INFO] (DrinkStartupEvent) : Successfully added items
[09:56:35] [registerDataGridView/INFO] (DrinkStartupEvent) : registerDataGridView Loaded
[09:56:36] [Material/INFO] (Material) : Material Loading...
[09:56:36] [onStartup/INFO] (MaterialStartupEvent) : onStartup Loaded
[09:56:36] [load/INFO] (MaterialStartupEvent) : MaterialStartupEvent Loaded
[09:56:36] [Material_Load/INFO] (Material) : Material Loaded
[09:56:36] [onChange/INFO] (ScreenChangeEvent) : Drink -> Material
[09:56:36] [registerDataGridView/INFO] (MaterialStartupEvent) : Successfully added item
[09:56:36] [registerDataGridView/INFO] (MaterialStartupEvent) : registerDataGridView Loaded
[09:56:37] [Topping/INFO] (Topping) : Topping Loading...
[09:56:37] [onStartup/INFO] (ToppingStartupEvent) : onStartup Loaded
[09:56:37] [load/INFO] (ToppingStartupEvent) : ToppingStartupEvent Loaded
[09:56:37] [Topping_Load/INFO] (Topping) : Topping Loaded
[09:56:37] [onChange/INFO] (ScreenChangeEvent) : Material -> Topping
[09:56:37] [registerDataGridView/INFO] (ToppingStartupEvent) : Successfully added items
[09:56:37] [registerDataGridView/INFO] (ToppingStartupEvent) : registerDataGridView Loaded
[09:56:37] [MaterialofDrink/INFO] (MaterialofDrink) : MaterialofDrink Loading...
[09:56:38] [onStartup/INFO] (MaterialofDrinkStartupEvent) : onStartup Loaded
[09:56:38] [load/INFO] (MaterialofDrinkStartupEvent) : MaterialofDrinkStartupEvent Loaded
[09:56:38] [MaterialofDrink_Load/INFO] (MaterialofDrink) : MaterialofDrink Loaded
[09:56:38] [onChange/INFO] (ScreenChangeEvent) : Topping -> MaterialofDrink
[09:56:38] [registerDataGridView/INFO] (MaterialofDrinkStartupEvent) : Successfully added item
[09:56:38] [registerDataGridView/INFO] (MaterialofDrinkStartupEvent) : registerDataGridViewLoaded
[09:56:38] [registerItemsInComboBox/INFO] (MaterialofDrinkStartupEvent) : registerItemsInComboBox Loaded
[09:56:38] [OrderDetail/INFO] (OrderDetail) : OrderDetail Loading...
[09:56:38] [onStartup/INFO] (OrderDetailStartupEvent) : onStartup Loaded
[09:56:38] [load/INFO] (OrderDetailStartupEvent) : OrderDetailStartupEvent Loaded
[09:56:38] [OrderDetail_Load/INFO] (OrderDetail) : OrderDetail Loaded
[09:56:38] [onChange/INFO] (ScreenChangeEvent) : MaterialofDrink -> OrderDetail
[09:56:38] [registerDataGridView/INFO] (OrderDetailStartupEvent) : Successfully added items
[09:56:38] [registerDataGridView/INFO] (OrderDetailStartupEvent) : registerDataGridView Loaded
[09:56:38] [registerItemsInComboBox/INFO] (OrderDetailStartupEvent) : registerItemsInComboBox Loaded
[09:56:38] [Order/INFO] (Order) : Order Loading...
[09:56:39] [onStartup/INFO] (OrderStartupEvent) : onStartup Loaded
[09:56:39] [load/INFO] (OrderStartupEvent) : OrderStartupEvent Loaded
[09:56:39] [Order_Load/INFO] (Order) : Order Loaded
[09:56:39] [onChange/INFO] (ScreenChangeEvent) : OrderDetail -> Order
[09:56:39] [registerDataGridView/INFO] (OrderStartupEvent) : Successfully added items
[09:56:39] [registerDataGridView/INFO] (OrderStartupEvent) : registerDataGridView Loaded
[09:56:39] [registerItemsInComboBox/INFO] (OrderStartupEvent) : registerItemsInComboBox Loaded
[10:00:51] [INFO] : ---------------------------------------------------------------------------------------
[10:00:51] [INFO] : Loading Main.Program
[10:00:51] [Order/INFO] (Order) : Order Loading...
[10:00:51] [onStartup/INFO] (OrderStartupEvent) : onStartup Loaded
[10:00:51] [load/INFO] (OrderStartupEvent) : OrderStartupEvent Loaded
[10:00:51] [Order_Load/INFO] (Order) : Order Loaded
[10:00:52] [registerDataGridView/INFO] (OrderStartupEvent) : Successfully added items
[10:00:52] [registerDataGridView/INFO] (OrderStartupEvent) : registerDataGridView Loaded
[10:00:52] [registerItemsInComboBox/INFO] (OrderStartupEvent) : registerItemsInComboBox Loaded
[14:02:36] [INFO] : ---------------------------------------------------------------------------------------
[14:02:36] [INFO] : Loading Main.Program
[14:02:36] [Order/INFO] (Order) : Order Loading...
[14:02:36] [onStartup/INFO] (OrderStartupEvent) : onStartup Loaded
[14:02:36] [load/INFO] (OrderStartupEvent) : OrderStartupEvent Loaded
[14:02:36] [Order_Load/INFO] (Order) : Order Loaded
[14:02:37] [registerDataGridView/INFO] (OrderStartupEvent) : Successfully added items
[14:02:37] [registerDataGridView/INFO] (OrderStartupEvent) : registerDataGridView Loaded
[14:02:38] [registerItemsInComboBox/INFO] (OrderStartupEvent) : registerItemsInComboBox Loaded
[14:05:38] [Employee/INFO] (Employee) : Employee Loading...
[14:05:38] [onStartup/INFO] (EmployeeStartupEvent) : onStartup Loaded
[14:05:38] [registerItemsInComboBox/INFO] (EmployeeStartupEvent) : registerItemsInComboBox Loaded
[14:05:38] [load/INFO] (EmployeeStartupEvent) : EmployeeStartupEvent Loaded
[14:05:38] [Employee_Load/INFO] (Employee) : Employee Loaded
[14:05:38] [onChange/INFO] (ScreenChangeEvent) : Order -> Employee
[14:05:38] [registerDataGridView/INFO] (EmployeeStartupEvent) : registerDataGridView Loaded
[14:05:39] [Employee/INFO] (Employee) : Employee Loading...
[14:05:39] [onStartup/INFO] (EmployeeStartupEvent) : onStartup Loaded
[14:05:40] [registerItemsInComboBox/INFO] (EmployeeStartupEvent) : registerItemsInComboBox Loaded
[14:05:40] [load/INFO] (EmployeeStartupEvent) : EmployeeStartupEvent Loaded
[14:05:40] [Employee_Load/INFO] (Employee) : Employee Loaded
[14:05:40] [onChange/INFO] (ScreenChangeEvent) : Employee -> Employee
[14:05:40] [registerDataGridView/INFO] (EmployeeStartupEvent) : registerDataGridView Loaded
[14:05:40] [Employee/INFO] (Employee) : Employee Loading...
[14:05:40] [onStartup/INFO] (EmployeeStartupEvent) : onStartup Loaded
[14:05:40] [registerItemsInComboBox/INFO] (EmployeeStartupEvent) : registerItemsInComboBox Loaded
[14:05:40] [load/INFO] (EmployeeStartupEvent) : EmployeeStartupEvent Loaded
[14:05:40] [Employee_Load/INFO] (Employee) : Employee Loaded
[14:05:40] [onChange/INFO] (ScreenChangeEvent) : Employee -> Employee
[14:05:40] [registerDataGridView/INFO] (EmployeeStartupEvent) : registerDataGridView Loaded
[14:05:53] [Order/INFO] (Order) : Order Loading...
[14:05:53] [onStartup/INFO] (OrderStartupEvent) : onStartup Loaded
[14:05:53] [load/INFO] (OrderStartupEvent) : OrderStartupEvent Loaded
[14:05:53] [Order_Load/INFO] (Order) : Order Loaded
[14:05:53] [onChange/INFO] (ScreenChangeEvent) : Employee -> Order
[14:05:53] [registerDataGridView/INFO] (OrderStartupEvent) : registerDataGridView Loaded
[14:05:53] [registerItemsInComboBox/INFO] (OrderStartupEvent) : registerItemsInComboBox Loaded
[14:05:54] [Employee/INFO] (Employee) : Employee Loading...
[14:05:54] [onStartup/INFO] (EmployeeStartupEvent) : onStartup Loaded
[14:05:54] [registerItemsInComboBox/INFO] (EmployeeStartupEvent) : registerItemsInComboBox Loaded
[14:05:54] [load/INFO] (EmployeeStartupEvent) : EmployeeStartupEvent Loaded
[14:05:54] [Employee_Load/INFO] (Employee) : Employee Loaded
[14:05:54] [onChange/INFO] (ScreenChangeEvent) : Order -> Employee
[14:05:54] [registerDataGridView/INFO] (EmployeeStartupEvent) : registerDataGridView Loaded
[14:07:29] [INFO] : ---------------------------------------------------------------------------------------
[14:07:29] [INFO] : Loading Main.Program
[14:07:29] [Order/INFO] (Order) : Order Loading...
[14:07:29] [onStartup/INFO] (OrderStartupEvent) : onStartup Loaded
[14:07:29] [load/INFO] (OrderStartupEvent) : OrderStartupEvent Loaded
[14:07:29] [Order_Load/INFO] (Order) : Order Loaded
[14:07:30] [registerDataGridView/ERROR] (OrderStartupEvent/MySqlException) : Table 'cafe_db.order' doesn't exist in engine
[14:07:30] [registerItemsInComboBox/ERROR] (OrderStartupEvent/MySqlException) : Table 'cafe_db.employees' doesn't exist in engine
[14:08:09] [INFO] : ---------------------------------------------------------------------------------------
[14:08:09] [INFO] : Loading Main.Program
[14:08:09] [Order/INFO] (Order) : Order Loading...
[14:08:09] [onStartup/INFO] (OrderStartupEvent) : onStartup Loaded
[14:08:09] [load/INFO] (OrderStartupEvent) : OrderStartupEvent Loaded
[14:08:09] [Order_Load/INFO] (Order) : Order Loaded
[14:08:10] [registerItemsInComboBox/ERROR] (OrderStartupEvent/MySqlException) : Table 'cafe_db.employees' doesn't exist
[14:08:10] [registerDataGridView/ERROR] (OrderStartupEvent/MySqlException) : Table 'cafe_db.order' doesn't exist
[14:08:24] [Employee/INFO] (Employee) : Employee Loading...
[14:08:24] [onStartup/INFO] (EmployeeStartupEvent) : onStartup Loaded
[14:08:24] [registerItemsInComboBox/INFO] (EmployeeStartupEvent) : registerItemsInComboBox Loaded
[14:08:24] [load/INFO] (EmployeeStartupEvent) : EmployeeStartupEvent Loaded
[14:08:24] [Employee_Load/INFO] (Employee) : Employee Loaded
[14:08:24] [onChange/INFO] (ScreenChangeEvent) : Order -> Employee
[14:08:24] [registerDataGridView/INFO] (EmployeeStartupEvent) : registerDataGridView Loaded
[14:08:24] [Order/INFO] (Order) : Order Loading...
[14:08:24] [onStartup/INFO] (OrderStartupEvent) : onStartup Loaded
[14:08:24] [load/INFO] (OrderStartupEvent) : OrderStartupEvent Loaded
[14:08:24] [Order_Load/INFO] (Order) : Order Loaded
[14:08:24] [onChange/INFO] (ScreenChangeEvent) : Employee -> Order
[14:08:24] [registerItemsInComboBox/INFO] (OrderStartupEvent) : registerItemsInComboBox Loaded
[14:08:24] [registerDataGridView/INFO] (OrderStartupEvent) : registerDataGridView Loaded
[14:08:54] [Employee/INFO] (Employee) : Employee Loading...
[14:08:54] [onStartup/INFO] (EmployeeStartupEvent) : onStartup Loaded
[14:08:54] [registerItemsInComboBox/INFO] (EmployeeStartupEvent) : registerItemsInComboBox Loaded
[14:08:54] [load/INFO] (EmployeeStartupEvent) : EmployeeStartupEvent Loaded
[14:08:54] [Employee_Load/INFO] (Employee) : Employee Loaded
[14:08:54] [onChange/INFO] (ScreenChangeEvent) : Order -> Employee
[14:08:55] [registerDataGridView/INFO] (EmployeeStartupEvent) : Successfully added item
[14:08:55] [registerDataGridView/INFO] (EmployeeStartupEvent) : registerDataGridView Loaded
[14:08:55] [Drink/INFO] (Drink) : Drink Loading...
[14:08:55] [onStartup/INFO] (DrinkStartupEvent) : onStartup Loaded
[14:08:55] [registerItemsInComboBox/INFO] (DrinkStartupEvent) : registerItemsInComboBox Loaded
[14:08:55] [load/INFO] (DrinkStartupEvent) : DrinkStartupEvent Loaded
[14:08:55] [Drink_Load/INFO] (Drink) : Drink Loaded
[14:08:55] [onChange/INFO] (ScreenChangeEvent) : Employee -> Drink
[14:08:55] [registerDataGridView/INFO] (DrinkStartupEvent) : Successfully added items
[14:08:55] [registerDataGridView/INFO] (DrinkStartupEvent) : registerDataGridView Loaded
[14:09:06] [registerDataGridView/INFO] (DrinkStartupEvent) : Successfully added items
[14:09:06] [registerDataGridView/INFO] (DrinkStartupEvent) : registerDataGridView Loaded
[14:09:06] [clearTextBox/INFO] (DrinkButtonClickEvent) : Removed item(s) from components
[14:09:31] [Material/INFO] (Material) : Material Loading...
[14:09:31] [onStartup/INFO] (MaterialStartupEvent) : onStartup Loaded
[14:09:31] [load/INFO] (MaterialStartupEvent) : MaterialStartupEvent Loaded
[14:09:31] [Material_Load/INFO] (Material) : Material Loaded
[14:09:31] [onChange/INFO] (ScreenChangeEvent) : Drink -> Material
[14:09:31] [registerDataGridView/INFO] (MaterialStartupEvent) : registerDataGridView Loaded
[14:09:32] [Topping/INFO] (Topping) : Topping Loading...
[14:09:32] [onStartup/INFO] (ToppingStartupEvent) : onStartup Loaded
[14:09:32] [load/INFO] (ToppingStartupEvent) : ToppingStartupEvent Loaded
[14:09:32] [Topping_Load/INFO] (Topping) : Topping Loaded
[14:09:32] [onChange/INFO] (ScreenChangeEvent) : Material -> Topping
[14:09:32] [registerDataGridView/INFO] (ToppingStartupEvent) : registerDataGridView Loaded
[14:10:28] [Topping/INFO] (Topping) : Topping Loading...
[14:10:28] [onStartup/INFO] (ToppingStartupEvent) : onStartup Loaded
[14:10:28] [load/INFO] (ToppingStartupEvent) : ToppingStartupEvent Loaded
[14:10:28] [Topping_Load/INFO] (Topping) : Topping Loaded
[14:10:28] [onChange/INFO] (ScreenChangeEvent) : Topping -> Topping
[14:10:28] [registerDataGridView/INFO] (ToppingStartupEvent) : registerDataGridView Loaded
[14:10:29] [Topping/INFO] (Topping) : Topping Loading...
[14:10:29] [onStartup/INFO] (ToppingStartupEvent) : onStartup Loaded
[14:10:29] [load/INFO] (ToppingStartupEvent) : ToppingStartupEvent Loaded
[14:10:29] [Topping_Load/INFO] (Topping) : Topping Loaded
[14:10:29] [onChange/INFO] (ScreenChangeEvent) : Topping -> Topping
[14:10:29] [registerDataGridView/INFO] (ToppingStartupEvent) : registerDataGridView Loaded
[14:10:29] [Topping/INFO] (Topping) : Topping Loading...
[14:10:29] [onStartup/INFO] (ToppingStartupEvent) : onStartup Loaded
[14:10:29] [load/INFO] (ToppingStartupEvent) : ToppingStartupEvent Loaded
[14:10:29] [Topping_Load/INFO] (Topping) : Topping Loaded
[14:10:30] [onChange/INFO] (ScreenChangeEvent) : Topping -> Topping
[14:10:30] [registerDataGridView/INFO] (ToppingStartupEvent) : registerDataGridView Loaded
[14:10:31] [Topping/INFO] (Topping) : Topping Loading...
[14:10:31] [onStartup/INFO] (ToppingStartupEvent) : onStartup Loaded
[14:10:31] [load/INFO] (ToppingStartupEvent) : ToppingStartupEvent Loaded
[14:10:31] [Topping_Load/INFO] (Topping) : Topping Loaded
[14:10:31] [onChange/INFO] (ScreenChangeEvent) : Topping -> Topping
[14:10:31] [registerDataGridView/ERROR] (ToppingStartupEvent/MySqlException) : Table 'cafe_db.topping' doesn't exist
[14:10:31] [Topping/INFO] (Topping) : Topping Loading...
[14:10:31] [onStartup/INFO] (ToppingStartupEvent) : onStartup Loaded
[14:10:31] [load/INFO] (ToppingStartupEvent) : ToppingStartupEvent Loaded
[14:10:31] [Topping_Load/INFO] (Topping) : Topping Loaded
[14:10:31] [onChange/INFO] (ScreenChangeEvent) : Topping -> Topping
[14:10:32] [registerDataGridView/INFO] (ToppingStartupEvent) : Successfully added items
[14:10:32] [registerDataGridView/INFO] (ToppingStartupEvent) : registerDataGridView Loaded
[14:10:32] [Topping/INFO] (Topping) : Topping Loading...
[14:10:32] [onStartup/INFO] (ToppingStartupEvent) : onStartup Loaded
[14:10:32] [load/INFO] (ToppingStartupEvent) : ToppingStartupEvent Loaded
[14:10:32] [Topping_Load/INFO] (Topping) : Topping Loaded
[14:10:32] [onChange/INFO] (ScreenChangeEvent) : Topping -> Topping
[14:10:32] [registerDataGridView/INFO] (ToppingStartupEvent) : Successfully added items
[14:10:32] [registerDataGridView/INFO] (ToppingStartupEvent) : registerDataGridView Loaded
[14:10:34] [Topping/INFO] (Topping) : Topping Loading...
[14:10:34] [onStartup/INFO] (ToppingStartupEvent) : onStartup Loaded
[14:10:34] [load/INFO] (ToppingStartupEvent) : ToppingStartupEvent Loaded
[14:10:34] [Topping_Load/INFO] (Topping) : Topping Loaded
[14:10:34] [onChange/INFO] (ScreenChangeEvent) : Topping -> Topping
[14:10:35] [registerDataGridView/INFO] (ToppingStartupEvent) : Successfully added items
[14:10:35] [registerDataGridView/INFO] (ToppingStartupEvent) : registerDataGridView Loaded
[14:10:35] [MaterialofDrink/INFO] (MaterialofDrink) : MaterialofDrink Loading...
[14:10:35] [onStartup/INFO] (MaterialofDrinkStartupEvent) : onStartup Loaded
[14:10:35] [load/INFO] (MaterialofDrinkStartupEvent) : MaterialofDrinkStartupEvent Loaded
[14:10:35] [MaterialofDrink_Load/INFO] (MaterialofDrink) : MaterialofDrink Loaded
[14:10:35] [onChange/INFO] (ScreenChangeEvent) : Topping -> MaterialofDrink
[14:10:35] [registerDataGridView/INFO] (MaterialofDrinkStartupEvent) : Successfully added item
[14:10:35] [registerDataGridView/INFO] (MaterialofDrinkStartupEvent) : registerDataGridViewLoaded
[14:10:35] [registerItemsInComboBox/INFO] (MaterialofDrinkStartupEvent) : registerItemsInComboBox Loaded
[14:10:36] [Topping/INFO] (Topping) : Topping Loading...
[14:10:36] [onStartup/INFO] (ToppingStartupEvent) : onStartup Loaded
[14:10:36] [load/INFO] (ToppingStartupEvent) : ToppingStartupEvent Loaded
[14:10:36] [Topping_Load/INFO] (Topping) : Topping Loaded
[14:10:36] [onChange/INFO] (ScreenChangeEvent) : MaterialofDrink -> Topping
[14:10:36] [registerDataGridView/INFO] (ToppingStartupEvent) : Successfully added items
[14:10:36] [registerDataGridView/INFO] (ToppingStartupEvent) : registerDataGridView Loaded
[14:11:05] [Employee/INFO] (Employee) : Employee Loading...
[14:11:05] [onStartup/INFO] (EmployeeStartupEvent) : onStartup Loaded
[14:11:05] [registerItemsInComboBox/INFO] (EmployeeStartupEvent) : registerItemsInComboBox Loaded
[14:11:05] [load/INFO] (EmployeeStartupEvent) : EmployeeStartupEvent Loaded
[14:11:05] [Employee_Load/INFO] (Employee) : Employee Loaded
[14:11:05] [onChange/INFO] (ScreenChangeEvent) : Topping -> Employee
[14:11:05] [registerDataGridView/INFO] (EmployeeStartupEvent) : Successfully added item
[14:11:05] [registerDataGridView/INFO] (EmployeeStartupEvent) : registerDataGridView Loaded
[14:11:18] [registerDataGridView/INFO] (EmployeeStartupEvent) : Successfully added item
[14:11:18] [registerDataGridView/INFO] (EmployeeStartupEvent) : registerDataGridView Loaded
[14:11:18] [clearTextBox/INFO] (EmployeeButtonClickEvent) : Removed item(s) from components
[14:11:39] [Drink/INFO] (Drink) : Drink Loading...
[14:11:39] [onStartup/INFO] (DrinkStartupEvent) : onStartup Loaded
[14:11:39] [registerItemsInComboBox/INFO] (DrinkStartupEvent) : registerItemsInComboBox Loaded
[14:11:39] [load/INFO] (DrinkStartupEvent) : DrinkStartupEvent Loaded
[14:11:39] [Drink_Load/INFO] (Drink) : Drink Loaded
[14:11:39] [onChange/INFO] (ScreenChangeEvent) : Employee -> Drink
[14:11:39] [registerDataGridView/INFO] (DrinkStartupEvent) : Successfully added items
[14:11:39] [registerDataGridView/INFO] (DrinkStartupEvent) : registerDataGridView Loaded
[14:11:40] [Employee/INFO] (Employee) : Employee Loading...
[14:11:40] [onStartup/INFO] (EmployeeStartupEvent) : onStartup Loaded
[14:11:40] [registerItemsInComboBox/INFO] (EmployeeStartupEvent) : registerItemsInComboBox Loaded
[14:11:40] [load/INFO] (EmployeeStartupEvent) : EmployeeStartupEvent Loaded
[14:11:40] [Employee_Load/INFO] (Employee) : Employee Loaded
[14:11:40] [onChange/INFO] (ScreenChangeEvent) : Drink -> Employee
[14:11:40] [registerDataGridView/INFO] (EmployeeStartupEvent) : Successfully added item
[14:11:40] [registerDataGridView/INFO] (EmployeeStartupEvent) : registerDataGridView Loaded
[14:12:35] [INFO] : ---------------------------------------------------------------------------------------
[14:12:35] [INFO] : Loading Main.Program
[14:12:35] [Order/INFO] (Order) : Order Loading...
[14:12:35] [onStartup/INFO] (OrderStartupEvent) : onStartup Loaded
[14:12:35] [load/INFO] (OrderStartupEvent) : OrderStartupEvent Loaded
[14:12:35] [Order_Load/INFO] (Order) : Order Loaded
[14:12:36] [registerDataGridView/INFO] (OrderStartupEvent) : Successfully added items
[14:12:36] [registerDataGridView/INFO] (OrderStartupEvent) : registerDataGridView Loaded
[14:12:36] [registerItemsInComboBox/INFO] (OrderStartupEvent) : registerItemsInComboBox Loaded
[14:12:42] [Employee/INFO] (Employee) : Employee Loading...
[14:12:42] [onStartup/INFO] (EmployeeStartupEvent) : onStartup Loaded
[14:12:42] [registerItemsInComboBox/INFO] (EmployeeStartupEvent) : registerItemsInComboBox Loaded
[14:12:42] [load/INFO] (EmployeeStartupEvent) : EmployeeStartupEvent Loaded
[14:12:42] [Employee_Load/INFO] (Employee) : Employee Loaded
[14:12:42] [onChange/INFO] (ScreenChangeEvent) : Order -> Employee
[14:12:42] [registerDataGridView/INFO] (EmployeeStartupEvent) : Successfully added item
[14:12:42] [registerDataGridView/INFO] (EmployeeStartupEvent) : registerDataGridView Loaded
[14:12:50] [onClickAdd/WARN] (EmployeeButtonClickEvent/MySqlException) : Duplicate entry '1' for key 'PRIMARY'
[14:12:53] [registerDataGridView/INFO] (EmployeeStartupEvent) : Successfully added item
[14:12:53] [registerDataGridView/INFO] (EmployeeStartupEvent) : registerDataGridView Loaded
[14:12:53] [clearTextBox/INFO] (EmployeeButtonClickEvent) : Removed item(s) from components
[14:16:05] [INFO] : ---------------------------------------------------------------------------------------
[14:16:05] [INFO] : Loading Main.Program
[14:16:05] [Order/INFO] (Order) : Order Loading...
[14:16:05] [onStartup/INFO] (OrderStartupEvent) : onStartup Loaded
[14:16:05] [load/INFO] (OrderStartupEvent) : OrderStartupEvent Loaded
[14:16:05] [Order_Load/INFO] (Order) : Order Loaded
[14:16:06] [registerDataGridView/INFO] (OrderStartupEvent) : Successfully added items
[14:16:06] [registerDataGridView/INFO] (OrderStartupEvent) : registerDataGridView Loaded
[14:16:06] [registerItemsInComboBox/INFO] (OrderStartupEvent) : registerItemsInComboBox Loaded
[14:16:06] [Employee/INFO] (Employee) : Employee Loading...
[14:16:06] [onStartup/INFO] (EmployeeStartupEvent) : onStartup Loaded
[14:16:06] [registerItemsInComboBox/INFO] (EmployeeStartupEvent) : registerItemsInComboBox Loaded
[14:16:06] [load/INFO] (EmployeeStartupEvent) : EmployeeStartupEvent Loaded
[14:16:06] [Employee_Load/INFO] (Employee) : Employee Loaded
[14:16:06] [onChange/INFO] (ScreenChangeEvent) : Order -> Employee
[14:16:06] [registerDataGridView/INFO] (EmployeeStartupEvent) : Successfully added item
[14:16:06] [registerDataGridView/INFO] (EmployeeStartupEvent) : registerDataGridView Loaded
[14:16:07] [Drink/INFO] (Drink) : Drink Loading...
[14:16:07] [onStartup/INFO] (DrinkStartupEvent) : onStartup Loaded
[14:16:07] [registerItemsInComboBox/INFO] (DrinkStartupEvent) : registerItemsInComboBox Loaded
[14:16:07] [load/INFO] (DrinkStartupEvent) : DrinkStartupEvent Loaded
[14:16:07] [Drink_Load/INFO] (Drink) : Drink Loaded
[14:16:08] [onChange/INFO] (ScreenChangeEvent) : Employee -> Drink
[14:16:08] [registerDataGridView/INFO] (DrinkStartupEvent) : Successfully added items
[14:16:08] [registerDataGridView/INFO] (DrinkStartupEvent) : registerDataGridView Loaded
[14:25:06] [INFO] : ---------------------------------------------------------------------------------------
[14:25:06] [INFO] : Loading Main.Program
[14:25:07] [Order/INFO] (Order) : Order Loading...
[14:25:07] [onStartup/INFO] (OrderStartupEvent) : onStartup Loaded
[14:25:07] [load/INFO] (OrderStartupEvent) : OrderStartupEvent Loaded
[14:25:07] [Order_Load/INFO] (Order) : Order Loaded
[14:25:07] [registerDataGridView/INFO] (OrderStartupEvent) : Successfully added items
[14:25:07] [registerDataGridView/INFO] (OrderStartupEvent) : registerDataGridView Loaded
[14:25:07] [registerItemsInComboBox/INFO] (OrderStartupEvent) : registerItemsInComboBox Loaded
[14:25:09] [Drink/INFO] (Drink) : Drink Loading...
[14:25:09] [onStartup/INFO] (DrinkStartupEvent) : onStartup Loaded
[14:25:09] [registerItemsInComboBox/INFO] (DrinkStartupEvent) : registerItemsInComboBox Loaded
[14:25:09] [load/INFO] (DrinkStartupEvent) : DrinkStartupEvent Loaded
[14:25:09] [Drink_Load/INFO] (Drink) : Drink Loaded
[14:25:09] [onChange/INFO] (ScreenChangeEvent) : Order -> Drink
[14:25:09] [registerDataGridView/INFO] (DrinkStartupEvent) : Successfully added items
[14:25:09] [registerDataGridView/INFO] (DrinkStartupEvent) : registerDataGridView Loaded
[14:25:19] [registerDataGridView/INFO] (DrinkStartupEvent) : Successfully added items
[14:25:19] [registerDataGridView/INFO] (DrinkStartupEvent) : registerDataGridView Loaded
[14:25:19] [clearTextBox/INFO] (DrinkButtonClickEvent) : Removed item(s) from components
[14:25:21] [Topping/INFO] (Topping) : Topping Loading...
[14:25:21] [onStartup/INFO] (ToppingStartupEvent) : onStartup Loaded
[14:25:21] [load/INFO] (ToppingStartupEvent) : ToppingStartupEvent Loaded
[14:25:21] [Topping_Load/INFO] (Topping) : Topping Loaded
[14:25:21] [onChange/INFO] (ScreenChangeEvent) : Drink -> Topping
[14:25:22] [registerDataGridView/INFO] (ToppingStartupEvent) : Successfully added items
[14:25:22] [registerDataGridView/INFO] (ToppingStartupEvent) : registerDataGridView Loaded
[14:25:27] [registerDataGridView/INFO] (ToppingStartupEvent) : Successfully added items
[14:25:27] [registerDataGridView/INFO] (ToppingStartupEvent) : registerDataGridView Loaded
[14:25:27] [clearTextBox/INFO] (ToppingButtonClickEvent) : Removed item(s) from components
[14:25:28] [Employee/INFO] (Employee) : Employee Loading...
[14:25:28] [onStartup/INFO] (EmployeeStartupEvent) : onStartup Loaded
[14:25:28] [registerItemsInComboBox/INFO] (EmployeeStartupEvent) : registerItemsInComboBox Loaded
[14:25:28] [load/INFO] (EmployeeStartupEvent) : EmployeeStartupEvent Loaded
[14:25:28] [Employee_Load/INFO] (Employee) : Employee Loaded
[14:25:28] [onChange/INFO] (ScreenChangeEvent) : Topping -> Employee
[14:25:28] [registerDataGridView/INFO] (EmployeeStartupEvent) : Successfully added item
[14:25:28] [registerDataGridView/INFO] (EmployeeStartupEvent) : registerDataGridView Loaded
[14:25:36] [registerDataGridView/INFO] (EmployeeStartupEvent) : Successfully added item
[14:25:36] [registerDataGridView/INFO] (EmployeeStartupEvent) : registerDataGridView Loaded
[14:25:36] [clearTextBox/INFO] (EmployeeButtonClickEvent) : Removed item(s) from components
[14:28:19] [INFO] : ---------------------------------------------------------------------------------------
[14:28:19] [INFO] : Loading Main.Program
[14:28:19] [Order/INFO] (Order) : Order Loading...
[14:28:19] [onStartup/INFO] (OrderStartupEvent) : onStartup Loaded
[14:28:19] [load/INFO] (OrderStartupEvent) : OrderStartupEvent Loaded
[14:28:19] [Order_Load/INFO] (Order) : Order Loaded
[14:28:19] [registerDataGridView/INFO] (OrderStartupEvent) : Successfully added items
[14:28:19] [registerDataGridView/INFO] (OrderStartupEvent) : registerDataGridView Loaded
[14:28:20] [registerItemsInComboBox/INFO] (OrderStartupEvent) : registerItemsInComboBox Loaded
[14:29:48] [INFO] : ---------------------------------------------------------------------------------------
[14:29:48] [INFO] : Loading Main.Program
[14:29:48] [Order/INFO] (Order) : Order Loading...
[14:29:48] [onStartup/INFO] (OrderStartupEvent) : onStartup Loaded
[14:29:48] [load/INFO] (OrderStartupEvent) : OrderStartupEvent Loaded
[14:29:48] [Order_Load/INFO] (Order) : Order Loaded
[14:29:49] [registerDataGridView/INFO] (OrderStartupEvent) : Successfully added items
[14:29:49] [registerDataGridView/INFO] (OrderStartupEvent) : registerDataGridView Loaded
[14:29:49] [registerItemsInComboBox/INFO] (OrderStartupEvent) : registerItemsInComboBox Loaded
[14:29:49] [OrderDetail/INFO] (OrderDetail) : OrderDetail Loading...
[14:29:49] [onStartup/INFO] (OrderDetailStartupEvent) : onStartup Loaded
[14:29:49] [load/INFO] (OrderDetailStartupEvent) : OrderDetailStartupEvent Loaded
[14:29:49] [OrderDetail_Load/INFO] (OrderDetail) : OrderDetail Loaded
[14:29:49] [onChange/INFO] (ScreenChangeEvent) : Order -> OrderDetail
[14:29:50] [registerDataGridView/INFO] (OrderDetailStartupEvent) : Successfully added items
[14:29:50] [registerDataGridView/INFO] (OrderDetailStartupEvent) : registerDataGridView Loaded
[14:29:50] [registerItemsInComboBox/INFO] (OrderDetailStartupEvent) : registerItemsInComboBox Loaded
[14:29:54] [onClickAdd/WARN] (OrderDetailButtonClickEvent/MySqlException) : Cannot add or update a child row: a foreign key constraint fails (`cafe_db`.`order_detail`, CONSTRAINT `OD_Topping_Id` FOREIGN KEY (`TOPPING_ID`) REFERENCES `topping` (`TOPPING_ID`))
[14:32:38] [INFO] : ---------------------------------------------------------------------------------------
[14:32:38] [INFO] : Loading Main.Program
[14:32:38] [Order/INFO] (Order) : Order Loading...
[14:32:38] [onStartup/INFO] (OrderStartupEvent) : onStartup Loaded
[14:32:38] [load/INFO] (OrderStartupEvent) : OrderStartupEvent Loaded
[14:32:38] [Order_Load/INFO] (Order) : Order Loaded
[14:32:39] [registerDataGridView/INFO] (OrderStartupEvent) : Successfully added items
[14:32:39] [registerDataGridView/INFO] (OrderStartupEvent) : registerDataGridView Loaded
[14:32:39] [registerItemsInComboBox/INFO] (OrderStartupEvent) : registerItemsInComboBox Loaded
[14:32:50] [OrderDetail/INFO] (OrderDetail) : OrderDetail Loading...
[14:32:50] [onStartup/INFO] (OrderDetailStartupEvent) : onStartup Loaded
[14:32:50] [load/INFO] (OrderDetailStartupEvent) : OrderDetailStartupEvent Loaded
[14:32:50] [OrderDetail_Load/INFO] (OrderDetail) : OrderDetail Loaded
[14:32:50] [onChange/INFO] (ScreenChangeEvent) : Order -> OrderDetail
[14:32:50] [registerDataGridView/INFO] (OrderDetailStartupEvent) : Successfully added items
[14:32:50] [registerDataGridView/INFO] (OrderDetailStartupEvent) : registerDataGridView Loaded
[14:32:50] [registerItemsInComboBox/INFO] (OrderDetailStartupEvent) : registerItemsInComboBox Loaded
[14:33:00] [MaterialofDrink/INFO] (MaterialofDrink) : MaterialofDrink Loading...
[14:33:00] [onStartup/INFO] (MaterialofDrinkStartupEvent) : onStartup Loaded
[14:33:00] [load/INFO] (MaterialofDrinkStartupEvent) : MaterialofDrinkStartupEvent Loaded
[14:33:00] [MaterialofDrink_Load/INFO] (MaterialofDrink) : MaterialofDrink Loaded
[14:33:00] [onChange/INFO] (ScreenChangeEvent) : OrderDetail -> MaterialofDrink
[14:33:00] [registerDataGridView/INFO] (MaterialofDrinkStartupEvent) : Successfully added item
[14:33:00] [registerDataGridView/INFO] (MaterialofDrinkStartupEvent) : registerDataGridViewLoaded
[14:33:00] [registerItemsInComboBox/INFO] (MaterialofDrinkStartupEvent) : registerItemsInComboBox Loaded
[14:33:00] [OrderDetail/INFO] (OrderDetail) : OrderDetail Loading...
[14:33:00] [onStartup/INFO] (OrderDetailStartupEvent) : onStartup Loaded
[14:33:00] [load/INFO] (OrderDetailStartupEvent) : OrderDetailStartupEvent Loaded
[14:33:00] [OrderDetail_Load/INFO] (OrderDetail) : OrderDetail Loaded
[14:33:00] [onChange/INFO] (ScreenChangeEvent) : MaterialofDrink -> OrderDetail
[14:33:01] [registerDataGridView/INFO] (OrderDetailStartupEvent) : Successfully added items
[14:33:01] [registerDataGridView/INFO] (OrderDetailStartupEvent) : registerDataGridView Loaded
[14:33:01] [registerItemsInComboBox/INFO] (OrderDetailStartupEvent) : registerItemsInComboBox Loaded
[14:33:06] [MaterialofDrink/INFO] (MaterialofDrink) : MaterialofDrink Loading...
[14:33:06] [onStartup/INFO] (MaterialofDrinkStartupEvent) : onStartup Loaded
[14:33:06] [load/INFO] (MaterialofDrinkStartupEvent) : MaterialofDrinkStartupEvent Loaded
[14:33:06] [MaterialofDrink_Load/INFO] (MaterialofDrink) : MaterialofDrink Loaded
[14:33:06] [onChange/INFO] (ScreenChangeEvent) : OrderDetail -> MaterialofDrink
[14:33:06] [registerDataGridView/INFO] (MaterialofDrinkStartupEvent) : Successfully added item
[14:33:06] [registerDataGridView/INFO] (MaterialofDrinkStartupEvent) : registerDataGridViewLoaded
[14:33:06] [registerItemsInComboBox/INFO] (MaterialofDrinkStartupEvent) : registerItemsInComboBox Loaded
[14:33:07] [OrderDetail/INFO] (OrderDetail) : OrderDetail Loading...
[14:33:07] [onStartup/INFO] (OrderDetailStartupEvent) : onStartup Loaded
[14:33:07] [load/INFO] (OrderDetailStartupEvent) : OrderDetailStartupEvent Loaded
[14:33:07] [OrderDetail_Load/INFO] (OrderDetail) : OrderDetail Loaded
[14:33:07] [onChange/INFO] (ScreenChangeEvent) : MaterialofDrink -> OrderDetail
[14:33:07] [registerDataGridView/INFO] (OrderDetailStartupEvent) : Successfully added items
[14:33:07] [registerDataGridView/INFO] (OrderDetailStartupEvent) : registerDataGridView Loaded
[14:33:07] [registerItemsInComboBox/INFO] (OrderDetailStartupEvent) : registerItemsInComboBox Loaded
[14:33:11] [Employee/INFO] (Employee) : Employee Loading...
[14:33:11] [onStartup/INFO] (EmployeeStartupEvent) : onStartup Loaded
[14:33:11] [registerItemsInComboBox/INFO] (EmployeeStartupEvent) : registerItemsInComboBox Loaded
[14:33:11] [load/INFO] (EmployeeStartupEvent) : EmployeeStartupEvent Loaded
[14:33:11] [Employee_Load/INFO] (Employee) : Employee Loaded
[14:33:12] [onChange/INFO] (ScreenChangeEvent) : OrderDetail -> Employee
[14:33:12] [registerDataGridView/INFO] (EmployeeStartupEvent) : Successfully added item
[14:33:12] [registerDataGridView/INFO] (EmployeeStartupEvent) : registerDataGridView Loaded
[14:33:12] [OrderDetail/INFO] (OrderDetail) : OrderDetail Loading...
[14:33:12] [onStartup/INFO] (OrderDetailStartupEvent) : onStartup Loaded
[14:33:12] [load/INFO] (OrderDetailStartupEvent) : OrderDetailStartupEvent Loaded
[14:33:12] [OrderDetail_Load/INFO] (OrderDetail) : OrderDetail Loaded
[14:33:12] [onChange/INFO] (ScreenChangeEvent) : Employee -> OrderDetail
[14:33:12] [registerDataGridView/INFO] (OrderDetailStartupEvent) : Successfully added items
[14:33:13] [registerDataGridView/INFO] (OrderDetailStartupEvent) : registerDataGridView Loaded
[14:33:13] [registerItemsInComboBox/INFO] (OrderDetailStartupEvent) : registerItemsInComboBox Loaded
[14:33:23] [MaterialofDrink/INFO] (MaterialofDrink) : MaterialofDrink Loading...
[14:33:23] [onStartup/INFO] (MaterialofDrinkStartupEvent) : onStartup Loaded
[14:33:23] [load/INFO] (MaterialofDrinkStartupEvent) : MaterialofDrinkStartupEvent Loaded
[14:33:23] [MaterialofDrink_Load/INFO] (MaterialofDrink) : MaterialofDrink Loaded
[14:33:23] [onChange/INFO] (ScreenChangeEvent) : OrderDetail -> MaterialofDrink
[14:33:23] [registerDataGridView/INFO] (MaterialofDrinkStartupEvent) : Successfully added item
[14:33:23] [registerDataGridView/INFO] (MaterialofDrinkStartupEvent) : registerDataGridViewLoaded
[14:33:24] [OrderDetail/INFO] (OrderDetail) : OrderDetail Loading...
[14:33:24] [onStartup/INFO] (OrderDetailStartupEvent) : onStartup Loaded
[14:33:24] [load/INFO] (OrderDetailStartupEvent) : OrderDetailStartupEvent Loaded
[14:33:24] [OrderDetail_Load/INFO] (OrderDetail) : OrderDetail Loaded
[14:33:24] [onChange/INFO] (ScreenChangeEvent) : MaterialofDrink -> OrderDetail
[14:33:24] [registerItemsInComboBox/INFO] (OrderDetailStartupEvent) : registerItemsInComboBox Loaded
[14:33:24] [registerDataGridView/INFO] (OrderDetailStartupEvent) : Successfully added items
[14:33:24] [registerDataGridView/INFO] (OrderDetailStartupEvent) : registerDataGridView Loaded
[14:33:24] [registerItemsInComboBox/INFO] (MaterialofDrinkStartupEvent) : registerItemsInComboBox Loaded
[14:33:58] [INFO] : ---------------------------------------------------------------------------------------
[14:33:58] [INFO] : Loading Main.Program
[14:33:58] [Order/INFO] (Order) : Order Loading...
[14:33:58] [onStartup/INFO] (OrderStartupEvent) : onStartup Loaded
[14:33:58] [load/INFO] (OrderStartupEvent) : OrderStartupEvent Loaded
[14:33:58] [Order_Load/INFO] (Order) : Order Loaded
[14:33:59] [registerDataGridView/INFO] (OrderStartupEvent) : Successfully added items
[14:33:59] [registerDataGridView/INFO] (OrderStartupEvent) : registerDataGridView Loaded
[14:33:59] [OrderDetail/INFO] (OrderDetail) : OrderDetail Loading...
[14:34:00] [onStartup/INFO] (OrderDetailStartupEvent) : onStartup Loaded
[14:34:00] [load/INFO] (OrderDetailStartupEvent) : OrderDetailStartupEvent Loaded
[14:34:00] [OrderDetail_Load/INFO] (OrderDetail) : OrderDetail Loaded
[14:34:00] [onChange/INFO] (ScreenChangeEvent) : Order -> OrderDetail
[14:34:00] [registerItemsInComboBox/INFO] (OrderDetailStartupEvent) : registerItemsInComboBox Loaded
[14:34:00] [registerDataGridView/INFO] (OrderDetailStartupEvent) : Successfully added items
[14:34:00] [registerDataGridView/INFO] (OrderDetailStartupEvent) : registerDataGridView Loaded
[14:34:00] [registerItemsInComboBox/INFO] (OrderStartupEvent) : registerItemsInComboBox Loaded
[14:34:05] [registerDataGridView/INFO] (OrderDetailStartupEvent) : Successfully added items
[14:34:05] [registerDataGridView/INFO] (OrderDetailStartupEvent) : registerDataGridView Loaded
[14:34:05] [clearTextBox/INFO] (OrderDetailButtonClickEvent) : Removed item(s) from components
[14:35:11] [INFO] : ---------------------------------------------------------------------------------------
[14:35:11] [INFO] : Loading Main.Program
[14:35:11] [Order/INFO] (Order) : Order Loading...
[14:35:11] [onStartup/INFO] (OrderStartupEvent) : onStartup Loaded
[14:35:11] [load/INFO] (OrderStartupEvent) : OrderStartupEvent Loaded
[14:35:11] [Order_Load/INFO] (Order) : Order Loaded
[14:35:12] [registerDataGridView/INFO] (OrderStartupEvent) : Successfully added items
[14:35:12] [registerDataGridView/INFO] (OrderStartupEvent) : registerDataGridView Loaded
[14:35:12] [registerItemsInComboBox/INFO] (OrderStartupEvent) : registerItemsInComboBox Loaded
[14:35:13] [OrderDetail/INFO] (OrderDetail) : OrderDetail Loading...
[14:35:13] [onStartup/INFO] (OrderDetailStartupEvent) : onStartup Loaded
[14:35:13] [load/INFO] (OrderDetailStartupEvent) : OrderDetailStartupEvent Loaded
[14:35:13] [OrderDetail_Load/INFO] (OrderDetail) : OrderDetail Loaded
[14:35:13] [onChange/INFO] (ScreenChangeEvent) : Order -> OrderDetail
[14:35:13] [registerDataGridView/INFO] (OrderDetailStartupEvent) : Successfully added items
[14:35:13] [registerDataGridView/INFO] (OrderDetailStartupEvent) : registerDataGridView Loaded
[14:35:13] [registerItemsInComboBox/INFO] (OrderDetailStartupEvent) : registerItemsInComboBox Loaded
