[04:57:55] [INFO] : ---------------------------------------------------------------------------------------
[04:57:55] [INFO] : Loading Main.Program
[04:57:55] [INFO] : Employee Loaded
[04:57:56] [INFO] : onStartup Loaded
[04:57:56] [INFO] : registerItemsInComboBox Loaded
[04:58:11] [INFO] : registerDataGridView Loaded
[04:58:11] [INFO] : EmployeeStartupEvent Loaded
[04:58:11] [INFO] : Employee_Load Loaded
[04:58:32] [INFO] : onStartup Loaded
[04:58:32] [INFO] : registerItemsInComboBox Loaded
[04:58:47] [INFO] : registerDataGridView Loaded
[04:58:47] [INFO] : DrinkStartupEvent Loaded
[04:59:40] [INFO] : ---------------------------------------------------------------------------------------
[04:59:40] [INFO] : Loading Main.Program
[04:59:40] [INFO] : Employee Loaded
[04:59:40] [INFO] : onStartup Loaded
[04:59:40] [INFO] : registerItemsInComboBox Loaded
[04:59:55] [INFO] : registerDataGridView Loaded
[04:59:55] [INFO] : EmployeeStartupEvent Loaded
[04:59:55] [INFO] : Employee_Load Loaded
[05:00:12] [INFO] : onStartup Loaded
[05:00:12] [INFO] : registerItemsInComboBox Loaded
[05:00:27] [INFO] : registerDataGridView Loaded
[05:00:27] [INFO] : DrinkStartupEvent Loaded
[05:01:05] [INFO] : ---------------------------------------------------------------------------------------
[05:01:05] [INFO] : Loading Main.Program
[05:01:05] [INFO] : Employee Loaded
[05:01:05] [INFO] : onStartup Loaded
[05:01:05] [INFO] : registerItemsInComboBox Loaded
[05:01:20] [INFO] : registerDataGridView Loaded
[05:01:20] [INFO] : EmployeeStartupEvent Loaded
[05:01:20] [INFO] : Employee_Load Loaded
[05:09:17] [INFO] : ---------------------------------------------------------------------------------------
[05:09:17] [INFO] : Loading Main.Program
[05:09:17] [INFO] : Employee Loaded
[05:09:17] [INFO] : onStartup Loaded
[05:09:17] [INFO] : registerItemsInComboBox Loaded
[05:09:17] [INFO] : EmployeeStartupEvent Loaded
[05:09:17] [INFO] : Employee_Load Loaded
[05:09:33] [INFO] : registerDataGridView Loaded
[05:11:09] [INFO] : ---------------------------------------------------------------------------------------
[05:11:09] [INFO] : Loading Main.Program
[05:11:09] [INFO] : Employee Loaded
[05:11:10] [INFO] : onStartup Loaded
[05:11:10] [INFO] : registerItemsInComboBox Loaded
[05:11:10] [INFO] : EmployeeStartupEvent Loaded
[05:11:10] [INFO] : Employee_Load Loaded
[05:11:25] [INFO] : registerDataGridView Loaded
[05:13:01] [INFO] : ---------------------------------------------------------------------------------------
[05:13:01] [INFO] : Loading Main.Program
[05:13:01] [INFO] : Employee Loaded
[05:13:01] [INFO] : onStartup Loaded
[05:13:01] [INFO] : registerItemsInComboBox Loaded
[05:13:01] [INFO] : EmployeeStartupEvent Loaded
[05:13:01] [INFO] : Employee_Load Loaded
[05:13:17] [INFO] : registerDataGridView Loaded
[05:14:12] [INFO] : ---------------------------------------------------------------------------------------
[05:14:12] [INFO] : Loading Main.Program
[05:14:12] [INFO] : Employee Loaded
[05:14:12] [INFO] : onStartup Loaded
[05:14:12] [INFO] : registerItemsInComboBox Loaded
[05:14:12] [INFO] : EmployeeStartupEvent Loaded
[05:14:12] [INFO] : Employee_Load Loaded
[05:14:15] [INFO] : onStartup Loaded
[05:14:15] [INFO] : registerItemsInComboBox Loaded
[05:15:44] [INFO] : ---------------------------------------------------------------------------------------
[05:15:44] [INFO] : Loading Main.Program
[05:15:44] [INFO] : Employee Loaded
[05:15:44] [INFO] : onStartup Loaded
[05:15:44] [INFO] : registerItemsInComboBox Loaded
[05:15:44] [INFO] : EmployeeStartupEvent Loaded
[05:15:44] [INFO] : Employee_Load Loaded
[05:15:49] [INFO] : onStartup Loaded
[05:15:49] [INFO] : registerItemsInComboBox Loaded
[05:15:49] [INFO] : DrinkStartupEvent Loaded
[05:16:37] [INFO] : ---------------------------------------------------------------------------------------
[05:16:37] [INFO] : Loading Main.Program
[05:16:37] [INFO] : Employee Loaded
[05:16:37] [INFO] : onStartup Loaded
[05:16:37] [INFO] : registerItemsInComboBox Loaded
[05:16:37] [INFO] : EmployeeStartupEvent Loaded
[05:16:37] [INFO] : Employee_Load Loaded
[05:16:38] [INFO] : onStartup Loaded
[05:16:52] [INFO] : registerDataGridView Loaded
[05:16:53] [INFO] : registerItemsInComboBox Loaded
[05:16:53] [INFO] : MaterialofDrinkStartupEvent Loaded
[05:17:26] [INFO] : ---------------------------------------------------------------------------------------
[05:17:26] [INFO] : Loading Main.Program
[05:17:26] [INFO] : Employee Loaded
[05:17:26] [INFO] : onStartup Loaded
[05:17:26] [INFO] : registerItemsInComboBox Loaded
[05:17:26] [INFO] : EmployeeStartupEvent Loaded
[05:17:26] [INFO] : Employee_Load Loaded
[05:17:29] [INFO] : onStartup Loaded
[05:19:04] [INFO] : ---------------------------------------------------------------------------------------
[05:19:04] [INFO] : Loading Main.Program
[05:19:04] [INFO] : Employee Loaded
[05:19:05] [INFO] : onStartup Loaded
[05:19:05] [INFO] : registerItemsInComboBox Loaded
[05:19:05] [INFO] : EmployeeStartupEvent Loaded
[05:19:05] [INFO] : Employee_Load Loaded
[05:19:06] [INFO] : onStartup Loaded
[05:19:06] [INFO] : ToppingStartupEvent Loaded
[05:19:10] [INFO] : ---------------------------------------------------------------------------------------
[05:19:10] [INFO] : Loading Main.Program
[05:19:10] [INFO] : Employee Loaded
[05:19:10] [INFO] : onStartup Loaded
[05:19:10] [INFO] : registerItemsInComboBox Loaded
[05:19:10] [INFO] : EmployeeStartupEvent Loaded
[05:19:10] [INFO] : Employee_Load Loaded
[05:19:16] [INFO] : onStartup Loaded
[05:19:25] [INFO] : registerDataGridView Loaded
[05:19:31] [INFO] : registerItemsInComboBox Loaded
[05:19:31] [INFO] : OrderStartupEvent Loaded
[05:19:46] [INFO] : registerDataGridView Loaded
[05:19:52] [INFO] : Employee Loaded
[05:19:52] [INFO] : onStartup Loaded
[05:19:52] [INFO] : registerItemsInComboBox Loaded
[05:19:52] [INFO] : EmployeeStartupEvent Loaded
[05:19:52] [INFO] : Employee_Load Loaded
[05:19:53] [INFO] : onStartup Loaded
[05:20:07] [INFO] : registerDataGridView Loaded
[05:20:08] [INFO] : registerItemsInComboBox Loaded
[05:20:08] [INFO] : OrderStartupEvent Loaded
[05:20:23] [INFO] : registerDataGridView Loaded
[05:22:13] [INFO] : ---------------------------------------------------------------------------------------
[05:22:13] [INFO] : Loading Main.Program
[05:22:13] [INFO] : Employee Loaded
[05:22:13] [INFO] : onStartup Loaded
[05:22:13] [INFO] : registerItemsInComboBox Loaded
[05:22:13] [INFO] : EmployeeStartupEvent Loaded
[05:22:13] [INFO] : Employee_Load Loaded
[05:22:15] [INFO] : onStartup Loaded
[05:22:15] [INFO] : OrderStartupEvent Loaded
[05:22:27] [INFO] : ---------------------------------------------------------------------------------------
[05:22:27] [INFO] : Loading Main.Program
[05:22:27] [INFO] : Employee Loaded
[05:22:27] [INFO] : onStartup Loaded
[05:22:27] [INFO] : registerItemsInComboBox Loaded
[05:22:27] [INFO] : EmployeeStartupEvent Loaded
[05:22:27] [INFO] : Employee_Load Loaded
[05:23:24] [INFO] : ---------------------------------------------------------------------------------------
[05:23:24] [INFO] : Loading Main.Program
[05:23:25] [INFO] : Employee Loaded
[05:23:25] [INFO] : onStartup Loaded
[05:23:25] [INFO] : registerItemsInComboBox Loaded
[05:23:25] [INFO] : EmployeeStartupEvent Loaded
[05:23:25] [INFO] : Employee_Load Loaded
[05:23:26] [INFO] : onStartup Loaded
[05:23:26] [INFO] : MaterialofDrinkStartupEvent Loaded
[05:23:30] [INFO] : ---------------------------------------------------------------------------------------
[05:23:30] [INFO] : Loading Main.Program
[05:23:31] [INFO] : Employee Loaded
[05:23:31] [INFO] : onStartup Loaded
[05:23:31] [INFO] : registerItemsInComboBox Loaded
[05:23:31] [INFO] : EmployeeStartupEvent Loaded
[05:23:31] [INFO] : Employee_Load Loaded
[05:23:32] [INFO] : onStartup Loaded
[05:23:32] [INFO] : MaterialStartupEvent Loaded
[05:23:37] [INFO] : ---------------------------------------------------------------------------------------
[05:23:37] [INFO] : Loading Main.Program
[05:23:37] [INFO] : Employee Loaded
[05:23:37] [INFO] : onStartup Loaded
[05:23:37] [INFO] : registerItemsInComboBox Loaded
[05:23:37] [INFO] : EmployeeStartupEvent Loaded
[05:23:37] [INFO] : Employee_Load Loaded
[05:23:39] [INFO] : onStartup Loaded
[05:23:39] [INFO] : registerItemsInComboBox Loaded
[05:23:39] [INFO] : DrinkStartupEvent Loaded
[05:31:24] [INFO] : ---------------------------------------------------------------------------------------
[05:31:24] [INFO] : Loading Main.Program
[05:31:24] [INFO] : Employee Loaded
[05:31:24] [INFO] : onStartup Loaded
[05:31:25] [INFO] : registerItemsInComboBox Loaded
[05:31:25] [INFO] : EmployeeStartupEvent Loaded
[05:31:25] [INFO] : Employee_Load Loaded
[05:31:26] [INFO] : onStartup Loaded
[05:31:26] [INFO] : OrderStartupEvent Loaded
[05:31:40] [INFO] : registerDataGridView Loaded
[05:31:41] [INFO] : registerItemsInComboBox Loaded
[05:31:41] [INFO] : registerDataGridView Loaded
[05:36:33] [INFO] : ---------------------------------------------------------------------------------------
[05:36:33] [INFO] : Loading Main.Program
[05:36:33] [INFO] : Employee Loaded
[05:36:33] [INFO] : onStartup Loaded
[05:36:33] [INFO] : registerItemsInComboBox Loaded
[05:36:33] [INFO] : EmployeeStartupEvent Loaded
[05:36:33] [INFO] : Employee_Load Loaded
[05:36:34] [INFO] : onStartup Loaded
[05:36:34] [INFO] : MaterialofDrinkStartupEvent Loaded
[05:36:48] [INFO] : registerDataGridView Loaded
[05:36:49] [INFO] : registerItemsInComboBox Loaded
[05:36:49] [INFO] : registerDataGridView Loaded
[05:37:13] [INFO] : ---------------------------------------------------------------------------------------
[05:37:13] [INFO] : Loading Main.Program
[05:37:13] [INFO] : Employee Loaded
[05:37:13] [INFO] : onStartup Loaded
[05:37:13] [INFO] : registerItemsInComboBox Loaded
[05:37:13] [INFO] : EmployeeStartupEvent Loaded
[05:37:13] [INFO] : Employee_Load Loaded
[05:37:13] [INFO] : registerDataGridView Successfully added item
[05:37:13] [INFO] : registerDataGridView Loaded
[05:37:27] [INFO] : registerDataGridView Successfully added item
[05:37:27] [INFO] : registerDataGridView Loaded
[05:37:34] [INFO] : registerDataGridView Successfully added item
[05:37:34] [INFO] : registerDataGridView Loaded
[05:37:38] [INFO] : onStartup Loaded
[05:37:38] [INFO] : OrderStartupEvent Loaded
[05:37:38] [registerDataGridView/ERROR] (OrderStartupEvent/MySqlException) : You have an error in your SQL syntax; check the manual that corresponds to your MariaDB server version for the right syntax to use near 'order' at line 1
[05:37:38] [INFO] : registerItemsInComboBox Loaded
[05:38:24] [INFO] : ---------------------------------------------------------------------------------------
[05:38:24] [INFO] : Loading Main.Program
[05:38:24] [INFO] : Employee Loaded
[05:38:24] [INFO] : onStartup Loaded
[05:38:24] [INFO] : registerItemsInComboBox Loaded
[05:38:24] [INFO] : EmployeeStartupEvent Loaded
[05:38:24] [INFO] : Employee_Load Loaded
[05:38:25] [INFO] : registerDataGridView Successfully added item
[05:38:25] [INFO] : registerDataGridView Loaded
[05:38:25] [INFO] : onStartup Loaded
[05:38:25] [INFO] : OrderStartupEvent Loaded
[05:38:25] [INFO] : registerDataGridView Successfully added item
[05:38:25] [INFO] : registerDataGridView Loaded
[05:38:25] [INFO] : registerItemsInComboBox Loaded
[05:38:33] [INFO] : registerDataGridView Successfully added item
[05:38:33] [INFO] : registerDataGridView Loaded
[05:38:39] [INFO] : registerDataGridView Successfully added item
[05:38:39] [INFO] : registerDataGridView Loaded
[05:39:15] [INFO] : ---------------------------------------------------------------------------------------
[05:39:15] [INFO] : Loading Main.Program
[05:39:15] [INFO] : Employee Loaded
[05:39:15] [INFO] : onStartup Loaded
[05:39:15] [INFO] : registerItemsInComboBox Loaded
[05:39:15] [INFO] : EmployeeStartupEvent Loaded
[05:39:15] [INFO] : Employee_Load Loaded
[05:39:15] [INFO] : registerDataGridView Successfully added item
[05:39:15] [INFO] : registerDataGridView Loaded
[05:39:17] [INFO] : onStartup Loaded
[05:39:17] [INFO] : registerItemsInComboBox Loaded
[05:39:17] [INFO] : DrinkStartupEvent Loaded
[05:39:17] [INFO] : registerDataGridView Successfully added item
[05:39:17] [INFO] : registerDataGridView Loaded
[05:39:32] [INFO] : registerDataGridView Successfully added item
[05:39:32] [INFO] : registerDataGridView Loaded
[05:39:54] [INFO] : registerDataGridView Successfully added item
[05:39:54] [INFO] : registerDataGridView Loaded
[05:40:40] [INFO] : ---------------------------------------------------------------------------------------
[05:40:40] [INFO] : Loading Main.Program
[05:40:40] [INFO] : Employee Loaded
[05:40:41] [INFO] : onStartup Loaded
[05:40:41] [INFO] : registerItemsInComboBox Loaded
[05:40:41] [INFO] : EmployeeStartupEvent Loaded
[05:40:41] [INFO] : Employee_Load Loaded
[05:40:41] [INFO] : registerDataGridView Successfully added item
[05:40:41] [INFO] : registerDataGridView Loaded
[05:40:47] [INFO] : registerDataGridView Successfully added item
[05:40:47] [INFO] : registerDataGridView Loaded
[05:40:51] [INFO] : registerDataGridView Successfully added item
[05:40:51] [INFO] : registerDataGridView Loaded
[05:40:55] [INFO] : registerDataGridView Successfully added item
[05:40:55] [INFO] : registerDataGridView Loaded
[05:42:02] [INFO] : ---------------------------------------------------------------------------------------
[05:42:02] [INFO] : Loading Main.Program
[05:42:02] [INFO] : Employee Loaded
[05:42:02] [INFO] : onStartup Loaded
[05:42:02] [INFO] : registerItemsInComboBox Loaded
[05:42:02] [INFO] : EmployeeStartupEvent Loaded
[05:42:02] [INFO] : Employee_Load Loaded
[05:42:02] [INFO] : registerDataGridView Successfully added item
[05:42:02] [INFO] : registerDataGridView Loaded
[05:42:05] [INFO] : onStartup Loaded
[05:42:05] [INFO] : registerItemsInComboBox Loaded
[05:42:05] [INFO] : DrinkStartupEvent Loaded
[05:42:05] [INFO] : registerDataGridView Successfully added item
[05:42:05] [INFO] : registerDataGridView Loaded
[05:42:10] [onClickSave/ERROR] (OrderButtonClickEvent/MySqlException) : You have an error in your SQL syntax; check the manual that corresponds to your MariaDB server version for the right syntax to use near ''Pepsi', DRINK_PRICE '50', DRINK_STATUS ''where DRINK_ID = 102' at line 1
[05:43:40] [INFO] : ---------------------------------------------------------------------------------------
[05:43:40] [INFO] : Loading Main.Program
[05:43:40] [INFO] : Employee Loaded
[05:43:40] [INFO] : onStartup Loaded
[05:43:40] [INFO] : registerItemsInComboBox Loaded
[05:43:40] [INFO] : EmployeeStartupEvent Loaded
[05:43:40] [INFO] : Employee_Load Loaded
[05:43:40] [INFO] : registerDataGridView Successfully added item
[05:43:40] [INFO] : registerDataGridView Loaded
[05:43:42] [INFO] : onStartup Loaded
[05:43:42] [INFO] : registerItemsInComboBox Loaded
[05:43:42] [INFO] : DrinkStartupEvent Loaded
[05:43:42] [INFO] : registerDataGridView Successfully added item
[05:43:42] [INFO] : registerDataGridView Loaded
[05:43:47] [onClickSave/ERROR] (OrderButtonClickEvent/MySqlException) : You have an error in your SQL syntax; check the manual that corresponds to your MariaDB server version for the right syntax to use near ''Pepsi', DRINK_PRICE '50', DRINK_STATUS '0'where DRINK_ID = 102' at line 1
[05:44:44] [onClickSave/ERROR] (OrderButtonClickEvent/MySqlException) : You have an error in your SQL syntax; check the manual that corresponds to your MariaDB server version for the right syntax to use near ''Pepsisss', DRINK_PRICE '50', DRINK_STATUS '0'where DRINK_ID = 102' at line 1
[05:44:46] [onClickSave/ERROR] (OrderButtonClickEvent/MySqlException) : You have an error in your SQL syntax; check the manual that corresponds to your MariaDB server version for the right syntax to use near ''Pepsisss', DRINK_PRICE '50', DRINK_STATUS '1'where DRINK_ID = 102' at line 1
[05:45:46] [INFO] : ---------------------------------------------------------------------------------------
[05:45:46] [INFO] : Loading Main.Program
[05:45:46] [INFO] : Employee Loaded
[05:45:46] [INFO] : onStartup Loaded
[05:45:46] [INFO] : registerItemsInComboBox Loaded
[05:45:46] [INFO] : EmployeeStartupEvent Loaded
[05:45:46] [INFO] : Employee_Load Loaded
[05:45:47] [INFO] : registerDataGridView Successfully added item
[05:45:47] [INFO] : registerDataGridView Loaded
[05:45:47] [INFO] : onStartup Loaded
[05:45:47] [INFO] : registerItemsInComboBox Loaded
[05:45:47] [INFO] : DrinkStartupEvent Loaded
[05:45:47] [INFO] : registerDataGridView Successfully added item
[05:45:47] [INFO] : registerDataGridView Loaded
[05:45:54] [INFO] : registerDataGridView Successfully added item
[05:45:54] [INFO] : registerDataGridView Loaded
[05:46:29] [INFO] : ---------------------------------------------------------------------------------------
[05:46:29] [INFO] : Loading Main.Program
[05:46:29] [INFO] : Employee Loaded
[05:46:29] [INFO] : onStartup Loaded
[05:46:29] [INFO] : registerItemsInComboBox Loaded
[05:46:29] [INFO] : EmployeeStartupEvent Loaded
[05:46:29] [INFO] : Employee_Load Loaded
[05:46:29] [INFO] : registerDataGridView Successfully added item
[05:46:29] [INFO] : registerDataGridView Loaded
[05:46:30] [INFO] : onStartup Loaded
[05:46:30] [INFO] : registerItemsInComboBox Loaded
[05:46:30] [INFO] : DrinkStartupEvent Loaded
[05:46:30] [INFO] : registerDataGridView Successfully added item
[05:46:30] [INFO] : registerDataGridView Loaded
[05:46:35] [INFO] : registerDataGridView Successfully added item
[05:46:35] [INFO] : registerDataGridView Loaded
[05:46:47] [INFO] : registerDataGridView Successfully added item
[05:46:47] [INFO] : registerDataGridView Loaded
[05:46:52] [onClickDelete/ERROR] (DrinkButtonClickEvent/MySqlException) : Unknown column 'ORDER_ID' in 'where clause'
[05:47:29] [INFO] : ---------------------------------------------------------------------------------------
[05:47:29] [INFO] : Loading Main.Program
[05:47:29] [INFO] : Employee Loaded
[05:47:29] [INFO] : onStartup Loaded
[05:47:29] [INFO] : registerItemsInComboBox Loaded
[05:47:29] [INFO] : EmployeeStartupEvent Loaded
[05:47:29] [INFO] : Employee_Load Loaded
[05:47:29] [INFO] : registerDataGridView Successfully added item
[05:47:29] [INFO] : registerDataGridView Loaded
[05:47:30] [INFO] : onStartup Loaded
[05:47:30] [INFO] : registerItemsInComboBox Loaded
[05:47:30] [INFO] : DrinkStartupEvent Loaded
[05:47:30] [INFO] : registerDataGridView Successfully added item
[05:47:30] [INFO] : registerDataGridView Loaded
[05:47:34] [INFO] : registerDataGridView Successfully added item
[05:47:34] [INFO] : registerDataGridView Loaded
[05:47:37] [INFO] : ---------------------------------------------------------------------------------------
[05:47:37] [INFO] : Loading Main.Program
[05:47:37] [INFO] : Employee Loaded
[05:47:37] [INFO] : onStartup Loaded
[05:47:37] [INFO] : registerItemsInComboBox Loaded
[05:47:37] [INFO] : EmployeeStartupEvent Loaded
[05:47:37] [INFO] : Employee_Load Loaded
[05:47:38] [INFO] : registerDataGridView Successfully added item
[05:47:38] [INFO] : registerDataGridView Loaded
[05:47:43] [INFO] : registerDataGridView Successfully added item
[05:47:43] [INFO] : registerDataGridView Loaded
[05:47:57] [INFO] : registerDataGridView Successfully added item
[05:47:57] [INFO] : registerDataGridView Loaded
[05:48:03] [INFO] : registerDataGridView Successfully added item
[05:48:03] [INFO] : registerDataGridView Loaded
[05:48:08] [INFO] : onStartup Loaded
[05:48:08] [INFO] : OrderStartupEvent Loaded
[05:48:08] [INFO] : registerDataGridView Successfully added item
[05:48:08] [INFO] : registerDataGridView Loaded
[05:48:08] [INFO] : registerItemsInComboBox Loaded
[05:48:12] [INFO] : registerDataGridView Successfully added item
[05:48:12] [INFO] : registerDataGridView Loaded
[05:48:19] [INFO] : registerDataGridView Successfully added item
[05:48:19] [INFO] : registerDataGridView Loaded
[05:48:23] [INFO] : registerDataGridView Successfully added item
[05:48:23] [INFO] : registerDataGridView Loaded
[05:48:29] [INFO] : ---------------------------------------------------------------------------------------
[05:48:29] [INFO] : Loading Main.Program
[05:48:29] [INFO] : Employee Loaded
[05:48:29] [INFO] : onStartup Loaded
[05:48:29] [INFO] : registerItemsInComboBox Loaded
[05:48:29] [INFO] : EmployeeStartupEvent Loaded
[05:48:29] [INFO] : Employee_Load Loaded
[05:48:29] [INFO] : registerDataGridView Successfully added item
[05:48:29] [INFO] : registerDataGridView Loaded
[05:48:30] [INFO] : onStartup Loaded
[05:48:30] [INFO] : ToppingStartupEvent Loaded
[05:48:30] [INFO] : registerDataGridView Successfully added item
[05:48:30] [INFO] : registerDataGridView Loaded
[05:48:44] [INFO] : registerDataGridView Successfully added item
[05:48:44] [INFO] : registerDataGridView Loaded
[05:48:54] [INFO] : registerDataGridView Successfully added item
[05:48:54] [INFO] : registerDataGridView Loaded
[05:49:41] [INFO] : ---------------------------------------------------------------------------------------
[05:49:41] [INFO] : Loading Main.Program
[05:49:41] [INFO] : Employee Loaded
[05:49:41] [INFO] : onStartup Loaded
[05:49:41] [INFO] : registerItemsInComboBox Loaded
[05:49:41] [INFO] : EmployeeStartupEvent Loaded
[05:49:41] [INFO] : Employee_Load Loaded
[05:49:42] [INFO] : registerDataGridView Successfully added item
[05:49:42] [INFO] : registerDataGridView Loaded
[05:49:42] [INFO] : onStartup Loaded
[05:49:42] [INFO] : ToppingStartupEvent Loaded
[05:49:43] [INFO] : registerDataGridView Successfully added item
[05:49:43] [INFO] : registerDataGridView Loaded
[05:49:51] [INFO] : registerDataGridView Successfully added item
[05:49:51] [INFO] : registerDataGridView Loaded
[05:50:00] [INFO] : registerDataGridView Successfully added item
[05:50:00] [INFO] : registerDataGridView Loaded
[05:50:07] [INFO] : registerDataGridView Successfully added item
[05:50:07] [INFO] : registerDataGridView Loaded
[05:50:10] [INFO] : registerDataGridView Successfully added item
[05:50:10] [INFO] : registerDataGridView Loaded
[05:50:20] [INFO] : ---------------------------------------------------------------------------------------
[05:50:20] [INFO] : Loading Main.Program
[05:50:20] [INFO] : Employee Loaded
[05:50:20] [INFO] : onStartup Loaded
[05:50:20] [INFO] : registerItemsInComboBox Loaded
[05:50:20] [INFO] : EmployeeStartupEvent Loaded
[05:50:20] [INFO] : Employee_Load Loaded
[05:50:20] [INFO] : registerDataGridView Successfully added item
[05:50:20] [INFO] : registerDataGridView Loaded
[05:50:21] [INFO] : onStartup Loaded
[05:50:21] [INFO] : MaterialofDrinkStartupEvent Loaded
[05:50:21] [INFO] : registerDataGridView Successfully added item
[05:50:21] [INFO] : registerDataGridView Loaded
[05:50:21] [INFO] : registerItemsInComboBox Loaded
[05:50:29] [INFO] : ---------------------------------------------------------------------------------------
[05:50:29] [INFO] : Loading Main.Program
[05:50:30] [INFO] : Employee Loaded
[05:50:30] [INFO] : onStartup Loaded
[05:50:30] [INFO] : registerItemsInComboBox Loaded
[05:50:30] [INFO] : EmployeeStartupEvent Loaded
[05:50:30] [INFO] : Employee_Load Loaded
[05:50:30] [INFO] : registerDataGridView Successfully added item
[05:50:30] [INFO] : registerDataGridView Loaded
[05:50:31] [INFO] : onStartup Loaded
[05:50:31] [INFO] : MaterialStartupEvent Loaded
[05:50:31] [INFO] : registerDataGridView Successfully added item
[05:50:31] [INFO] : registerDataGridView Loaded
[05:50:37] [INFO] : registerDataGridView Successfully added item
[05:50:37] [INFO] : registerDataGridView Loaded
[05:50:42] [INFO] : registerDataGridView Successfully added item
[05:50:42] [INFO] : registerDataGridView Loaded
[05:50:49] [INFO] : registerDataGridView Successfully added item
[05:50:49] [INFO] : registerDataGridView Loaded
[05:50:54] [INFO] : registerDataGridView Successfully added item
[05:50:54] [INFO] : registerDataGridView Loaded
[05:50:58] [INFO] : registerDataGridView Successfully added item
[05:50:58] [INFO] : registerDataGridView Loaded
[05:51:04] [INFO] : registerDataGridView Successfully added item
[05:51:04] [INFO] : registerDataGridView Loaded
[05:51:08] [INFO] : ---------------------------------------------------------------------------------------
[05:51:08] [INFO] : Loading Main.Program
[05:51:08] [INFO] : Employee Loaded
[05:51:08] [INFO] : onStartup Loaded
[05:51:08] [INFO] : registerItemsInComboBox Loaded
[05:51:08] [INFO] : EmployeeStartupEvent Loaded
[05:51:08] [INFO] : Employee_Load Loaded
[05:51:08] [INFO] : registerDataGridView Successfully added item
[05:51:08] [INFO] : registerDataGridView Loaded
[05:51:09] [INFO] : onStartup Loaded
[05:51:09] [INFO] : MaterialofDrinkStartupEvent Loaded
[05:51:09] [INFO] : registerDataGridView Successfully added item
[05:51:09] [INFO] : registerDataGridView Loaded
[05:51:09] [INFO] : registerItemsInComboBox Loaded
[05:51:12] [INFO] : registerDataGridView Successfully added item
[05:51:12] [INFO] : registerDataGridView Loaded
[05:51:37] [INFO] : ---------------------------------------------------------------------------------------
[05:51:37] [INFO] : Loading Main.Program
[05:51:37] [INFO] : Employee Loaded
[05:51:37] [INFO] : onStartup Loaded
[05:51:37] [INFO] : registerItemsInComboBox Loaded
[05:51:37] [INFO] : EmployeeStartupEvent Loaded
[05:51:37] [INFO] : Employee_Load Loaded
[05:51:37] [INFO] : registerDataGridView Successfully added item
[05:51:37] [INFO] : registerDataGridView Loaded
[05:51:38] [INFO] : onStartup Loaded
[05:51:38] [INFO] : MaterialofDrinkStartupEvent Loaded
[05:51:38] [INFO] : registerDataGridView Successfully added item
[05:51:38] [INFO] : registerDataGridView Loaded
[05:51:38] [INFO] : registerItemsInComboBox Loaded
[05:52:10] [INFO] : ---------------------------------------------------------------------------------------
[05:52:10] [INFO] : Loading Main.Program
[05:52:10] [INFO] : Employee Loaded
[05:52:10] [INFO] : onStartup Loaded
[05:52:10] [INFO] : registerItemsInComboBox Loaded
[05:52:10] [INFO] : EmployeeStartupEvent Loaded
[05:52:10] [INFO] : Employee_Load Loaded
[05:52:10] [INFO] : registerDataGridView Successfully added item
[05:52:10] [INFO] : registerDataGridView Loaded
[05:52:11] [INFO] : onStartup Loaded
[05:52:11] [INFO] : MaterialofDrinkStartupEvent Loaded
[05:52:12] [INFO] : registerDataGridView Successfully added item
[05:52:12] [INFO] : registerDataGridView Loaded
[05:52:12] [INFO] : registerItemsInComboBox Loaded
[05:52:53] [INFO] : ---------------------------------------------------------------------------------------
[05:52:53] [INFO] : Loading Main.Program
[05:52:53] [INFO] : Employee Loaded
[05:52:53] [INFO] : onStartup Loaded
[05:52:53] [INFO] : registerItemsInComboBox Loaded
[05:52:53] [INFO] : EmployeeStartupEvent Loaded
[05:52:53] [INFO] : Employee_Load Loaded
[05:52:54] [INFO] : registerDataGridView Successfully added item
[05:52:54] [INFO] : registerDataGridView Loaded
[05:52:54] [INFO] : onStartup Loaded
[05:52:54] [INFO] : MaterialofDrinkStartupEvent Loaded
[05:52:54] [INFO] : registerDataGridView Successfully added item
[05:52:54] [INFO] : registerDataGridView Loaded
[05:52:54] [INFO] : registerItemsInComboBox Loaded
[05:53:18] [INFO] : ---------------------------------------------------------------------------------------
[05:53:18] [INFO] : Loading Main.Program
[05:53:18] [INFO] : Employee Loaded
[05:53:18] [INFO] : onStartup Loaded
[05:53:18] [INFO] : registerItemsInComboBox Loaded
[05:53:18] [INFO] : EmployeeStartupEvent Loaded
[05:53:18] [INFO] : Employee_Load Loaded
[05:53:19] [INFO] : registerDataGridView Successfully added item
[05:53:19] [INFO] : registerDataGridView Loaded
[05:53:19] [INFO] : onStartup Loaded
[05:53:19] [INFO] : MaterialofDrinkStartupEvent Loaded
[05:53:19] [INFO] : registerDataGridView Successfully added item
[05:53:19] [INFO] : registerDataGridView Loaded
[05:53:19] [INFO] : registerItemsInComboBox Loaded
[05:53:51] [INFO] : ---------------------------------------------------------------------------------------
[05:53:51] [INFO] : Loading Main.Program
[05:53:51] [INFO] : Employee Loaded
[05:53:51] [INFO] : onStartup Loaded
[05:53:51] [INFO] : registerItemsInComboBox Loaded
[05:53:51] [INFO] : EmployeeStartupEvent Loaded
[05:53:51] [INFO] : Employee_Load Loaded
[05:53:51] [INFO] : registerDataGridView Successfully added item
[05:53:51] [INFO] : registerDataGridView Loaded
[05:53:52] [INFO] : onStartup Loaded
[05:53:52] [INFO] : MaterialofDrinkStartupEvent Loaded
[05:53:52] [INFO] : registerDataGridView Successfully added item
[05:53:52] [INFO] : registerDataGridView Loaded
[05:53:53] [INFO] : registerItemsInComboBox Loaded
[05:57:09] [INFO] : ---------------------------------------------------------------------------------------
[05:57:09] [INFO] : Loading Main.Program
[05:57:09] [INFO] : Employee Loaded
[05:57:09] [INFO] : onStartup Loaded
[05:57:09] [INFO] : registerItemsInComboBox Loaded
[05:57:09] [INFO] : EmployeeStartupEvent Loaded
[05:57:09] [INFO] : Employee_Load Loaded
[05:57:10] [INFO] : registerDataGridView Successfully added item
[05:57:10] [INFO] : registerDataGridView Loaded
[05:57:11] [INFO] : onStartup Loaded
[05:57:11] [INFO] : MaterialofDrinkStartupEvent Loaded
[05:57:11] [INFO] : registerDataGridView Successfully added item
[05:57:11] [INFO] : registerDataGridView Loaded
[05:57:11] [INFO] : registerItemsInComboBox Loaded
[05:59:49] [INFO] : ---------------------------------------------------------------------------------------
[05:59:49] [INFO] : Loading Main.Program
[05:59:49] [INFO] : Employee Loaded
[05:59:49] [INFO] : onStartup Loaded
[05:59:49] [INFO] : registerItemsInComboBox Loaded
[05:59:49] [INFO] : EmployeeStartupEvent Loaded
[05:59:49] [INFO] : Employee_Load Loaded
[05:59:50] [INFO] : registerDataGridView Successfully added item
[05:59:50] [INFO] : registerDataGridView Loaded
[05:59:51] [INFO] : onStartup Loaded
[05:59:51] [INFO] : MaterialofDrinkStartupEvent Loaded
[05:59:51] [INFO] : registerDataGridView Successfully added item
[05:59:51] [INFO] : registerDataGridView Loaded
[05:59:52] [INFO] : registerItemsInComboBox Loaded
[05:59:55] [INFO] : registerDataGridView Successfully added item
[05:59:55] [INFO] : registerDataGridView Loaded
[06:00:13] [INFO] : ---------------------------------------------------------------------------------------
[06:00:13] [INFO] : Loading Main.Program
[06:00:14] [INFO] : Employee Loaded
[06:00:14] [INFO] : onStartup Loaded
[06:00:14] [INFO] : registerItemsInComboBox Loaded
[06:00:14] [INFO] : EmployeeStartupEvent Loaded
[06:00:14] [INFO] : Employee_Load Loaded
[06:00:14] [INFO] : registerDataGridView Successfully added item
[06:00:14] [INFO] : registerDataGridView Loaded
[06:00:15] [INFO] : onStartup Loaded
[06:00:15] [INFO] : MaterialofDrinkStartupEvent Loaded
[06:00:15] [INFO] : registerDataGridView Successfully added item
[06:00:15] [INFO] : registerDataGridView Loaded
[06:00:15] [INFO] : registerItemsInComboBox Loaded
[06:17:11] [INFO] : ---------------------------------------------------------------------------------------
[06:17:11] [INFO] : Loading Main.Program
[06:17:11] [INFO] : Employee Loaded
[06:17:11] [INFO] : onStartup Loaded
[06:17:11] [INFO] : registerItemsInComboBox Loaded
[06:17:11] [INFO] : EmployeeStartupEvent Loaded
[06:17:11] [INFO] : Employee_Load Loaded
[06:17:12] [INFO] : registerDataGridView Successfully added item
[06:17:12] [INFO] : registerDataGridView Loaded
[06:19:06] [INFO] : ---------------------------------------------------------------------------------------
[06:19:06] [INFO] : Loading Main.Program
[06:19:06] [INFO] : Employee Loaded
[06:19:06] [INFO] : onStartup Loaded
[06:19:06] [INFO] : registerItemsInComboBox Loaded
[06:19:06] [INFO] : EmployeeStartupEvent Loaded
[06:19:06] [INFO] : Employee_Load Loaded
[06:19:06] [INFO] : registerDataGridView Successfully added item
[06:19:06] [INFO] : registerDataGridView Loaded
[06:19:07] [INFO] : onStartup Loaded
[06:19:07] [registerItemsInComboBox/ERROR] (OrderDetailEvent/MySqlException) : Unknown column 'ORDER_NAME' in 'field list'
[06:20:03] [INFO] : ---------------------------------------------------------------------------------------
[06:20:03] [INFO] : Loading Main.Program
[06:20:03] [INFO] : Employee Loaded
[06:20:03] [INFO] : onStartup Loaded
[06:20:03] [INFO] : registerItemsInComboBox Loaded
[06:20:03] [INFO] : EmployeeStartupEvent Loaded
[06:20:03] [INFO] : Employee_Load Loaded
[06:20:04] [INFO] : registerDataGridView Successfully added item
[06:20:04] [INFO] : registerDataGridView Loaded
[06:20:04] [INFO] : onStartup Loaded
[06:20:04] [INFO] : registerItemsInComboBox Loaded
[06:20:54] [INFO] : ---------------------------------------------------------------------------------------
[06:20:54] [INFO] : Loading Main.Program
[06:20:54] [INFO] : Employee Loaded
[06:20:54] [INFO] : onStartup Loaded
[06:20:54] [INFO] : registerItemsInComboBox Loaded
[06:20:54] [INFO] : EmployeeStartupEvent Loaded
[06:20:54] [INFO] : Employee_Load Loaded
[06:20:55] [INFO] : registerDataGridView Successfully added item
[06:20:55] [INFO] : registerDataGridView Loaded
[06:20:56] [INFO] : onStartup Loaded
[06:20:56] [INFO] : ToppingStartupEvent Loaded
[06:20:56] [INFO] : registerDataGridView Successfully added item
[06:20:56] [INFO] : registerDataGridView Loaded
[06:21:00] [INFO] : ---------------------------------------------------------------------------------------
[06:21:00] [INFO] : Loading Main.Program
[06:21:00] [INFO] : Employee Loaded
[06:21:00] [INFO] : onStartup Loaded
[06:21:00] [INFO] : registerItemsInComboBox Loaded
[06:21:00] [INFO] : EmployeeStartupEvent Loaded
[06:21:00] [INFO] : Employee_Load Loaded
[06:21:01] [INFO] : registerDataGridView Successfully added item
[06:21:01] [INFO] : registerDataGridView Loaded
[06:21:03] [INFO] : onStartup Loaded
[06:21:03] [INFO] : registerItemsInComboBox Loaded
[06:21:38] [INFO] : ---------------------------------------------------------------------------------------
[06:21:38] [INFO] : Loading Main.Program
[06:21:38] [INFO] : Employee Loaded
[06:21:38] [INFO] : onStartup Loaded
[06:21:38] [INFO] : registerItemsInComboBox Loaded
[06:21:38] [INFO] : EmployeeStartupEvent Loaded
[06:21:38] [INFO] : Employee_Load Loaded
[06:21:39] [INFO] : registerDataGridView Successfully added item
[06:21:39] [INFO] : registerDataGridView Loaded
[06:21:39] [INFO] : onStartup Loaded
[06:21:39] [INFO] : registerItemsInComboBox Loaded
[06:26:18] [INFO] : ---------------------------------------------------------------------------------------
[06:26:18] [INFO] : Loading Main.Program
[06:26:18] [INFO] : Employee Loaded
[06:26:18] [INFO] : onStartup Loaded
[06:26:18] [INFO] : registerItemsInComboBox Loaded
[06:26:18] [INFO] : EmployeeStartupEvent Loaded
[06:26:18] [INFO] : Employee_Load Loaded
[06:26:19] [INFO] : registerDataGridView Successfully added item
[06:26:19] [INFO] : registerDataGridView Loaded
[06:26:22] [INFO] : onStartup Loaded
[06:26:22] [INFO] : registerDataGridView Successfully added item
[06:26:22] [INFO] : registerDataGridView Loaded
[06:26:23] [INFO] : registerItemsInComboBox Loaded
[06:33:51] [INFO] : ---------------------------------------------------------------------------------------
[06:33:51] [INFO] : Loading Main.Program
[06:33:51] [INFO] : Employee Loaded
[06:33:51] [INFO] : onStartup Loaded
[06:33:51] [INFO] : registerItemsInComboBox Loaded
[06:33:51] [INFO] : EmployeeStartupEvent Loaded
[06:33:51] [INFO] : Employee_Load Loaded
[06:33:51] [INFO] : registerDataGridView Successfully added item
[06:33:51] [INFO] : registerDataGridView Loaded
[06:33:52] [INFO] : onStartup Loaded
[06:33:52] [INFO] : registerDataGridView Successfully added item
[06:33:52] [INFO] : registerDataGridView Loaded
[06:33:52] [INFO] : registerItemsInComboBox Loaded
[06:41:55] [INFO] : ---------------------------------------------------------------------------------------
[06:41:55] [INFO] : Loading Main.Program
[06:41:55] [INFO] : Employee Loaded
[06:41:55] [INFO] : onStartup Loaded
[06:41:55] [INFO] : registerItemsInComboBox Loaded
[06:41:55] [INFO] : EmployeeStartupEvent Loaded
[06:41:55] [INFO] : Employee_Load Loaded
[06:41:55] [INFO] : registerDataGridView Successfully added item
[06:41:55] [INFO] : registerDataGridView Loaded
[06:41:56] [INFO] : onStartup Loaded
[06:41:56] [INFO] : registerDataGridView Successfully added item
[06:41:56] [INFO] : registerDataGridView Loaded
[06:41:56] [INFO] : registerItemsInComboBox Loaded
[06:51:19] [INFO] : ---------------------------------------------------------------------------------------
[06:51:19] [INFO] : Loading Main.Program
[06:51:19] [INFO] : Employee Loaded
[06:51:20] [INFO] : onStartup Loaded
[06:51:20] [INFO] : registerItemsInComboBox Loaded
[06:51:20] [INFO] : EmployeeStartupEvent Loaded
[06:51:20] [INFO] : Employee_Load Loaded
[06:51:20] [INFO] : registerDataGridView Successfully added item
[06:51:20] [INFO] : registerDataGridView Loaded
[06:51:21] [INFO] : onStartup Loaded
[06:51:21] [INFO] : OrderDetailStartupEvent Loaded
[06:51:21] [INFO] : registerDataGridView Successfully added item
[06:51:21] [INFO] : registerDataGridView Loaded
[06:51:21] [INFO] : registerItemsInComboBox Loaded
[06:51:29] [INFO] : registerDataGridView Successfully added item
[06:51:29] [INFO] : registerDataGridView Loaded
[06:51:42] [INFO] : registerDataGridView Successfully added item
[06:51:42] [INFO] : registerDataGridView Loaded
[06:51:47] [INFO] : registerDataGridView Successfully added item
[06:51:47] [INFO] : registerDataGridView Loaded
[06:51:56] [INFO] : registerDataGridView Successfully added item
[06:51:56] [INFO] : registerDataGridView Loaded
