[14:35:25] [INFO] : Main.Main Loaded
[14:35:49] [INFO] : Main.Main Loaded
[14:37:38] [INFO] : Main.Main Loaded
[14:42:22] [INFO] : Main.Main Loaded
[14:42:22] [INFO] : Main.Main Loaded
[14:42:45] [INFO] : Main.Main Loaded
[14:42:46] [INFO] : Main.Main Loaded
[14:44:18] [INFO] : Main.Main Loaded
[14:44:18] [INFO] : Main.Main Loaded
[14:44:54] [INFO] : Main.Main Loaded
[14:44:54] [INFO] : Main.Main Loaded
[14:46:38] [INFO] : Main.Main Loaded
[14:46:38] [INFO] : Main.Main Loaded
[14:48:10] [INFO] : Loading Main.Main
[14:48:10] [INFO] : Main.Main Loaded
[14:58:47] [INFO] : Loading Main.Main
[14:58:47] [INFO] : Main.Main Loaded
[14:59:52] [INFO] : Loading Main.Employee
[14:59:52] [INFO] : Main.Employee Loaded
[15:03:02] [INFO] : Loading Main.Employee
[15:03:02] [INFO] : Main.Employee Loaded
[15:03:17] [INFO] : Loading Main.Employee
[15:03:17] [INFO] : Main.Employee Loaded
[15:21:29] [INFO] : Loading Main.Employee
[15:21:29] [INFO] : Main.Employee Loaded
[15:22:01] [INFO] : Loading Main.Employee
[15:22:01] [INFO] : Main.Employee Loaded
[15:22:51] [INFO] : Loading Main.Employee
[15:22:51] [INFO] : Main.Employee Loaded
[15:23:54] [INFO] : Loading Main.Employee
[15:23:54] [INFO] : Main.Employee Loaded
[15:24:10] [INFO] : Loading Main.Employee
[15:24:10] [INFO] : Main.Employee Loaded
[16:54:54] [INFO] : Loading Main.Employee
[16:54:54] [INFO] : Main.Employee Loaded
[16:55:16] [INFO] : Loading Main.Program
[16:55:16] [INFO] : Main.Employee Loaded
[16:55:45] [INFO] : Loading Main.Program
[16:55:45] [INFO] : Loading Main.Employee
[16:55:45] [INFO] : Main.Employee Loaded
[16:56:03] [INFO] : Loading Main.Program
[16:56:03] [INFO] : Loading Main.Employee
[16:56:03] [INFO] : Main.Employee Loaded
[17:20:56] [INFO] : Loading Main.Program
[17:20:56] [INFO] : Loading Main.Employee
[17:20:56] [INFO] : Main.Employee Loaded
[17:21:42] [INFO] : Loading Main.Program
[17:21:42] [INFO] : Loading Main.Employee
[17:21:42] [INFO] : Main.Employee Loaded
[17:22:22] [INFO] : Loading Main.Program
[17:22:22] [INFO] : Loading Main.Employee
[17:22:22] [INFO] : Main.Employee Loaded
[17:26:23] [INFO] : Loading Main.Program
[17:26:23] [INFO] : Loading Main.Employee
[17:26:23] [INFO] : Main.Employee Loaded
[17:35:50] [INFO] : Loading Main.Program
[17:35:50] [INFO] : Loading Main.Employee
[17:35:50] [INFO] : Main.Employee Loaded
[17:38:14] [INFO] : Loading Main.Program
[17:38:14] [INFO] : Loading Main.Employee
[17:38:14] [INFO] : Main.Employee Loaded
[17:40:03] [INFO] : Loading Main.Program
[17:40:03] [INFO] : Loading Main.Employee
[17:40:03] [INFO] : Main.Employee Loaded
[17:40:03] [INFO] : Main.Event.EmployeeEvent.EmployeeStartupEvent Loaded
[17:41:06] [INFO] : Loading Main.Program
[17:41:06] [INFO] : Loading Main.Employee
[17:41:06] [INFO] : Main.Employee Loaded
[17:41:06] [INFO] : Loading Main.Event.EmployeeEvent.EmployeeStartupEvent
[17:41:06] [INFO] : Main.Event.EmployeeEvent.EmployeeStartupEvent Loaded
[17:43:03] [INFO] : Loading Main.Program
[17:43:03] [INFO] : Main.Employee Loaded
[17:43:03] [INFO] : Main.Event.EmployeeEvent.EmployeeStartupEvent Loaded
[17:43:03] [INFO] : Employee_Load Loaded
[17:43:37] [INFO] : Loading Main.Program
[17:43:38] [INFO] : Employee Loaded
[17:43:38] [INFO] : EmployeeStartupEvent Loaded
[17:43:38] [INFO] : Employee_Load Loaded
[17:46:03] [INFO] : Loading Main.Program
[17:46:03] [INFO] : Employee Loaded
[17:46:03] [INFO] : EmployeeStartupEvent Loaded
[17:46:03] [INFO] : Employee_Load Loaded
[17:55:48] [INFO] : Loading Main.Program
[17:55:48] [INFO] : Employee Loaded
[17:55:48] [INFO] : EmployeeStartupEvent Loaded
[17:55:48] [INFO] : Employee_Load Loaded
[17:56:16] [INFO] : Loading Main.Program
[17:56:16] [INFO] : Employee Loaded
[17:56:16] [INFO] : EmployeeStartupEvent Loaded
[17:56:16] [INFO] : Employee_Load Loaded
